<!DOCTYPE html>
<html>
  <head>
    <meta charset="utf-8"/>
    <title id="head-title">report.html</title>
      <link href="assets\style.css" rel="stylesheet" type="text/css"/>
  </head>
  <body>
    <h1 id="title">report.html</h1>
    <p>Report generated on 08-Jan-2024 at 12:45:53 by <a href="https://pypi.python.org/pypi/pytest-html">pytest-html</a>
        v4.1.1</p>
    <div id="environment-header">
      <h2>Environment</h2>
    </div>
    <table id="environment"></table>
    <!-- TEMPLATES -->
      <template id="template_environment_row">
      <tr>
        <td></td>
        <td></td>
      </tr>
    </template>
    <template id="template_results-table__body--empty">
      <tbody class="results-table-row">
        <tr id="not-found-message">
          <td colspan="4">No results found. Check the filters.</th>
        </tr>
    </template>
    <template id="template_results-table__tbody">
      <tbody class="results-table-row">
        <tr class="collapsible">
        </tr>
        <tr class="extras-row">
          <td class="extra" colspan="4">
            <div class="extraHTML"></div>
            <div class="media">
              <div class="media-container">
                  <div class="media-container__nav--left"><</div>
                  <div class="media-container__viewport">
                    <img src="" />
                    <video controls>
                      <source src="" type="video/mp4">
                    </video>
                  </div>
                  <div class="media-container__nav--right">></div>
                </div>
                <div class="media__name"></div>
                <div class="media__counter"></div>
            </div>
            <div class="logwrapper">
              <div class="logexpander"></div>
              <div class="log"></div>
            </div>
          </td>
        </tr>
      </tbody>
    </template>
    <!-- END TEMPLATES -->
    <div class="summary">
      <div class="summary__data">
        <h2>Summary</h2>
        <div class="additional-summary prefix">
        </div>
        <p class="run-count">97 tests took 00:01:39.</p>
        <p class="filter">(Un)check the boxes to filter the results.</p>
        <div class="summary__reload">
          <div class="summary__reload__button hidden" onclick="location.reload()">
            <div>There are still tests running. <br />Reload this page to get the latest results!</div>
          </div>
        </div>
        <div class="summary__spacer"></div>
        <div class="controls">
          <div class="filters">
            <input checked="true" class="filter" name="filter_checkbox" type="checkbox" data-test-result="failed" />
            <span class="failed">14 Failed,</span>
            <input checked="true" class="filter" name="filter_checkbox" type="checkbox" data-test-result="passed" />
            <span class="passed">83 Passed,</span>
            <input checked="true" class="filter" name="filter_checkbox" type="checkbox" data-test-result="skipped" disabled/>
            <span class="skipped">0 Skipped,</span>
            <input checked="true" class="filter" name="filter_checkbox" type="checkbox" data-test-result="xfailed" disabled/>
            <span class="xfailed">0 Expected failures,</span>
            <input checked="true" class="filter" name="filter_checkbox" type="checkbox" data-test-result="xpassed" disabled/>
            <span class="xpassed">0 Unexpected passes,</span>
            <input checked="true" class="filter" name="filter_checkbox" type="checkbox" data-test-result="error" disabled/>
            <span class="error">0 Errors,</span>
            <input checked="true" class="filter" name="filter_checkbox" type="checkbox" data-test-result="rerun" disabled/>
            <span class="rerun">0 Reruns</span>
          </div>
          <div class="collapse">
            <button id="show_all_details">Show all details</button>&nbsp;/&nbsp;<button id="hide_all_details">Hide all details</button>
          </div>
        </div>
      </div>
      <div class="additional-summary summary">
      </div>
      <div class="additional-summary postfix">
      </div>
    </div>
    <table id="results-table">
      <thead id="results-table-head">
        <tr>
          <th class="sortable" data-column-type="result">Result</th>
          <th class="sortable" data-column-type="testId">Test</th>
          <th class="sortable" data-column-type="duration">Duration</th>
          <th>Links</th>
        </tr>
      </thead>
    </table>
  </body>
  <footer>
    <div id="data-container" data-jsonblob="{&#34;environment&#34;: {&#34;Python&#34;: &#34;3.9.13&#34;, &#34;Platform&#34;: &#34;Windows-10-10.0.19045-SP0&#34;, &#34;Packages&#34;: {&#34;pytest&#34;: &#34;7.4.4&#34;, &#34;pluggy&#34;: &#34;1.3.0&#34;}, &#34;Plugins&#34;: {&#34;anyio&#34;: &#34;3.6.2&#34;, &#34;Faker&#34;: &#34;19.3.1&#34;, &#34;html&#34;: &#34;4.1.1&#34;, &#34;metadata&#34;: &#34;3.0.0&#34;}, &#34;JAVA_HOME&#34;: &#34;C:\\Program Files\\Amazon Corretto\\jdk11.0.16_9&#34;}, &#34;tests&#34;: {&#34;TestExecution.py::test_execute_users[create_user_test-abcdabcdabcdabcdabcdabcdabcdabcdabcdabcdabcdabcdabcdabcdabcdabcdabcdabcdabcdabcdabcdabcdabcdabcdabcdabcdabcdabcdabcdabcdabcdabcdabcdabcdabcdabcdabcdabcdabcdabcdabcdabcdabcdabcdabcdabcdabcdabcdabcdabcdabcdabcdabcdabcdabcdabcdabcdabcdabcdabcdabcdabcdabcdabcdabcdabcdabcdabcdabcdabcdabcdabcdabcdabcdabcd-username-nan-firstName-lastName-email-password-phone-0-500]&#34;: [{&#34;extras&#34;: [], &#34;result&#34;: &#34;Passed&#34;, &#34;testId&#34;: &#34;TestExecution.py::test_execute_users[create_user_test-abcdabcdabcdabcdabcdabcdabcdabcdabcdabcdabcdabcdabcdabcdabcdabcdabcdabcdabcdabcdabcdabcdabcdabcdabcdabcdabcdabcdabcdabcdabcdabcdabcdabcdabcdabcdabcdabcdabcdabcdabcdabcdabcdabcdabcdabcdabcdabcdabcdabcdabcdabcdabcdabcdabcdabcdabcdabcdabcdabcdabcdabcdabcdabcdabcdabcdabcdabcdabcdabcdabcdabcdabcdabcdabcd-username-nan-firstName-lastName-email-password-phone-0-500]&#34;, &#34;duration&#34;: &#34;00:00:02&#34;, &#34;resultsTableRow&#34;: [&#34;&lt;td class=\&#34;col-result\&#34;&gt;Passed&lt;/td&gt;&#34;, &#34;&lt;td class=\&#34;col-testId\&#34;&gt;TestExecution.py::test_execute_users[create_user_test-abcdabcdabcdabcdabcdabcdabcdabcdabcdabcdabcdabcdabcdabcdabcdabcdabcdabcdabcdabcdabcdabcdabcdabcdabcdabcdabcdabcdabcdabcdabcdabcdabcdabcdabcdabcdabcdabcdabcdabcdabcdabcdabcdabcdabcdabcdabcdabcdabcdabcdabcdabcdabcdabcdabcdabcdabcdabcdabcdabcdabcdabcdabcdabcdabcdabcdabcdabcdabcdabcdabcdabcdabcdabcdabcd-username-nan-firstName-lastName-email-password-phone-0-500]&lt;/td&gt;&#34;, &#34;&lt;td class=\&#34;col-duration\&#34;&gt;00:00:02&lt;/td&gt;&#34;, &#34;&lt;td class=\&#34;col-links\&#34;&gt;&lt;/td&gt;&#34;], &#34;log&#34;: &#34;----------------------------- Captured stdout call -----------------------------\nInitialization of UserEndPoints class\nInitialization of API class\n&#34;}], &#34;TestExecution.py::test_execute_users[create_user_test-0-gsture7-nan-Galvin-Sture-gsture7@alexa.com-uB5=QdTt.2zyG}CZ-712-347-5792-abcdabcdabcdabcdabcdabcdabcdabcdabcdabcdabcdabcdabcdabcdabcdabcdabcdabcdabcdabcdabcdabcdabcdabcdabcdabcdabcdabcdabcdabcdabcdabcdabcdabcdabcdabcdabcdabcdabcdabcdabcdabcdabcdabcdabcdabcdabcdabcdabcdabcdabcdabcdabcdabcdabcdabcdabcdabcdabcdabcdabcdabcdabcdabcdabcdabcdabcdabcdabcdabcdabcdabcdabcdabcdabcd-500]&#34;: [{&#34;extras&#34;: [], &#34;result&#34;: &#34;Passed&#34;, &#34;testId&#34;: &#34;TestExecution.py::test_execute_users[create_user_test-0-gsture7-nan-Galvin-Sture-gsture7@alexa.com-uB5=QdTt.2zyG}CZ-712-347-5792-abcdabcdabcdabcdabcdabcdabcdabcdabcdabcdabcdabcdabcdabcdabcdabcdabcdabcdabcdabcdabcdabcdabcdabcdabcdabcdabcdabcdabcdabcdabcdabcdabcdabcdabcdabcdabcdabcdabcdabcdabcdabcdabcdabcdabcdabcdabcdabcdabcdabcdabcdabcdabcdabcdabcdabcdabcdabcdabcdabcdabcdabcdabcdabcdabcdabcdabcdabcdabcdabcdabcdabcdabcdabcdabcd-500]&#34;, &#34;duration&#34;: &#34;00:00:01&#34;, &#34;resultsTableRow&#34;: [&#34;&lt;td class=\&#34;col-result\&#34;&gt;Passed&lt;/td&gt;&#34;, &#34;&lt;td class=\&#34;col-testId\&#34;&gt;TestExecution.py::test_execute_users[create_user_test-0-gsture7-nan-Galvin-Sture-gsture7@alexa.com-uB5=QdTt.2zyG}CZ-712-347-5792-abcdabcdabcdabcdabcdabcdabcdabcdabcdabcdabcdabcdabcdabcdabcdabcdabcdabcdabcdabcdabcdabcdabcdabcdabcdabcdabcdabcdabcdabcdabcdabcdabcdabcdabcdabcdabcdabcdabcdabcdabcdabcdabcdabcdabcdabcdabcdabcdabcdabcdabcdabcdabcdabcdabcdabcdabcdabcdabcdabcdabcdabcdabcdabcdabcdabcdabcdabcdabcdabcdabcdabcdabcdabcdabcd-500]&lt;/td&gt;&#34;, &#34;&lt;td class=\&#34;col-duration\&#34;&gt;00:00:01&lt;/td&gt;&#34;, &#34;&lt;td class=\&#34;col-links\&#34;&gt;&lt;/td&gt;&#34;], &#34;log&#34;: &#34;----------------------------- Captured stdout call -----------------------------\nInitialization of UserEndPoints class\n&#34;}], &#34;TestExecution.py::test_execute_users[create_user_test-1-tquirke0-nan-Thom-Quirke-tquirke0@si.edu-bR0\&#34;ZkydOOA$-259-873-7141-1-200]&#34;: [{&#34;extras&#34;: [], &#34;result&#34;: &#34;Passed&#34;, &#34;testId&#34;: &#34;TestExecution.py::test_execute_users[create_user_test-1-tquirke0-nan-Thom-Quirke-tquirke0@si.edu-bR0\&#34;ZkydOOA$-259-873-7141-1-200]&#34;, &#34;duration&#34;: &#34;00:00:01&#34;, &#34;resultsTableRow&#34;: [&#34;&lt;td class=\&#34;col-result\&#34;&gt;Passed&lt;/td&gt;&#34;, &#34;&lt;td class=\&#34;col-testId\&#34;&gt;TestExecution.py::test_execute_users[create_user_test-1-tquirke0-nan-Thom-Quirke-tquirke0@si.edu-bR0\&#34;ZkydOOA$-259-873-7141-1-200]&lt;/td&gt;&#34;, &#34;&lt;td class=\&#34;col-duration\&#34;&gt;00:00:01&lt;/td&gt;&#34;, &#34;&lt;td class=\&#34;col-links\&#34;&gt;&lt;/td&gt;&#34;], &#34;log&#34;: &#34;----------------------------- Captured stdout call -----------------------------\nInitialization of UserEndPoints class\n&#34;}], &#34;TestExecution.py::test_execute_users[create_user_test-2-%^&amp;%^&amp;%^&amp;-nan-Purcell-Harcombe-pharcombe1@cmu.edu-vS8}&amp;&amp;6?|-893-763-3832-2-200]&#34;: [{&#34;extras&#34;: [], &#34;result&#34;: &#34;Passed&#34;, &#34;testId&#34;: &#34;TestExecution.py::test_execute_users[create_user_test-2-%^&amp;%^&amp;%^&amp;-nan-Purcell-Harcombe-pharcombe1@cmu.edu-vS8}&amp;&amp;6?|-893-763-3832-2-200]&#34;, &#34;duration&#34;: &#34;968 ms&#34;, &#34;resultsTableRow&#34;: [&#34;&lt;td class=\&#34;col-result\&#34;&gt;Passed&lt;/td&gt;&#34;, &#34;&lt;td class=\&#34;col-testId\&#34;&gt;TestExecution.py::test_execute_users[create_user_test-2-%^&amp;%^&amp;%^&amp;-nan-Purcell-Harcombe-pharcombe1@cmu.edu-vS8}&amp;&amp;6?|-893-763-3832-2-200]&lt;/td&gt;&#34;, &#34;&lt;td class=\&#34;col-duration\&#34;&gt;968 ms&lt;/td&gt;&#34;, &#34;&lt;td class=\&#34;col-links\&#34;&gt;&lt;/td&gt;&#34;], &#34;log&#34;: &#34;----------------------------- Captured stdout call -----------------------------\nInitialization of UserEndPoints class\n&#34;}], &#34;TestExecution.py::test_execute_users[create_user_test-3-grosenthaler2-nan-%^&amp;%^&amp;%^&amp;-Rosenthaler-grosenthaler2@kickstarter.com-dF7.q|toR-423-874-5599-3-200]&#34;: [{&#34;extras&#34;: [], &#34;result&#34;: &#34;Passed&#34;, &#34;testId&#34;: &#34;TestExecution.py::test_execute_users[create_user_test-3-grosenthaler2-nan-%^&amp;%^&amp;%^&amp;-Rosenthaler-grosenthaler2@kickstarter.com-dF7.q|toR-423-874-5599-3-200]&#34;, &#34;duration&#34;: &#34;00:00:01&#34;, &#34;resultsTableRow&#34;: [&#34;&lt;td class=\&#34;col-result\&#34;&gt;Passed&lt;/td&gt;&#34;, &#34;&lt;td class=\&#34;col-testId\&#34;&gt;TestExecution.py::test_execute_users[create_user_test-3-grosenthaler2-nan-%^&amp;%^&amp;%^&amp;-Rosenthaler-grosenthaler2@kickstarter.com-dF7.q|toR-423-874-5599-3-200]&lt;/td&gt;&#34;, &#34;&lt;td class=\&#34;col-duration\&#34;&gt;00:00:01&lt;/td&gt;&#34;, &#34;&lt;td class=\&#34;col-links\&#34;&gt;&lt;/td&gt;&#34;], &#34;log&#34;: &#34;----------------------------- Captured stdout call -----------------------------\nInitialization of UserEndPoints class\n&#34;}], &#34;TestExecution.py::test_execute_users[create_user_test-4-dbunkle3-nan-Dian-%^&amp;%^&amp;%^&amp;-dbunkle3@amazon.de-fY4_sXZx=Y%0-115-641-4814-4-200]&#34;: [{&#34;extras&#34;: [], &#34;result&#34;: &#34;Passed&#34;, &#34;testId&#34;: &#34;TestExecution.py::test_execute_users[create_user_test-4-dbunkle3-nan-Dian-%^&amp;%^&amp;%^&amp;-dbunkle3@amazon.de-fY4_sXZx=Y%0-115-641-4814-4-200]&#34;, &#34;duration&#34;: &#34;00:00:01&#34;, &#34;resultsTableRow&#34;: [&#34;&lt;td class=\&#34;col-result\&#34;&gt;Passed&lt;/td&gt;&#34;, &#34;&lt;td class=\&#34;col-testId\&#34;&gt;TestExecution.py::test_execute_users[create_user_test-4-dbunkle3-nan-Dian-%^&amp;%^&amp;%^&amp;-dbunkle3@amazon.de-fY4_sXZx=Y%0-115-641-4814-4-200]&lt;/td&gt;&#34;, &#34;&lt;td class=\&#34;col-duration\&#34;&gt;00:00:01&lt;/td&gt;&#34;, &#34;&lt;td class=\&#34;col-links\&#34;&gt;&lt;/td&gt;&#34;], &#34;log&#34;: &#34;----------------------------- Captured stdout call -----------------------------\nInitialization of UserEndPoints class\n&#34;}], &#34;TestExecution.py::test_execute_users[create_user_test-5-mbrixey4-nan-Marabel-Brixey-%^&amp;%^&amp;%^&amp;-tG6+Xynk7@K,J$&#39;-519-444-7692-5-200]&#34;: [{&#34;extras&#34;: [], &#34;result&#34;: &#34;Passed&#34;, &#34;testId&#34;: &#34;TestExecution.py::test_execute_users[create_user_test-5-mbrixey4-nan-Marabel-Brixey-%^&amp;%^&amp;%^&amp;-tG6+Xynk7@K,J$&#39;-519-444-7692-5-200]&#34;, &#34;duration&#34;: &#34;00:00:01&#34;, &#34;resultsTableRow&#34;: [&#34;&lt;td class=\&#34;col-result\&#34;&gt;Passed&lt;/td&gt;&#34;, &#34;&lt;td class=\&#34;col-testId\&#34;&gt;TestExecution.py::test_execute_users[create_user_test-5-mbrixey4-nan-Marabel-Brixey-%^&amp;%^&amp;%^&amp;-tG6+Xynk7@K,J$&#39;-519-444-7692-5-200]&lt;/td&gt;&#34;, &#34;&lt;td class=\&#34;col-duration\&#34;&gt;00:00:01&lt;/td&gt;&#34;, &#34;&lt;td class=\&#34;col-links\&#34;&gt;&lt;/td&gt;&#34;], &#34;log&#34;: &#34;----------------------------- Captured stdout call -----------------------------\nInitialization of UserEndPoints class\n&#34;}], &#34;TestExecution.py::test_execute_users[create_user_test-6-jrosenbloom5-nan-Jewel-Rosenbloom-jrosenbloom5@booking.com-%^&amp;%^&amp;%^&amp;-928-410-9006-6-200]&#34;: [{&#34;extras&#34;: [], &#34;result&#34;: &#34;Passed&#34;, &#34;testId&#34;: &#34;TestExecution.py::test_execute_users[create_user_test-6-jrosenbloom5-nan-Jewel-Rosenbloom-jrosenbloom5@booking.com-%^&amp;%^&amp;%^&amp;-928-410-9006-6-200]&#34;, &#34;duration&#34;: &#34;00:00:01&#34;, &#34;resultsTableRow&#34;: [&#34;&lt;td class=\&#34;col-result\&#34;&gt;Passed&lt;/td&gt;&#34;, &#34;&lt;td class=\&#34;col-testId\&#34;&gt;TestExecution.py::test_execute_users[create_user_test-6-jrosenbloom5-nan-Jewel-Rosenbloom-jrosenbloom5@booking.com-%^&amp;%^&amp;%^&amp;-928-410-9006-6-200]&lt;/td&gt;&#34;, &#34;&lt;td class=\&#34;col-duration\&#34;&gt;00:00:01&lt;/td&gt;&#34;, &#34;&lt;td class=\&#34;col-links\&#34;&gt;&lt;/td&gt;&#34;], &#34;log&#34;: &#34;----------------------------- Captured stdout call -----------------------------\nInitialization of UserEndPoints class\n&#34;}], &#34;TestExecution.py::test_execute_users[create_user_test-7-kbearham6-nan-Katti-Bearham-kbearham6@chicagotribune.com-mF6\&#34;IZ(yxk-%^&amp;%^&amp;%^&amp;-7-200]&#34;: [{&#34;extras&#34;: [], &#34;result&#34;: &#34;Passed&#34;, &#34;testId&#34;: &#34;TestExecution.py::test_execute_users[create_user_test-7-kbearham6-nan-Katti-Bearham-kbearham6@chicagotribune.com-mF6\&#34;IZ(yxk-%^&amp;%^&amp;%^&amp;-7-200]&#34;, &#34;duration&#34;: &#34;976 ms&#34;, &#34;resultsTableRow&#34;: [&#34;&lt;td class=\&#34;col-result\&#34;&gt;Passed&lt;/td&gt;&#34;, &#34;&lt;td class=\&#34;col-testId\&#34;&gt;TestExecution.py::test_execute_users[create_user_test-7-kbearham6-nan-Katti-Bearham-kbearham6@chicagotribune.com-mF6\&#34;IZ(yxk-%^&amp;%^&amp;%^&amp;-7-200]&lt;/td&gt;&#34;, &#34;&lt;td class=\&#34;col-duration\&#34;&gt;976 ms&lt;/td&gt;&#34;, &#34;&lt;td class=\&#34;col-links\&#34;&gt;&lt;/td&gt;&#34;], &#34;log&#34;: &#34;----------------------------- Captured stdout call -----------------------------\nInitialization of UserEndPoints class\n&#34;}], &#34;TestExecution.py::test_execute_users[create_user_test-nan-clehuquet8-nan-Caria-Le Huquet-clehuquet8@nytimes.com-tL0\&#34;KbJHj8&lt;OU&#39;0-213-890-7899-8-400]&#34;: [{&#34;extras&#34;: [], &#34;result&#34;: &#34;Passed&#34;, &#34;testId&#34;: &#34;TestExecution.py::test_execute_users[create_user_test-nan-clehuquet8-nan-Caria-Le Huquet-clehuquet8@nytimes.com-tL0\&#34;KbJHj8&lt;OU&#39;0-213-890-7899-8-400]&#34;, &#34;duration&#34;: &#34;00:00:01&#34;, &#34;resultsTableRow&#34;: [&#34;&lt;td class=\&#34;col-result\&#34;&gt;Passed&lt;/td&gt;&#34;, &#34;&lt;td class=\&#34;col-testId\&#34;&gt;TestExecution.py::test_execute_users[create_user_test-nan-clehuquet8-nan-Caria-Le Huquet-clehuquet8@nytimes.com-tL0\&#34;KbJHj8&lt;OU&#39;0-213-890-7899-8-400]&lt;/td&gt;&#34;, &#34;&lt;td class=\&#34;col-duration\&#34;&gt;00:00:01&lt;/td&gt;&#34;, &#34;&lt;td class=\&#34;col-links\&#34;&gt;&lt;/td&gt;&#34;], &#34;log&#34;: &#34;----------------------------- Captured stdout call -----------------------------\nInitialization of UserEndPoints class\n&#34;}], &#34;TestExecution.py::test_execute_users[create_user_test-8-nan-nan-Jenna-McAnellye-jmcanellye9@npr.org-pO8_\\\\lZf+)-554-381-9620-9-400]&#34;: [{&#34;extras&#34;: [], &#34;result&#34;: &#34;Passed&#34;, &#34;testId&#34;: &#34;TestExecution.py::test_execute_users[create_user_test-8-nan-nan-Jenna-McAnellye-jmcanellye9@npr.org-pO8_\\\\lZf+)-554-381-9620-9-400]&#34;, &#34;duration&#34;: &#34;988 ms&#34;, &#34;resultsTableRow&#34;: [&#34;&lt;td class=\&#34;col-result\&#34;&gt;Passed&lt;/td&gt;&#34;, &#34;&lt;td class=\&#34;col-testId\&#34;&gt;TestExecution.py::test_execute_users[create_user_test-8-nan-nan-Jenna-McAnellye-jmcanellye9@npr.org-pO8_\\\\lZf+)-554-381-9620-9-400]&lt;/td&gt;&#34;, &#34;&lt;td class=\&#34;col-duration\&#34;&gt;988 ms&lt;/td&gt;&#34;, &#34;&lt;td class=\&#34;col-links\&#34;&gt;&lt;/td&gt;&#34;], &#34;log&#34;: &#34;----------------------------- Captured stdout call -----------------------------\nInitialization of UserEndPoints class\n&#34;}], &#34;TestExecution.py::test_execute_users[create_user_test-9-pelfleeta-nan-nan-Elfleet-pelfleeta@marriott.com-rP2}&gt;\\\\(8/o-518-845-6484-10-400]&#34;: [{&#34;extras&#34;: [], &#34;result&#34;: &#34;Passed&#34;, &#34;testId&#34;: &#34;TestExecution.py::test_execute_users[create_user_test-9-pelfleeta-nan-nan-Elfleet-pelfleeta@marriott.com-rP2}&gt;\\\\(8/o-518-845-6484-10-400]&#34;, &#34;duration&#34;: &#34;998 ms&#34;, &#34;resultsTableRow&#34;: [&#34;&lt;td class=\&#34;col-result\&#34;&gt;Passed&lt;/td&gt;&#34;, &#34;&lt;td class=\&#34;col-testId\&#34;&gt;TestExecution.py::test_execute_users[create_user_test-9-pelfleeta-nan-nan-Elfleet-pelfleeta@marriott.com-rP2}&gt;\\\\(8/o-518-845-6484-10-400]&lt;/td&gt;&#34;, &#34;&lt;td class=\&#34;col-duration\&#34;&gt;998 ms&lt;/td&gt;&#34;, &#34;&lt;td class=\&#34;col-links\&#34;&gt;&lt;/td&gt;&#34;], &#34;log&#34;: &#34;----------------------------- Captured stdout call -----------------------------\nInitialization of UserEndPoints class\n&#34;}], &#34;TestExecution.py::test_execute_users[create_user_test-10-kbulstrodeb-nan-Kalli-nan-kbulstrodeb@microsoft.com-cF6*4bdTA-315-881-9458-11-400]&#34;: [{&#34;extras&#34;: [], &#34;result&#34;: &#34;Passed&#34;, &#34;testId&#34;: &#34;TestExecution.py::test_execute_users[create_user_test-10-kbulstrodeb-nan-Kalli-nan-kbulstrodeb@microsoft.com-cF6*4bdTA-315-881-9458-11-400]&#34;, &#34;duration&#34;: &#34;980 ms&#34;, &#34;resultsTableRow&#34;: [&#34;&lt;td class=\&#34;col-result\&#34;&gt;Passed&lt;/td&gt;&#34;, &#34;&lt;td class=\&#34;col-testId\&#34;&gt;TestExecution.py::test_execute_users[create_user_test-10-kbulstrodeb-nan-Kalli-nan-kbulstrodeb@microsoft.com-cF6*4bdTA-315-881-9458-11-400]&lt;/td&gt;&#34;, &#34;&lt;td class=\&#34;col-duration\&#34;&gt;980 ms&lt;/td&gt;&#34;, &#34;&lt;td class=\&#34;col-links\&#34;&gt;&lt;/td&gt;&#34;], &#34;log&#34;: &#34;----------------------------- Captured stdout call -----------------------------\nInitialization of UserEndPoints class\n&#34;}], &#34;TestExecution.py::test_execute_users[create_user_test-11-pburstowc-nan-Priscella-Burstow-nan-hN2#6U%uS-198-417-1859-12-400]&#34;: [{&#34;extras&#34;: [], &#34;result&#34;: &#34;Passed&#34;, &#34;testId&#34;: &#34;TestExecution.py::test_execute_users[create_user_test-11-pburstowc-nan-Priscella-Burstow-nan-hN2#6U%uS-198-417-1859-12-400]&#34;, &#34;duration&#34;: &#34;00:00:01&#34;, &#34;resultsTableRow&#34;: [&#34;&lt;td class=\&#34;col-result\&#34;&gt;Passed&lt;/td&gt;&#34;, &#34;&lt;td class=\&#34;col-testId\&#34;&gt;TestExecution.py::test_execute_users[create_user_test-11-pburstowc-nan-Priscella-Burstow-nan-hN2#6U%uS-198-417-1859-12-400]&lt;/td&gt;&#34;, &#34;&lt;td class=\&#34;col-duration\&#34;&gt;00:00:01&lt;/td&gt;&#34;, &#34;&lt;td class=\&#34;col-links\&#34;&gt;&lt;/td&gt;&#34;], &#34;log&#34;: &#34;----------------------------- Captured stdout call -----------------------------\nInitialization of UserEndPoints class\n&#34;}], &#34;TestExecution.py::test_execute_users[create_user_test-12-dlorenzod-nan-Danyette-Lorenzo-dlorenzod@unc.edu-nan-124-614-6384-13-400]&#34;: [{&#34;extras&#34;: [], &#34;result&#34;: &#34;Passed&#34;, &#34;testId&#34;: &#34;TestExecution.py::test_execute_users[create_user_test-12-dlorenzod-nan-Danyette-Lorenzo-dlorenzod@unc.edu-nan-124-614-6384-13-400]&#34;, &#34;duration&#34;: &#34;982 ms&#34;, &#34;resultsTableRow&#34;: [&#34;&lt;td class=\&#34;col-result\&#34;&gt;Passed&lt;/td&gt;&#34;, &#34;&lt;td class=\&#34;col-testId\&#34;&gt;TestExecution.py::test_execute_users[create_user_test-12-dlorenzod-nan-Danyette-Lorenzo-dlorenzod@unc.edu-nan-124-614-6384-13-400]&lt;/td&gt;&#34;, &#34;&lt;td class=\&#34;col-duration\&#34;&gt;982 ms&lt;/td&gt;&#34;, &#34;&lt;td class=\&#34;col-links\&#34;&gt;&lt;/td&gt;&#34;], &#34;log&#34;: &#34;----------------------------- Captured stdout call -----------------------------\nInitialization of UserEndPoints class\n&#34;}], &#34;TestExecution.py::test_execute_users[create_user_test-13-jtaskere-nan-Jermain-Tasker-jtaskere@sphinn.com-qF4!hk1XTC-nan-14-400]&#34;: [{&#34;extras&#34;: [], &#34;result&#34;: &#34;Passed&#34;, &#34;testId&#34;: &#34;TestExecution.py::test_execute_users[create_user_test-13-jtaskere-nan-Jermain-Tasker-jtaskere@sphinn.com-qF4!hk1XTC-nan-14-400]&#34;, &#34;duration&#34;: &#34;979 ms&#34;, &#34;resultsTableRow&#34;: [&#34;&lt;td class=\&#34;col-result\&#34;&gt;Passed&lt;/td&gt;&#34;, &#34;&lt;td class=\&#34;col-testId\&#34;&gt;TestExecution.py::test_execute_users[create_user_test-13-jtaskere-nan-Jermain-Tasker-jtaskere@sphinn.com-qF4!hk1XTC-nan-14-400]&lt;/td&gt;&#34;, &#34;&lt;td class=\&#34;col-duration\&#34;&gt;979 ms&lt;/td&gt;&#34;, &#34;&lt;td class=\&#34;col-links\&#34;&gt;&lt;/td&gt;&#34;], &#34;log&#34;: &#34;----------------------------- Captured stdout call -----------------------------\nInitialization of UserEndPoints class\n&#34;}], &#34;TestExecution.py::test_execute_users[create_user_test-14-kgreerf-nan-Karalee-Greer-kgreerf@simplemachines.org-iE8\\\\VQ/G-958-919-2877-nan-400]&#34;: [{&#34;extras&#34;: [], &#34;result&#34;: &#34;Passed&#34;, &#34;testId&#34;: &#34;TestExecution.py::test_execute_users[create_user_test-14-kgreerf-nan-Karalee-Greer-kgreerf@simplemachines.org-iE8\\\\VQ/G-958-919-2877-nan-400]&#34;, &#34;duration&#34;: &#34;00:00:01&#34;, &#34;resultsTableRow&#34;: [&#34;&lt;td class=\&#34;col-result\&#34;&gt;Passed&lt;/td&gt;&#34;, &#34;&lt;td class=\&#34;col-testId\&#34;&gt;TestExecution.py::test_execute_users[create_user_test-14-kgreerf-nan-Karalee-Greer-kgreerf@simplemachines.org-iE8\\\\VQ/G-958-919-2877-nan-400]&lt;/td&gt;&#34;, &#34;&lt;td class=\&#34;col-duration\&#34;&gt;00:00:01&lt;/td&gt;&#34;, &#34;&lt;td class=\&#34;col-links\&#34;&gt;&lt;/td&gt;&#34;], &#34;log&#34;: &#34;----------------------------- Captured stdout call -----------------------------\nInitialization of UserEndPoints class\n&#34;}], &#34;TestExecution.py::test_execute_users[create_user_test-nan-nan-nan-nan-nan-nan-nan-nan-nan-400]&#34;: [{&#34;extras&#34;: [], &#34;result&#34;: &#34;Passed&#34;, &#34;testId&#34;: &#34;TestExecution.py::test_execute_users[create_user_test-nan-nan-nan-nan-nan-nan-nan-nan-nan-400]&#34;, &#34;duration&#34;: &#34;00:00:01&#34;, &#34;resultsTableRow&#34;: [&#34;&lt;td class=\&#34;col-result\&#34;&gt;Passed&lt;/td&gt;&#34;, &#34;&lt;td class=\&#34;col-testId\&#34;&gt;TestExecution.py::test_execute_users[create_user_test-nan-nan-nan-nan-nan-nan-nan-nan-nan-400]&lt;/td&gt;&#34;, &#34;&lt;td class=\&#34;col-duration\&#34;&gt;00:00:01&lt;/td&gt;&#34;, &#34;&lt;td class=\&#34;col-links\&#34;&gt;&lt;/td&gt;&#34;], &#34;log&#34;: &#34;----------------------------- Captured stdout call -----------------------------\nInitialization of UserEndPoints class\n&#34;}], &#34;TestExecution.py::test_execute_users[user_login_test-nan-ddanahar0-nan-nan-nan-nan-aE1*a\\\\WxvWl-nan-nan-200]&#34;: [{&#34;extras&#34;: [], &#34;result&#34;: &#34;Passed&#34;, &#34;testId&#34;: &#34;TestExecution.py::test_execute_users[user_login_test-nan-ddanahar0-nan-nan-nan-nan-aE1*a\\\\WxvWl-nan-nan-200]&#34;, &#34;duration&#34;: &#34;960 ms&#34;, &#34;resultsTableRow&#34;: [&#34;&lt;td class=\&#34;col-result\&#34;&gt;Passed&lt;/td&gt;&#34;, &#34;&lt;td class=\&#34;col-testId\&#34;&gt;TestExecution.py::test_execute_users[user_login_test-nan-ddanahar0-nan-nan-nan-nan-aE1*a\\\\WxvWl-nan-nan-200]&lt;/td&gt;&#34;, &#34;&lt;td class=\&#34;col-duration\&#34;&gt;960 ms&lt;/td&gt;&#34;, &#34;&lt;td class=\&#34;col-links\&#34;&gt;&lt;/td&gt;&#34;], &#34;log&#34;: &#34;----------------------------- Captured stdout call -----------------------------\nInitialization of UserEndPoints class\n&#34;}], &#34;TestExecution.py::test_execute_users[user_login_test-nan-etucknott1-nan-nan-nan-nan-dZ3}AkrHcfH-nan-nan-200]&#34;: [{&#34;extras&#34;: [], &#34;result&#34;: &#34;Passed&#34;, &#34;testId&#34;: &#34;TestExecution.py::test_execute_users[user_login_test-nan-etucknott1-nan-nan-nan-nan-dZ3}AkrHcfH-nan-nan-200]&#34;, &#34;duration&#34;: &#34;954 ms&#34;, &#34;resultsTableRow&#34;: [&#34;&lt;td class=\&#34;col-result\&#34;&gt;Passed&lt;/td&gt;&#34;, &#34;&lt;td class=\&#34;col-testId\&#34;&gt;TestExecution.py::test_execute_users[user_login_test-nan-etucknott1-nan-nan-nan-nan-dZ3}AkrHcfH-nan-nan-200]&lt;/td&gt;&#34;, &#34;&lt;td class=\&#34;col-duration\&#34;&gt;954 ms&lt;/td&gt;&#34;, &#34;&lt;td class=\&#34;col-links\&#34;&gt;&lt;/td&gt;&#34;], &#34;log&#34;: &#34;----------------------------- Captured stdout call -----------------------------\nInitialization of UserEndPoints class\n&#34;}], &#34;TestExecution.py::test_execute_users[user_login_test-nan-rlevermore2-nan-nan-nan-nan-bL5%&lt;kdf/oTbpS&amp;b-nan-nan-200]&#34;: [{&#34;extras&#34;: [], &#34;result&#34;: &#34;Passed&#34;, &#34;testId&#34;: &#34;TestExecution.py::test_execute_users[user_login_test-nan-rlevermore2-nan-nan-nan-nan-bL5%&lt;kdf/oTbpS&amp;b-nan-nan-200]&#34;, &#34;duration&#34;: &#34;00:00:01&#34;, &#34;resultsTableRow&#34;: [&#34;&lt;td class=\&#34;col-result\&#34;&gt;Passed&lt;/td&gt;&#34;, &#34;&lt;td class=\&#34;col-testId\&#34;&gt;TestExecution.py::test_execute_users[user_login_test-nan-rlevermore2-nan-nan-nan-nan-bL5%&lt;kdf/oTbpS&amp;b-nan-nan-200]&lt;/td&gt;&#34;, &#34;&lt;td class=\&#34;col-duration\&#34;&gt;00:00:01&lt;/td&gt;&#34;, &#34;&lt;td class=\&#34;col-links\&#34;&gt;&lt;/td&gt;&#34;], &#34;log&#34;: &#34;----------------------------- Captured stdout call -----------------------------\nInitialization of UserEndPoints class\n&#34;}], &#34;TestExecution.py::test_execute_users[user_login_test-nan-nnowakowska3-nan-nan-nan-nan-eQ7&amp;66}t{-nan-nan-200]&#34;: [{&#34;extras&#34;: [], &#34;result&#34;: &#34;Passed&#34;, &#34;testId&#34;: &#34;TestExecution.py::test_execute_users[user_login_test-nan-nnowakowska3-nan-nan-nan-nan-eQ7&amp;66}t{-nan-nan-200]&#34;, &#34;duration&#34;: &#34;00:00:01&#34;, &#34;resultsTableRow&#34;: [&#34;&lt;td class=\&#34;col-result\&#34;&gt;Passed&lt;/td&gt;&#34;, &#34;&lt;td class=\&#34;col-testId\&#34;&gt;TestExecution.py::test_execute_users[user_login_test-nan-nnowakowska3-nan-nan-nan-nan-eQ7&amp;66}t{-nan-nan-200]&lt;/td&gt;&#34;, &#34;&lt;td class=\&#34;col-duration\&#34;&gt;00:00:01&lt;/td&gt;&#34;, &#34;&lt;td class=\&#34;col-links\&#34;&gt;&lt;/td&gt;&#34;], &#34;log&#34;: &#34;----------------------------- Captured stdout call -----------------------------\nInitialization of UserEndPoints class\n&#34;}], &#34;TestExecution.py::test_execute_users[user_login_test-nan-hcraggs4-nan-nan-nan-nan-nO8\&#34;Uq#rPrrBt&gt;-nan-nan-200]&#34;: [{&#34;extras&#34;: [], &#34;result&#34;: &#34;Passed&#34;, &#34;testId&#34;: &#34;TestExecution.py::test_execute_users[user_login_test-nan-hcraggs4-nan-nan-nan-nan-nO8\&#34;Uq#rPrrBt&gt;-nan-nan-200]&#34;, &#34;duration&#34;: &#34;989 ms&#34;, &#34;resultsTableRow&#34;: [&#34;&lt;td class=\&#34;col-result\&#34;&gt;Passed&lt;/td&gt;&#34;, &#34;&lt;td class=\&#34;col-testId\&#34;&gt;TestExecution.py::test_execute_users[user_login_test-nan-hcraggs4-nan-nan-nan-nan-nO8\&#34;Uq#rPrrBt&gt;-nan-nan-200]&lt;/td&gt;&#34;, &#34;&lt;td class=\&#34;col-duration\&#34;&gt;989 ms&lt;/td&gt;&#34;, &#34;&lt;td class=\&#34;col-links\&#34;&gt;&lt;/td&gt;&#34;], &#34;log&#34;: &#34;----------------------------- Captured stdout call -----------------------------\nInitialization of UserEndPoints class\n&#34;}], &#34;TestExecution.py::test_execute_users[user_login_test-nan-nan-nan-nan-nan-nan-password-nan-nan-200]&#34;: [{&#34;extras&#34;: [], &#34;result&#34;: &#34;Passed&#34;, &#34;testId&#34;: &#34;TestExecution.py::test_execute_users[user_login_test-nan-nan-nan-nan-nan-nan-password-nan-nan-200]&#34;, &#34;duration&#34;: &#34;00:00:01&#34;, &#34;resultsTableRow&#34;: [&#34;&lt;td class=\&#34;col-result\&#34;&gt;Passed&lt;/td&gt;&#34;, &#34;&lt;td class=\&#34;col-testId\&#34;&gt;TestExecution.py::test_execute_users[user_login_test-nan-nan-nan-nan-nan-nan-password-nan-nan-200]&lt;/td&gt;&#34;, &#34;&lt;td class=\&#34;col-duration\&#34;&gt;00:00:01&lt;/td&gt;&#34;, &#34;&lt;td class=\&#34;col-links\&#34;&gt;&lt;/td&gt;&#34;], &#34;log&#34;: &#34;----------------------------- Captured stdout call -----------------------------\nInitialization of UserEndPoints class\n&#34;}], &#34;TestExecution.py::test_execute_users[user_login_test-nan-username-nan-nan-nan-nan-nan-nan-nan-200]&#34;: [{&#34;extras&#34;: [], &#34;result&#34;: &#34;Passed&#34;, &#34;testId&#34;: &#34;TestExecution.py::test_execute_users[user_login_test-nan-username-nan-nan-nan-nan-nan-nan-nan-200]&#34;, &#34;duration&#34;: &#34;00:00:01&#34;, &#34;resultsTableRow&#34;: [&#34;&lt;td class=\&#34;col-result\&#34;&gt;Passed&lt;/td&gt;&#34;, &#34;&lt;td class=\&#34;col-testId\&#34;&gt;TestExecution.py::test_execute_users[user_login_test-nan-username-nan-nan-nan-nan-nan-nan-nan-200]&lt;/td&gt;&#34;, &#34;&lt;td class=\&#34;col-duration\&#34;&gt;00:00:01&lt;/td&gt;&#34;, &#34;&lt;td class=\&#34;col-links\&#34;&gt;&lt;/td&gt;&#34;], &#34;log&#34;: &#34;----------------------------- Captured stdout call -----------------------------\nInitialization of UserEndPoints class\n&#34;}], &#34;TestExecution.py::test_execute_users[user_login_test-nan-nan-nan-nan-nan-nan-nan-nan-nan-200]&#34;: [{&#34;extras&#34;: [], &#34;result&#34;: &#34;Passed&#34;, &#34;testId&#34;: &#34;TestExecution.py::test_execute_users[user_login_test-nan-nan-nan-nan-nan-nan-nan-nan-nan-200]&#34;, &#34;duration&#34;: &#34;983 ms&#34;, &#34;resultsTableRow&#34;: [&#34;&lt;td class=\&#34;col-result\&#34;&gt;Passed&lt;/td&gt;&#34;, &#34;&lt;td class=\&#34;col-testId\&#34;&gt;TestExecution.py::test_execute_users[user_login_test-nan-nan-nan-nan-nan-nan-nan-nan-nan-200]&lt;/td&gt;&#34;, &#34;&lt;td class=\&#34;col-duration\&#34;&gt;983 ms&lt;/td&gt;&#34;, &#34;&lt;td class=\&#34;col-links\&#34;&gt;&lt;/td&gt;&#34;], &#34;log&#34;: &#34;----------------------------- Captured stdout call -----------------------------\nInitialization of UserEndPoints class\n&#34;}], &#34;TestExecution.py::test_execute_users[get_user_test-nan-kgreerf-nan-nan-nan-nan-nan-nan-nan-404]&#34;: [{&#34;extras&#34;: [], &#34;result&#34;: &#34;Passed&#34;, &#34;testId&#34;: &#34;TestExecution.py::test_execute_users[get_user_test-nan-kgreerf-nan-nan-nan-nan-nan-nan-nan-404]&#34;, &#34;duration&#34;: &#34;999 ms&#34;, &#34;resultsTableRow&#34;: [&#34;&lt;td class=\&#34;col-result\&#34;&gt;Passed&lt;/td&gt;&#34;, &#34;&lt;td class=\&#34;col-testId\&#34;&gt;TestExecution.py::test_execute_users[get_user_test-nan-kgreerf-nan-nan-nan-nan-nan-nan-nan-404]&lt;/td&gt;&#34;, &#34;&lt;td class=\&#34;col-duration\&#34;&gt;999 ms&lt;/td&gt;&#34;, &#34;&lt;td class=\&#34;col-links\&#34;&gt;&lt;/td&gt;&#34;], &#34;log&#34;: &#34;----------------------------- Captured stdout call -----------------------------\nInitialization of UserEndPoints class\n&#34;}], &#34;TestExecution.py::test_execute_users[get_user_test-nan-nan-nan-nan-nan-nan-nan-nan-nan-404]&#34;: [{&#34;extras&#34;: [], &#34;result&#34;: &#34;Passed&#34;, &#34;testId&#34;: &#34;TestExecution.py::test_execute_users[get_user_test-nan-nan-nan-nan-nan-nan-nan-nan-nan-404]&#34;, &#34;duration&#34;: &#34;999 ms&#34;, &#34;resultsTableRow&#34;: [&#34;&lt;td class=\&#34;col-result\&#34;&gt;Passed&lt;/td&gt;&#34;, &#34;&lt;td class=\&#34;col-testId\&#34;&gt;TestExecution.py::test_execute_users[get_user_test-nan-nan-nan-nan-nan-nan-nan-nan-nan-404]&lt;/td&gt;&#34;, &#34;&lt;td class=\&#34;col-duration\&#34;&gt;999 ms&lt;/td&gt;&#34;, &#34;&lt;td class=\&#34;col-links\&#34;&gt;&lt;/td&gt;&#34;], &#34;log&#34;: &#34;----------------------------- Captured stdout call -----------------------------\nInitialization of UserEndPoints class\n&#34;}], &#34;TestExecution.py::test_execute_users[update_user_test-abcdabcdabcdabcdabcdabcdabcdabcdabcdabcdabcdabcdabcdabcdabcdabcdabcdabcdabcdabcdabcdabcdabcdabcdabcdabcdabcdabcdabcdabcdabcdabcdabcdabcdabcdabcdabcdabcdabcdabcdabcdabcdabcdabcdabcdabcdabcdabcdabcdabcdabcdabcdabcdabcdabcdabcdabcdabcdabcdabcdabcdabcdabcdabcdabcdabcdabcdabcdabcdabcdabcdabcdabcdabcdabcd-gsture7-username-firstName-lastName-email-password-phone-0-500]&#34;: [{&#34;extras&#34;: [], &#34;result&#34;: &#34;Passed&#34;, &#34;testId&#34;: &#34;TestExecution.py::test_execute_users[update_user_test-abcdabcdabcdabcdabcdabcdabcdabcdabcdabcdabcdabcdabcdabcdabcdabcdabcdabcdabcdabcdabcdabcdabcdabcdabcdabcdabcdabcdabcdabcdabcdabcdabcdabcdabcdabcdabcdabcdabcdabcdabcdabcdabcdabcdabcdabcdabcdabcdabcdabcdabcdabcdabcdabcdabcdabcdabcdabcdabcdabcdabcdabcdabcdabcdabcdabcdabcdabcdabcdabcdabcdabcdabcdabcdabcd-gsture7-username-firstName-lastName-email-password-phone-0-500]&#34;, &#34;duration&#34;: &#34;00:00:01&#34;, &#34;resultsTableRow&#34;: [&#34;&lt;td class=\&#34;col-result\&#34;&gt;Passed&lt;/td&gt;&#34;, &#34;&lt;td class=\&#34;col-testId\&#34;&gt;TestExecution.py::test_execute_users[update_user_test-abcdabcdabcdabcdabcdabcdabcdabcdabcdabcdabcdabcdabcdabcdabcdabcdabcdabcdabcdabcdabcdabcdabcdabcdabcdabcdabcdabcdabcdabcdabcdabcdabcdabcdabcdabcdabcdabcdabcdabcdabcdabcdabcdabcdabcdabcdabcdabcdabcdabcdabcdabcdabcdabcdabcdabcdabcdabcdabcdabcdabcdabcdabcdabcdabcdabcdabcdabcdabcdabcdabcdabcdabcdabcdabcd-gsture7-username-firstName-lastName-email-password-phone-0-500]&lt;/td&gt;&#34;, &#34;&lt;td class=\&#34;col-duration\&#34;&gt;00:00:01&lt;/td&gt;&#34;, &#34;&lt;td class=\&#34;col-links\&#34;&gt;&lt;/td&gt;&#34;], &#34;log&#34;: &#34;----------------------------- Captured stdout call -----------------------------\nInitialization of UserEndPoints class\n&#34;}], &#34;TestExecution.py::test_execute_users[update_user_test-0-tquirke0-gsture7-Galvin-Sture-gsture7@alexa.com-uB5=QdTt.2zyG}CZ-712-347-5792-abcdabcdabcdabcdabcdabcdabcdabcdabcdabcdabcdabcdabcdabcdabcdabcdabcdabcdabcdabcdabcdabcdabcdabcdabcdabcdabcdabcdabcdabcdabcdabcdabcdabcdabcdabcdabcdabcdabcdabcdabcdabcdabcdabcdabcdabcdabcdabcdabcdabcdabcdabcdabcdabcdabcdabcdabcdabcdabcdabcdabcdabcdabcdabcdabcdabcdabcdabcdabcdabcdabcdabcdabcdabcdabcd-500]&#34;: [{&#34;extras&#34;: [], &#34;result&#34;: &#34;Passed&#34;, &#34;testId&#34;: &#34;TestExecution.py::test_execute_users[update_user_test-0-tquirke0-gsture7-Galvin-Sture-gsture7@alexa.com-uB5=QdTt.2zyG}CZ-712-347-5792-abcdabcdabcdabcdabcdabcdabcdabcdabcdabcdabcdabcdabcdabcdabcdabcdabcdabcdabcdabcdabcdabcdabcdabcdabcdabcdabcdabcdabcdabcdabcdabcdabcdabcdabcdabcdabcdabcdabcdabcdabcdabcdabcdabcdabcdabcdabcdabcdabcdabcdabcdabcdabcdabcdabcdabcdabcdabcdabcdabcdabcdabcdabcdabcdabcdabcdabcdabcdabcdabcdabcdabcdabcdabcdabcd-500]&#34;, &#34;duration&#34;: &#34;00:00:01&#34;, &#34;resultsTableRow&#34;: [&#34;&lt;td class=\&#34;col-result\&#34;&gt;Passed&lt;/td&gt;&#34;, &#34;&lt;td class=\&#34;col-testId\&#34;&gt;TestExecution.py::test_execute_users[update_user_test-0-tquirke0-gsture7-Galvin-Sture-gsture7@alexa.com-uB5=QdTt.2zyG}CZ-712-347-5792-abcdabcdabcdabcdabcdabcdabcdabcdabcdabcdabcdabcdabcdabcdabcdabcdabcdabcdabcdabcdabcdabcdabcdabcdabcdabcdabcdabcdabcdabcdabcdabcdabcdabcdabcdabcdabcdabcdabcdabcdabcdabcdabcdabcdabcdabcdabcdabcdabcdabcdabcdabcdabcdabcdabcdabcdabcdabcdabcdabcdabcdabcdabcdabcdabcdabcdabcdabcdabcdabcdabcdabcdabcdabcdabcd-500]&lt;/td&gt;&#34;, &#34;&lt;td class=\&#34;col-duration\&#34;&gt;00:00:01&lt;/td&gt;&#34;, &#34;&lt;td class=\&#34;col-links\&#34;&gt;&lt;/td&gt;&#34;], &#34;log&#34;: &#34;----------------------------- Captured stdout call -----------------------------\nInitialization of UserEndPoints class\n&#34;}], &#34;TestExecution.py::test_execute_users[update_user_test-1-usernamenotfound-tquirke0-Thom-Quirke-tquirke0@si.edu-bR0\&#34;ZkydOOA$-259-873-7141-1-200]&#34;: [{&#34;extras&#34;: [], &#34;result&#34;: &#34;Passed&#34;, &#34;testId&#34;: &#34;TestExecution.py::test_execute_users[update_user_test-1-usernamenotfound-tquirke0-Thom-Quirke-tquirke0@si.edu-bR0\&#34;ZkydOOA$-259-873-7141-1-200]&#34;, &#34;duration&#34;: &#34;995 ms&#34;, &#34;resultsTableRow&#34;: [&#34;&lt;td class=\&#34;col-result\&#34;&gt;Passed&lt;/td&gt;&#34;, &#34;&lt;td class=\&#34;col-testId\&#34;&gt;TestExecution.py::test_execute_users[update_user_test-1-usernamenotfound-tquirke0-Thom-Quirke-tquirke0@si.edu-bR0\&#34;ZkydOOA$-259-873-7141-1-200]&lt;/td&gt;&#34;, &#34;&lt;td class=\&#34;col-duration\&#34;&gt;995 ms&lt;/td&gt;&#34;, &#34;&lt;td class=\&#34;col-links\&#34;&gt;&lt;/td&gt;&#34;], &#34;log&#34;: &#34;----------------------------- Captured stdout call -----------------------------\nInitialization of UserEndPoints class\n&#34;}], &#34;TestExecution.py::test_execute_users[update_user_test-2-grosenthaler2-%^&amp;%^&amp;%^&amp;-Purcell-Harcombe-pharcombe1@cmu.edu-vS8}&amp;&amp;6?|-893-763-3832-2-200]&#34;: [{&#34;extras&#34;: [], &#34;result&#34;: &#34;Passed&#34;, &#34;testId&#34;: &#34;TestExecution.py::test_execute_users[update_user_test-2-grosenthaler2-%^&amp;%^&amp;%^&amp;-Purcell-Harcombe-pharcombe1@cmu.edu-vS8}&amp;&amp;6?|-893-763-3832-2-200]&#34;, &#34;duration&#34;: &#34;977 ms&#34;, &#34;resultsTableRow&#34;: [&#34;&lt;td class=\&#34;col-result\&#34;&gt;Passed&lt;/td&gt;&#34;, &#34;&lt;td class=\&#34;col-testId\&#34;&gt;TestExecution.py::test_execute_users[update_user_test-2-grosenthaler2-%^&amp;%^&amp;%^&amp;-Purcell-Harcombe-pharcombe1@cmu.edu-vS8}&amp;&amp;6?|-893-763-3832-2-200]&lt;/td&gt;&#34;, &#34;&lt;td class=\&#34;col-duration\&#34;&gt;977 ms&lt;/td&gt;&#34;, &#34;&lt;td class=\&#34;col-links\&#34;&gt;&lt;/td&gt;&#34;], &#34;log&#34;: &#34;----------------------------- Captured stdout call -----------------------------\nInitialization of UserEndPoints class\n&#34;}], &#34;TestExecution.py::test_execute_users[update_user_test-3-dbunkle3-grosenthaler2-%^&amp;%^&amp;%^&amp;-Rosenthaler-grosenthaler2@kickstarter.com-dF7.q|toR-423-874-5599-3-200]&#34;: [{&#34;extras&#34;: [], &#34;result&#34;: &#34;Passed&#34;, &#34;testId&#34;: &#34;TestExecution.py::test_execute_users[update_user_test-3-dbunkle3-grosenthaler2-%^&amp;%^&amp;%^&amp;-Rosenthaler-grosenthaler2@kickstarter.com-dF7.q|toR-423-874-5599-3-200]&#34;, &#34;duration&#34;: &#34;993 ms&#34;, &#34;resultsTableRow&#34;: [&#34;&lt;td class=\&#34;col-result\&#34;&gt;Passed&lt;/td&gt;&#34;, &#34;&lt;td class=\&#34;col-testId\&#34;&gt;TestExecution.py::test_execute_users[update_user_test-3-dbunkle3-grosenthaler2-%^&amp;%^&amp;%^&amp;-Rosenthaler-grosenthaler2@kickstarter.com-dF7.q|toR-423-874-5599-3-200]&lt;/td&gt;&#34;, &#34;&lt;td class=\&#34;col-duration\&#34;&gt;993 ms&lt;/td&gt;&#34;, &#34;&lt;td class=\&#34;col-links\&#34;&gt;&lt;/td&gt;&#34;], &#34;log&#34;: &#34;----------------------------- Captured stdout call -----------------------------\nInitialization of UserEndPoints class\n&#34;}], &#34;TestExecution.py::test_execute_users[update_user_test-4-mbrixey4-dbunkle3-Dian-%^&amp;%^&amp;%^&amp;-dbunkle3@amazon.de-fY4_sXZx=Y%0-115-641-4814-4-200]&#34;: [{&#34;extras&#34;: [], &#34;result&#34;: &#34;Passed&#34;, &#34;testId&#34;: &#34;TestExecution.py::test_execute_users[update_user_test-4-mbrixey4-dbunkle3-Dian-%^&amp;%^&amp;%^&amp;-dbunkle3@amazon.de-fY4_sXZx=Y%0-115-641-4814-4-200]&#34;, &#34;duration&#34;: &#34;997 ms&#34;, &#34;resultsTableRow&#34;: [&#34;&lt;td class=\&#34;col-result\&#34;&gt;Passed&lt;/td&gt;&#34;, &#34;&lt;td class=\&#34;col-testId\&#34;&gt;TestExecution.py::test_execute_users[update_user_test-4-mbrixey4-dbunkle3-Dian-%^&amp;%^&amp;%^&amp;-dbunkle3@amazon.de-fY4_sXZx=Y%0-115-641-4814-4-200]&lt;/td&gt;&#34;, &#34;&lt;td class=\&#34;col-duration\&#34;&gt;997 ms&lt;/td&gt;&#34;, &#34;&lt;td class=\&#34;col-links\&#34;&gt;&lt;/td&gt;&#34;], &#34;log&#34;: &#34;----------------------------- Captured stdout call -----------------------------\nInitialization of UserEndPoints class\n&#34;}], &#34;TestExecution.py::test_execute_users[update_user_test-5-jrosenbloom5-mbrixey4-Marabel-Brixey-%^&amp;%^&amp;%^&amp;-tG6+Xynk7@K,J$&#39;-519-444-7692-5-200]&#34;: [{&#34;extras&#34;: [], &#34;result&#34;: &#34;Passed&#34;, &#34;testId&#34;: &#34;TestExecution.py::test_execute_users[update_user_test-5-jrosenbloom5-mbrixey4-Marabel-Brixey-%^&amp;%^&amp;%^&amp;-tG6+Xynk7@K,J$&#39;-519-444-7692-5-200]&#34;, &#34;duration&#34;: &#34;999 ms&#34;, &#34;resultsTableRow&#34;: [&#34;&lt;td class=\&#34;col-result\&#34;&gt;Passed&lt;/td&gt;&#34;, &#34;&lt;td class=\&#34;col-testId\&#34;&gt;TestExecution.py::test_execute_users[update_user_test-5-jrosenbloom5-mbrixey4-Marabel-Brixey-%^&amp;%^&amp;%^&amp;-tG6+Xynk7@K,J$&#39;-519-444-7692-5-200]&lt;/td&gt;&#34;, &#34;&lt;td class=\&#34;col-duration\&#34;&gt;999 ms&lt;/td&gt;&#34;, &#34;&lt;td class=\&#34;col-links\&#34;&gt;&lt;/td&gt;&#34;], &#34;log&#34;: &#34;----------------------------- Captured stdout call -----------------------------\nInitialization of UserEndPoints class\n&#34;}], &#34;TestExecution.py::test_execute_users[update_user_test-6-kbearham6-jrosenbloom5-Jewel-Rosenbloom-jrosenbloom5@booking.com-%^&amp;%^&amp;%^&amp;-928-410-9006-6-200]&#34;: [{&#34;extras&#34;: [], &#34;result&#34;: &#34;Passed&#34;, &#34;testId&#34;: &#34;TestExecution.py::test_execute_users[update_user_test-6-kbearham6-jrosenbloom5-Jewel-Rosenbloom-jrosenbloom5@booking.com-%^&amp;%^&amp;%^&amp;-928-410-9006-6-200]&#34;, &#34;duration&#34;: &#34;979 ms&#34;, &#34;resultsTableRow&#34;: [&#34;&lt;td class=\&#34;col-result\&#34;&gt;Passed&lt;/td&gt;&#34;, &#34;&lt;td class=\&#34;col-testId\&#34;&gt;TestExecution.py::test_execute_users[update_user_test-6-kbearham6-jrosenbloom5-Jewel-Rosenbloom-jrosenbloom5@booking.com-%^&amp;%^&amp;%^&amp;-928-410-9006-6-200]&lt;/td&gt;&#34;, &#34;&lt;td class=\&#34;col-duration\&#34;&gt;979 ms&lt;/td&gt;&#34;, &#34;&lt;td class=\&#34;col-links\&#34;&gt;&lt;/td&gt;&#34;], &#34;log&#34;: &#34;----------------------------- Captured stdout call -----------------------------\nInitialization of UserEndPoints class\n&#34;}], &#34;TestExecution.py::test_execute_users[update_user_test-7-clehuquet8-kbearham6-Katti-Bearham-kbearham6@chicagotribune.com-mF6\&#34;IZ(yxk-%^&amp;%^&amp;%^&amp;-7-200]&#34;: [{&#34;extras&#34;: [], &#34;result&#34;: &#34;Passed&#34;, &#34;testId&#34;: &#34;TestExecution.py::test_execute_users[update_user_test-7-clehuquet8-kbearham6-Katti-Bearham-kbearham6@chicagotribune.com-mF6\&#34;IZ(yxk-%^&amp;%^&amp;%^&amp;-7-200]&#34;, &#34;duration&#34;: &#34;999 ms&#34;, &#34;resultsTableRow&#34;: [&#34;&lt;td class=\&#34;col-result\&#34;&gt;Passed&lt;/td&gt;&#34;, &#34;&lt;td class=\&#34;col-testId\&#34;&gt;TestExecution.py::test_execute_users[update_user_test-7-clehuquet8-kbearham6-Katti-Bearham-kbearham6@chicagotribune.com-mF6\&#34;IZ(yxk-%^&amp;%^&amp;%^&amp;-7-200]&lt;/td&gt;&#34;, &#34;&lt;td class=\&#34;col-duration\&#34;&gt;999 ms&lt;/td&gt;&#34;, &#34;&lt;td class=\&#34;col-links\&#34;&gt;&lt;/td&gt;&#34;], &#34;log&#34;: &#34;----------------------------- Captured stdout call -----------------------------\nInitialization of UserEndPoints class\n&#34;}], &#34;TestExecution.py::test_execute_users[update_user_test-nan-nan-clehuquet8-Caria-Le Huquet-clehuquet8@nytimes.com-tL0\&#34;KbJHj8&lt;OU&#39;0-213-890-7899-8-400]&#34;: [{&#34;extras&#34;: [], &#34;result&#34;: &#34;Passed&#34;, &#34;testId&#34;: &#34;TestExecution.py::test_execute_users[update_user_test-nan-nan-clehuquet8-Caria-Le Huquet-clehuquet8@nytimes.com-tL0\&#34;KbJHj8&lt;OU&#39;0-213-890-7899-8-400]&#34;, &#34;duration&#34;: &#34;00:00:01&#34;, &#34;resultsTableRow&#34;: [&#34;&lt;td class=\&#34;col-result\&#34;&gt;Passed&lt;/td&gt;&#34;, &#34;&lt;td class=\&#34;col-testId\&#34;&gt;TestExecution.py::test_execute_users[update_user_test-nan-nan-clehuquet8-Caria-Le Huquet-clehuquet8@nytimes.com-tL0\&#34;KbJHj8&lt;OU&#39;0-213-890-7899-8-400]&lt;/td&gt;&#34;, &#34;&lt;td class=\&#34;col-duration\&#34;&gt;00:00:01&lt;/td&gt;&#34;, &#34;&lt;td class=\&#34;col-links\&#34;&gt;&lt;/td&gt;&#34;], &#34;log&#34;: &#34;----------------------------- Captured stdout call -----------------------------\nInitialization of UserEndPoints class\n&#34;}], &#34;TestExecution.py::test_execute_users[update_user_test-8-pelfleeta-nan-Jenna-McAnellye-jmcanellye9@npr.org-pO8_\\\\lZf+)-554-381-9620-9-400]&#34;: [{&#34;extras&#34;: [], &#34;result&#34;: &#34;Passed&#34;, &#34;testId&#34;: &#34;TestExecution.py::test_execute_users[update_user_test-8-pelfleeta-nan-Jenna-McAnellye-jmcanellye9@npr.org-pO8_\\\\lZf+)-554-381-9620-9-400]&#34;, &#34;duration&#34;: &#34;966 ms&#34;, &#34;resultsTableRow&#34;: [&#34;&lt;td class=\&#34;col-result\&#34;&gt;Passed&lt;/td&gt;&#34;, &#34;&lt;td class=\&#34;col-testId\&#34;&gt;TestExecution.py::test_execute_users[update_user_test-8-pelfleeta-nan-Jenna-McAnellye-jmcanellye9@npr.org-pO8_\\\\lZf+)-554-381-9620-9-400]&lt;/td&gt;&#34;, &#34;&lt;td class=\&#34;col-duration\&#34;&gt;966 ms&lt;/td&gt;&#34;, &#34;&lt;td class=\&#34;col-links\&#34;&gt;&lt;/td&gt;&#34;], &#34;log&#34;: &#34;----------------------------- Captured stdout call -----------------------------\nInitialization of UserEndPoints class\n&#34;}], &#34;TestExecution.py::test_execute_users[update_user_test-9-kbulstrodeb-pelfleeta-nan-Elfleet-pelfleeta@marriott.com-rP2}&gt;\\\\(8/o-518-845-6484-10-400]&#34;: [{&#34;extras&#34;: [], &#34;result&#34;: &#34;Passed&#34;, &#34;testId&#34;: &#34;TestExecution.py::test_execute_users[update_user_test-9-kbulstrodeb-pelfleeta-nan-Elfleet-pelfleeta@marriott.com-rP2}&gt;\\\\(8/o-518-845-6484-10-400]&#34;, &#34;duration&#34;: &#34;00:00:01&#34;, &#34;resultsTableRow&#34;: [&#34;&lt;td class=\&#34;col-result\&#34;&gt;Passed&lt;/td&gt;&#34;, &#34;&lt;td class=\&#34;col-testId\&#34;&gt;TestExecution.py::test_execute_users[update_user_test-9-kbulstrodeb-pelfleeta-nan-Elfleet-pelfleeta@marriott.com-rP2}&gt;\\\\(8/o-518-845-6484-10-400]&lt;/td&gt;&#34;, &#34;&lt;td class=\&#34;col-duration\&#34;&gt;00:00:01&lt;/td&gt;&#34;, &#34;&lt;td class=\&#34;col-links\&#34;&gt;&lt;/td&gt;&#34;], &#34;log&#34;: &#34;----------------------------- Captured stdout call -----------------------------\nInitialization of UserEndPoints class\n&#34;}], &#34;TestExecution.py::test_execute_users[update_user_test-10-pburstowc-kbulstrodeb-Kalli-nan-kbulstrodeb@microsoft.com-cF6*4bdTA-315-881-9458-11-400]&#34;: [{&#34;extras&#34;: [], &#34;result&#34;: &#34;Passed&#34;, &#34;testId&#34;: &#34;TestExecution.py::test_execute_users[update_user_test-10-pburstowc-kbulstrodeb-Kalli-nan-kbulstrodeb@microsoft.com-cF6*4bdTA-315-881-9458-11-400]&#34;, &#34;duration&#34;: &#34;00:00:01&#34;, &#34;resultsTableRow&#34;: [&#34;&lt;td class=\&#34;col-result\&#34;&gt;Passed&lt;/td&gt;&#34;, &#34;&lt;td class=\&#34;col-testId\&#34;&gt;TestExecution.py::test_execute_users[update_user_test-10-pburstowc-kbulstrodeb-Kalli-nan-kbulstrodeb@microsoft.com-cF6*4bdTA-315-881-9458-11-400]&lt;/td&gt;&#34;, &#34;&lt;td class=\&#34;col-duration\&#34;&gt;00:00:01&lt;/td&gt;&#34;, &#34;&lt;td class=\&#34;col-links\&#34;&gt;&lt;/td&gt;&#34;], &#34;log&#34;: &#34;----------------------------- Captured stdout call -----------------------------\nInitialization of UserEndPoints class\n&#34;}], &#34;TestExecution.py::test_execute_users[update_user_test-11-dlorenzod-pburstowc-Priscella-Burstow-nan-hN2#6U%uS-198-417-1859-12-400]&#34;: [{&#34;extras&#34;: [], &#34;result&#34;: &#34;Passed&#34;, &#34;testId&#34;: &#34;TestExecution.py::test_execute_users[update_user_test-11-dlorenzod-pburstowc-Priscella-Burstow-nan-hN2#6U%uS-198-417-1859-12-400]&#34;, &#34;duration&#34;: &#34;00:00:01&#34;, &#34;resultsTableRow&#34;: [&#34;&lt;td class=\&#34;col-result\&#34;&gt;Passed&lt;/td&gt;&#34;, &#34;&lt;td class=\&#34;col-testId\&#34;&gt;TestExecution.py::test_execute_users[update_user_test-11-dlorenzod-pburstowc-Priscella-Burstow-nan-hN2#6U%uS-198-417-1859-12-400]&lt;/td&gt;&#34;, &#34;&lt;td class=\&#34;col-duration\&#34;&gt;00:00:01&lt;/td&gt;&#34;, &#34;&lt;td class=\&#34;col-links\&#34;&gt;&lt;/td&gt;&#34;], &#34;log&#34;: &#34;----------------------------- Captured stdout call -----------------------------\nInitialization of UserEndPoints class\n&#34;}], &#34;TestExecution.py::test_execute_users[update_user_test-12-jtaskere-dlorenzod-Danyette-Lorenzo-dlorenzod@unc.edu-nan-124-614-6384-13-400]&#34;: [{&#34;extras&#34;: [], &#34;result&#34;: &#34;Passed&#34;, &#34;testId&#34;: &#34;TestExecution.py::test_execute_users[update_user_test-12-jtaskere-dlorenzod-Danyette-Lorenzo-dlorenzod@unc.edu-nan-124-614-6384-13-400]&#34;, &#34;duration&#34;: &#34;960 ms&#34;, &#34;resultsTableRow&#34;: [&#34;&lt;td class=\&#34;col-result\&#34;&gt;Passed&lt;/td&gt;&#34;, &#34;&lt;td class=\&#34;col-testId\&#34;&gt;TestExecution.py::test_execute_users[update_user_test-12-jtaskere-dlorenzod-Danyette-Lorenzo-dlorenzod@unc.edu-nan-124-614-6384-13-400]&lt;/td&gt;&#34;, &#34;&lt;td class=\&#34;col-duration\&#34;&gt;960 ms&lt;/td&gt;&#34;, &#34;&lt;td class=\&#34;col-links\&#34;&gt;&lt;/td&gt;&#34;], &#34;log&#34;: &#34;----------------------------- Captured stdout call -----------------------------\nInitialization of UserEndPoints class\n&#34;}], &#34;TestExecution.py::test_execute_users[update_user_test-13-kgreerf-jtaskere-Jermain-Tasker-jtaskere@sphinn.com-qF4!hk1XTC-nan-14-400]&#34;: [{&#34;extras&#34;: [], &#34;result&#34;: &#34;Passed&#34;, &#34;testId&#34;: &#34;TestExecution.py::test_execute_users[update_user_test-13-kgreerf-jtaskere-Jermain-Tasker-jtaskere@sphinn.com-qF4!hk1XTC-nan-14-400]&#34;, &#34;duration&#34;: &#34;992 ms&#34;, &#34;resultsTableRow&#34;: [&#34;&lt;td class=\&#34;col-result\&#34;&gt;Passed&lt;/td&gt;&#34;, &#34;&lt;td class=\&#34;col-testId\&#34;&gt;TestExecution.py::test_execute_users[update_user_test-13-kgreerf-jtaskere-Jermain-Tasker-jtaskere@sphinn.com-qF4!hk1XTC-nan-14-400]&lt;/td&gt;&#34;, &#34;&lt;td class=\&#34;col-duration\&#34;&gt;992 ms&lt;/td&gt;&#34;, &#34;&lt;td class=\&#34;col-links\&#34;&gt;&lt;/td&gt;&#34;], &#34;log&#34;: &#34;----------------------------- Captured stdout call -----------------------------\nInitialization of UserEndPoints class\n&#34;}], &#34;TestExecution.py::test_execute_users[update_user_test-14-gsture7-kgreerf-Karalee-Greer-kgreerf@simplemachines.org-iE8\\\\VQ/G-958-919-2877-nan-400]&#34;: [{&#34;extras&#34;: [], &#34;result&#34;: &#34;Passed&#34;, &#34;testId&#34;: &#34;TestExecution.py::test_execute_users[update_user_test-14-gsture7-kgreerf-Karalee-Greer-kgreerf@simplemachines.org-iE8\\\\VQ/G-958-919-2877-nan-400]&#34;, &#34;duration&#34;: &#34;984 ms&#34;, &#34;resultsTableRow&#34;: [&#34;&lt;td class=\&#34;col-result\&#34;&gt;Passed&lt;/td&gt;&#34;, &#34;&lt;td class=\&#34;col-testId\&#34;&gt;TestExecution.py::test_execute_users[update_user_test-14-gsture7-kgreerf-Karalee-Greer-kgreerf@simplemachines.org-iE8\\\\VQ/G-958-919-2877-nan-400]&lt;/td&gt;&#34;, &#34;&lt;td class=\&#34;col-duration\&#34;&gt;984 ms&lt;/td&gt;&#34;, &#34;&lt;td class=\&#34;col-links\&#34;&gt;&lt;/td&gt;&#34;], &#34;log&#34;: &#34;----------------------------- Captured stdout call -----------------------------\nInitialization of UserEndPoints class\n&#34;}], &#34;TestExecution.py::test_execute_users[update_user_test-nan-username-nan-nan-nan-nan-nan-nan-nan-400]&#34;: [{&#34;extras&#34;: [], &#34;result&#34;: &#34;Passed&#34;, &#34;testId&#34;: &#34;TestExecution.py::test_execute_users[update_user_test-nan-username-nan-nan-nan-nan-nan-nan-nan-400]&#34;, &#34;duration&#34;: &#34;971 ms&#34;, &#34;resultsTableRow&#34;: [&#34;&lt;td class=\&#34;col-result\&#34;&gt;Passed&lt;/td&gt;&#34;, &#34;&lt;td class=\&#34;col-testId\&#34;&gt;TestExecution.py::test_execute_users[update_user_test-nan-username-nan-nan-nan-nan-nan-nan-nan-400]&lt;/td&gt;&#34;, &#34;&lt;td class=\&#34;col-duration\&#34;&gt;971 ms&lt;/td&gt;&#34;, &#34;&lt;td class=\&#34;col-links\&#34;&gt;&lt;/td&gt;&#34;], &#34;log&#34;: &#34;----------------------------- Captured stdout call -----------------------------\nInitialization of UserEndPoints class\n&#34;}], &#34;TestExecution.py::test_execute_users[delete_user_test-nan-jtaskere-nan-nan-nan-nan-nan-nan-nan-404]&#34;: [{&#34;extras&#34;: [], &#34;result&#34;: &#34;Passed&#34;, &#34;testId&#34;: &#34;TestExecution.py::test_execute_users[delete_user_test-nan-jtaskere-nan-nan-nan-nan-nan-nan-nan-404]&#34;, &#34;duration&#34;: &#34;00:00:01&#34;, &#34;resultsTableRow&#34;: [&#34;&lt;td class=\&#34;col-result\&#34;&gt;Passed&lt;/td&gt;&#34;, &#34;&lt;td class=\&#34;col-testId\&#34;&gt;TestExecution.py::test_execute_users[delete_user_test-nan-jtaskere-nan-nan-nan-nan-nan-nan-nan-404]&lt;/td&gt;&#34;, &#34;&lt;td class=\&#34;col-duration\&#34;&gt;00:00:01&lt;/td&gt;&#34;, &#34;&lt;td class=\&#34;col-links\&#34;&gt;&lt;/td&gt;&#34;], &#34;log&#34;: &#34;----------------------------- Captured stdout call -----------------------------\nInitialization of UserEndPoints class\n&#34;}], &#34;TestExecution.py::test_execute_users[delete_user_test-nan-kgreerf-nan-nan-nan-nan-nan-nan-nan-404]&#34;: [{&#34;extras&#34;: [], &#34;result&#34;: &#34;Passed&#34;, &#34;testId&#34;: &#34;TestExecution.py::test_execute_users[delete_user_test-nan-kgreerf-nan-nan-nan-nan-nan-nan-nan-404]&#34;, &#34;duration&#34;: &#34;963 ms&#34;, &#34;resultsTableRow&#34;: [&#34;&lt;td class=\&#34;col-result\&#34;&gt;Passed&lt;/td&gt;&#34;, &#34;&lt;td class=\&#34;col-testId\&#34;&gt;TestExecution.py::test_execute_users[delete_user_test-nan-kgreerf-nan-nan-nan-nan-nan-nan-nan-404]&lt;/td&gt;&#34;, &#34;&lt;td class=\&#34;col-duration\&#34;&gt;963 ms&lt;/td&gt;&#34;, &#34;&lt;td class=\&#34;col-links\&#34;&gt;&lt;/td&gt;&#34;], &#34;log&#34;: &#34;----------------------------- Captured stdout call -----------------------------\nInitialization of UserEndPoints class\n&#34;}], &#34;TestExecution.py::test_execute_users[user_logout_test-nan-nan-nan-nan-nan-nan-nan-nan-nan-200]&#34;: [{&#34;extras&#34;: [], &#34;result&#34;: &#34;Passed&#34;, &#34;testId&#34;: &#34;TestExecution.py::test_execute_users[user_logout_test-nan-nan-nan-nan-nan-nan-nan-nan-nan-200]&#34;, &#34;duration&#34;: &#34;1 ms&#34;, &#34;resultsTableRow&#34;: [&#34;&lt;td class=\&#34;col-result\&#34;&gt;Passed&lt;/td&gt;&#34;, &#34;&lt;td class=\&#34;col-testId\&#34;&gt;TestExecution.py::test_execute_users[user_logout_test-nan-nan-nan-nan-nan-nan-nan-nan-nan-200]&lt;/td&gt;&#34;, &#34;&lt;td class=\&#34;col-duration\&#34;&gt;1 ms&lt;/td&gt;&#34;, &#34;&lt;td class=\&#34;col-links\&#34;&gt;&lt;/td&gt;&#34;], &#34;log&#34;: &#34;No log output captured.&#34;}], &#34;TestExecution.py::test_execute_order[create_order_test-789.0-987.0-nan-2024-01-07T10:55:20.785Z-processing-0.0-200]&#34;: [{&#34;extras&#34;: [], &#34;result&#34;: &#34;Failed&#34;, &#34;testId&#34;: &#34;TestExecution.py::test_execute_order[create_order_test-789.0-987.0-nan-2024-01-07T10:55:20.785Z-processing-0.0-200]&#34;, &#34;duration&#34;: &#34;00:00:01&#34;, &#34;resultsTableRow&#34;: [&#34;&lt;td class=\&#34;col-result\&#34;&gt;Failed&lt;/td&gt;&#34;, &#34;&lt;td class=\&#34;col-testId\&#34;&gt;TestExecution.py::test_execute_order[create_order_test-789.0-987.0-nan-2024-01-07T10:55:20.785Z-processing-0.0-200]&lt;/td&gt;&#34;, &#34;&lt;td class=\&#34;col-duration\&#34;&gt;00:00:01&lt;/td&gt;&#34;, &#34;&lt;td class=\&#34;col-links\&#34;&gt;&lt;/td&gt;&#34;], &#34;log&#34;: &#34;action = &amp;#x27;create_order_test&amp;#x27;, order_id = 789.0, pet_id = 987.0, quantity = nan, shipDate = &amp;#x27;2024-01-07T10:55:20.785Z&amp;#x27;, status = &amp;#x27;processing&amp;#x27;, complete = 0.0, expected_status_code = 200\n\n    @pytest.mark.parametrize(&amp;quot;action, order_id, pet_id, quantity, shipDate, status, complete, expected_status_code&amp;quot;,\n                             TestDataManagement().read_test_data(&amp;quot;Stores&amp;quot;, &amp;quot;Stores&amp;quot;).values)\n    def test_execute_order(action, order_id, pet_id, quantity, shipDate, status, complete, expected_status_code):\n        if action == &amp;quot;create_order_test&amp;quot;:\n&amp;gt;           create_order_test(url, order_id, pet_id, quantity, shipDate, status, complete, expected_status_code)\n\nTestExecution.py:34: \n_ _ _ _ _ _ _ _ _ _ _ _ _ _ _ _ _ _ _ _ _ _ _ _ _ _ _ _ _ _ _ _ _ _ _ _ _ _ _ _ _ _ _ _ _ _ _ _ _ _ _ _ _ _ _ _ _ _ _ _ _ _ _ _ _ _ _ _ _ _ _ _ _ _ _ _ _ _ _ _ _ _ _ _ _ _ _ _ _ _ _ _\n\nurl = &amp;#x27;https://petstore.swagger.io/v2/&amp;#x27;, order_id = 789.0, pet_id = 987.0, quantity = nan, shipDate = &amp;#x27;2024-01-07T10:55:20.785Z&amp;#x27;, status = &amp;#x27;processing&amp;#x27;, complete = False\nexpected_status_code = 200\n\n    def create_order_test(url, order_id, pet_id, quantity, shipDate, status, complete, expected_status_code):\n        store = StoreEndPoints(url)\n        if complete in [1.0, 1]:\n            complete = True\n        elif complete in [0.0, 0]:\n            complete = False\n        response = store.create_order(order_id, pet_id, quantity, shipDate, status, complete)\n&amp;gt;       assert response.status_code==expected_status_code, f&amp;quot;Expected status code {expected_status_code}, but got {response.status_code}. Error message: {response.text}&amp;quot;\nE       AssertionError: Expected status code 200, but got 400. Error message: {&amp;quot;code&amp;quot;:400,&amp;quot;type&amp;quot;:&amp;quot;unknown&amp;quot;,&amp;quot;message&amp;quot;:&amp;quot;bad input&amp;quot;}\n\nTestCases\\StoreTestCases.py:10: AssertionError\n\n----------------------------- Captured stdout call -----------------------------\nInitialization of StoreEndPoints class\n&#34;}], &#34;TestExecution.py::test_execute_order[create_order_test-999.0-888.0-1.0-nan-placed-0.0-200]&#34;: [{&#34;extras&#34;: [], &#34;result&#34;: &#34;Failed&#34;, &#34;testId&#34;: &#34;TestExecution.py::test_execute_order[create_order_test-999.0-888.0-1.0-nan-placed-0.0-200]&#34;, &#34;duration&#34;: &#34;00:00:01&#34;, &#34;resultsTableRow&#34;: [&#34;&lt;td class=\&#34;col-result\&#34;&gt;Failed&lt;/td&gt;&#34;, &#34;&lt;td class=\&#34;col-testId\&#34;&gt;TestExecution.py::test_execute_order[create_order_test-999.0-888.0-1.0-nan-placed-0.0-200]&lt;/td&gt;&#34;, &#34;&lt;td class=\&#34;col-duration\&#34;&gt;00:00:01&lt;/td&gt;&#34;, &#34;&lt;td class=\&#34;col-links\&#34;&gt;&lt;/td&gt;&#34;], &#34;log&#34;: &#34;action = &amp;#x27;create_order_test&amp;#x27;, order_id = 999.0, pet_id = 888.0, quantity = 1.0, shipDate = nan, status = &amp;#x27;placed&amp;#x27;, complete = 0.0, expected_status_code = 200\n\n    @pytest.mark.parametrize(&amp;quot;action, order_id, pet_id, quantity, shipDate, status, complete, expected_status_code&amp;quot;,\n                             TestDataManagement().read_test_data(&amp;quot;Stores&amp;quot;, &amp;quot;Stores&amp;quot;).values)\n    def test_execute_order(action, order_id, pet_id, quantity, shipDate, status, complete, expected_status_code):\n        if action == &amp;quot;create_order_test&amp;quot;:\n&amp;gt;           create_order_test(url, order_id, pet_id, quantity, shipDate, status, complete, expected_status_code)\n\nTestExecution.py:34: \n_ _ _ _ _ _ _ _ _ _ _ _ _ _ _ _ _ _ _ _ _ _ _ _ _ _ _ _ _ _ _ _ _ _ _ _ _ _ _ _ _ _ _ _ _ _ _ _ _ _ _ _ _ _ _ _ _ _ _ _ _ _ _ _ _ _ _ _ _ _ _ _ _ _ _ _ _ _ _ _ _ _ _ _ _ _ _ _ _ _ _ _\n\nurl = &amp;#x27;https://petstore.swagger.io/v2/&amp;#x27;, order_id = 999.0, pet_id = 888.0, quantity = 1.0, shipDate = nan, status = &amp;#x27;placed&amp;#x27;, complete = False, expected_status_code = 200\n\n    def create_order_test(url, order_id, pet_id, quantity, shipDate, status, complete, expected_status_code):\n        store = StoreEndPoints(url)\n        if complete in [1.0, 1]:\n            complete = True\n        elif complete in [0.0, 0]:\n            complete = False\n        response = store.create_order(order_id, pet_id, quantity, shipDate, status, complete)\n&amp;gt;       assert response.status_code==expected_status_code, f&amp;quot;Expected status code {expected_status_code}, but got {response.status_code}. Error message: {response.text}&amp;quot;\nE       AssertionError: Expected status code 200, but got 400. Error message: {&amp;quot;code&amp;quot;:400,&amp;quot;type&amp;quot;:&amp;quot;unknown&amp;quot;,&amp;quot;message&amp;quot;:&amp;quot;bad input&amp;quot;}\n\nTestCases\\StoreTestCases.py:10: AssertionError\n\n----------------------------- Captured stdout call -----------------------------\nInitialization of StoreEndPoints class\n&#34;}], &#34;TestExecution.py::test_execute_order[create_order_test-555.0-999.0-1.0-2024-09-05T11:11:11.111Z-nan-1.0-200]&#34;: [{&#34;extras&#34;: [], &#34;result&#34;: &#34;Failed&#34;, &#34;testId&#34;: &#34;TestExecution.py::test_execute_order[create_order_test-555.0-999.0-1.0-2024-09-05T11:11:11.111Z-nan-1.0-200]&#34;, &#34;duration&#34;: &#34;00:00:01&#34;, &#34;resultsTableRow&#34;: [&#34;&lt;td class=\&#34;col-result\&#34;&gt;Failed&lt;/td&gt;&#34;, &#34;&lt;td class=\&#34;col-testId\&#34;&gt;TestExecution.py::test_execute_order[create_order_test-555.0-999.0-1.0-2024-09-05T11:11:11.111Z-nan-1.0-200]&lt;/td&gt;&#34;, &#34;&lt;td class=\&#34;col-duration\&#34;&gt;00:00:01&lt;/td&gt;&#34;, &#34;&lt;td class=\&#34;col-links\&#34;&gt;&lt;/td&gt;&#34;], &#34;log&#34;: &#34;action = &amp;#x27;create_order_test&amp;#x27;, order_id = 555.0, pet_id = 999.0, quantity = 1.0, shipDate = &amp;#x27;2024-09-05T11:11:11.111Z&amp;#x27;, status = nan, complete = 1.0, expected_status_code = 200\n\n    @pytest.mark.parametrize(&amp;quot;action, order_id, pet_id, quantity, shipDate, status, complete, expected_status_code&amp;quot;,\n                             TestDataManagement().read_test_data(&amp;quot;Stores&amp;quot;, &amp;quot;Stores&amp;quot;).values)\n    def test_execute_order(action, order_id, pet_id, quantity, shipDate, status, complete, expected_status_code):\n        if action == &amp;quot;create_order_test&amp;quot;:\n&amp;gt;           create_order_test(url, order_id, pet_id, quantity, shipDate, status, complete, expected_status_code)\n\nTestExecution.py:34: \n_ _ _ _ _ _ _ _ _ _ _ _ _ _ _ _ _ _ _ _ _ _ _ _ _ _ _ _ _ _ _ _ _ _ _ _ _ _ _ _ _ _ _ _ _ _ _ _ _ _ _ _ _ _ _ _ _ _ _ _ _ _ _ _ _ _ _ _ _ _ _ _ _ _ _ _ _ _ _ _ _ _ _ _ _ _ _ _ _ _ _ _\n\nurl = &amp;#x27;https://petstore.swagger.io/v2/&amp;#x27;, order_id = 555.0, pet_id = 999.0, quantity = 1.0, shipDate = &amp;#x27;2024-09-05T11:11:11.111Z&amp;#x27;, status = nan, complete = True\nexpected_status_code = 200\n\n    def create_order_test(url, order_id, pet_id, quantity, shipDate, status, complete, expected_status_code):\n        store = StoreEndPoints(url)\n        if complete in [1.0, 1]:\n            complete = True\n        elif complete in [0.0, 0]:\n            complete = False\n        response = store.create_order(order_id, pet_id, quantity, shipDate, status, complete)\n&amp;gt;       assert response.status_code==expected_status_code, f&amp;quot;Expected status code {expected_status_code}, but got {response.status_code}. Error message: {response.text}&amp;quot;\nE       AssertionError: Expected status code 200, but got 400. Error message: {&amp;quot;code&amp;quot;:400,&amp;quot;type&amp;quot;:&amp;quot;unknown&amp;quot;,&amp;quot;message&amp;quot;:&amp;quot;bad input&amp;quot;}\n\nTestCases\\StoreTestCases.py:10: AssertionError\n\n----------------------------- Captured stdout call -----------------------------\nInitialization of StoreEndPoints class\n&#34;}], &#34;TestExecution.py::test_execute_order[create_order_test-222.0-333.0-2.0-nan-shipped-1.0-200]&#34;: [{&#34;extras&#34;: [], &#34;result&#34;: &#34;Failed&#34;, &#34;testId&#34;: &#34;TestExecution.py::test_execute_order[create_order_test-222.0-333.0-2.0-nan-shipped-1.0-200]&#34;, &#34;duration&#34;: &#34;00:00:01&#34;, &#34;resultsTableRow&#34;: [&#34;&lt;td class=\&#34;col-result\&#34;&gt;Failed&lt;/td&gt;&#34;, &#34;&lt;td class=\&#34;col-testId\&#34;&gt;TestExecution.py::test_execute_order[create_order_test-222.0-333.0-2.0-nan-shipped-1.0-200]&lt;/td&gt;&#34;, &#34;&lt;td class=\&#34;col-duration\&#34;&gt;00:00:01&lt;/td&gt;&#34;, &#34;&lt;td class=\&#34;col-links\&#34;&gt;&lt;/td&gt;&#34;], &#34;log&#34;: &#34;action = &amp;#x27;create_order_test&amp;#x27;, order_id = 222.0, pet_id = 333.0, quantity = 2.0, shipDate = nan, status = &amp;#x27;shipped&amp;#x27;, complete = 1.0, expected_status_code = 200\n\n    @pytest.mark.parametrize(&amp;quot;action, order_id, pet_id, quantity, shipDate, status, complete, expected_status_code&amp;quot;,\n                             TestDataManagement().read_test_data(&amp;quot;Stores&amp;quot;, &amp;quot;Stores&amp;quot;).values)\n    def test_execute_order(action, order_id, pet_id, quantity, shipDate, status, complete, expected_status_code):\n        if action == &amp;quot;create_order_test&amp;quot;:\n&amp;gt;           create_order_test(url, order_id, pet_id, quantity, shipDate, status, complete, expected_status_code)\n\nTestExecution.py:34: \n_ _ _ _ _ _ _ _ _ _ _ _ _ _ _ _ _ _ _ _ _ _ _ _ _ _ _ _ _ _ _ _ _ _ _ _ _ _ _ _ _ _ _ _ _ _ _ _ _ _ _ _ _ _ _ _ _ _ _ _ _ _ _ _ _ _ _ _ _ _ _ _ _ _ _ _ _ _ _ _ _ _ _ _ _ _ _ _ _ _ _ _\n\nurl = &amp;#x27;https://petstore.swagger.io/v2/&amp;#x27;, order_id = 222.0, pet_id = 333.0, quantity = 2.0, shipDate = nan, status = &amp;#x27;shipped&amp;#x27;, complete = True, expected_status_code = 200\n\n    def create_order_test(url, order_id, pet_id, quantity, shipDate, status, complete, expected_status_code):\n        store = StoreEndPoints(url)\n        if complete in [1.0, 1]:\n            complete = True\n        elif complete in [0.0, 0]:\n            complete = False\n        response = store.create_order(order_id, pet_id, quantity, shipDate, status, complete)\n&amp;gt;       assert response.status_code==expected_status_code, f&amp;quot;Expected status code {expected_status_code}, but got {response.status_code}. Error message: {response.text}&amp;quot;\nE       AssertionError: Expected status code 200, but got 400. Error message: {&amp;quot;code&amp;quot;:400,&amp;quot;type&amp;quot;:&amp;quot;unknown&amp;quot;,&amp;quot;message&amp;quot;:&amp;quot;bad input&amp;quot;}\n\nTestCases\\StoreTestCases.py:10: AssertionError\n\n----------------------------- Captured stdout call -----------------------------\nInitialization of StoreEndPoints class\n&#34;}], &#34;TestExecution.py::test_execute_order[create_order_test-0.0-0.0-0.0-2024-01-07T10:55:20.785Z-placed-1.0-200]&#34;: [{&#34;extras&#34;: [], &#34;result&#34;: &#34;Passed&#34;, &#34;testId&#34;: &#34;TestExecution.py::test_execute_order[create_order_test-0.0-0.0-0.0-2024-01-07T10:55:20.785Z-placed-1.0-200]&#34;, &#34;duration&#34;: &#34;00:00:01&#34;, &#34;resultsTableRow&#34;: [&#34;&lt;td class=\&#34;col-result\&#34;&gt;Passed&lt;/td&gt;&#34;, &#34;&lt;td class=\&#34;col-testId\&#34;&gt;TestExecution.py::test_execute_order[create_order_test-0.0-0.0-0.0-2024-01-07T10:55:20.785Z-placed-1.0-200]&lt;/td&gt;&#34;, &#34;&lt;td class=\&#34;col-duration\&#34;&gt;00:00:01&lt;/td&gt;&#34;, &#34;&lt;td class=\&#34;col-links\&#34;&gt;&lt;/td&gt;&#34;], &#34;log&#34;: &#34;----------------------------- Captured stdout call -----------------------------\nInitialization of StoreEndPoints class\n&#34;}], &#34;TestExecution.py::test_execute_order[create_order_test-123.0-456.0-2.0-2024-02-15T08:30:00.000Z-processing-0.0-200]&#34;: [{&#34;extras&#34;: [], &#34;result&#34;: &#34;Passed&#34;, &#34;testId&#34;: &#34;TestExecution.py::test_execute_order[create_order_test-123.0-456.0-2.0-2024-02-15T08:30:00.000Z-processing-0.0-200]&#34;, &#34;duration&#34;: &#34;00:00:01&#34;, &#34;resultsTableRow&#34;: [&#34;&lt;td class=\&#34;col-result\&#34;&gt;Passed&lt;/td&gt;&#34;, &#34;&lt;td class=\&#34;col-testId\&#34;&gt;TestExecution.py::test_execute_order[create_order_test-123.0-456.0-2.0-2024-02-15T08:30:00.000Z-processing-0.0-200]&lt;/td&gt;&#34;, &#34;&lt;td class=\&#34;col-duration\&#34;&gt;00:00:01&lt;/td&gt;&#34;, &#34;&lt;td class=\&#34;col-links\&#34;&gt;&lt;/td&gt;&#34;], &#34;log&#34;: &#34;----------------------------- Captured stdout call -----------------------------\nInitialization of StoreEndPoints class\n&#34;}], &#34;TestExecution.py::test_execute_order[create_order_test-789.0-987.0-0.0-2024-03-20T15:45:10.123Z-shipped-1.0-200]&#34;: [{&#34;extras&#34;: [], &#34;result&#34;: &#34;Passed&#34;, &#34;testId&#34;: &#34;TestExecution.py::test_execute_order[create_order_test-789.0-987.0-0.0-2024-03-20T15:45:10.123Z-shipped-1.0-200]&#34;, &#34;duration&#34;: &#34;00:00:01&#34;, &#34;resultsTableRow&#34;: [&#34;&lt;td class=\&#34;col-result\&#34;&gt;Passed&lt;/td&gt;&#34;, &#34;&lt;td class=\&#34;col-testId\&#34;&gt;TestExecution.py::test_execute_order[create_order_test-789.0-987.0-0.0-2024-03-20T15:45:10.123Z-shipped-1.0-200]&lt;/td&gt;&#34;, &#34;&lt;td class=\&#34;col-duration\&#34;&gt;00:00:01&lt;/td&gt;&#34;, &#34;&lt;td class=\&#34;col-links\&#34;&gt;&lt;/td&gt;&#34;], &#34;log&#34;: &#34;----------------------------- Captured stdout call -----------------------------\nInitialization of StoreEndPoints class\n&#34;}], &#34;TestExecution.py::test_execute_order[create_order_test-555.0-111.0--1.0-2024-04-12T12:00:00.000Z-pending-0.0-200]&#34;: [{&#34;extras&#34;: [], &#34;result&#34;: &#34;Passed&#34;, &#34;testId&#34;: &#34;TestExecution.py::test_execute_order[create_order_test-555.0-111.0--1.0-2024-04-12T12:00:00.000Z-pending-0.0-200]&#34;, &#34;duration&#34;: &#34;00:00:01&#34;, &#34;resultsTableRow&#34;: [&#34;&lt;td class=\&#34;col-result\&#34;&gt;Passed&lt;/td&gt;&#34;, &#34;&lt;td class=\&#34;col-testId\&#34;&gt;TestExecution.py::test_execute_order[create_order_test-555.0-111.0--1.0-2024-04-12T12:00:00.000Z-pending-0.0-200]&lt;/td&gt;&#34;, &#34;&lt;td class=\&#34;col-duration\&#34;&gt;00:00:01&lt;/td&gt;&#34;, &#34;&lt;td class=\&#34;col-links\&#34;&gt;&lt;/td&gt;&#34;], &#34;log&#34;: &#34;----------------------------- Captured stdout call -----------------------------\nInitialization of StoreEndPoints class\n&#34;}], &#34;TestExecution.py::test_execute_order[create_order_test-222.0-333.0-3.0-2025-01-01T18:20:30.500Z-delivered-1.0-200]&#34;: [{&#34;extras&#34;: [], &#34;result&#34;: &#34;Passed&#34;, &#34;testId&#34;: &#34;TestExecution.py::test_execute_order[create_order_test-222.0-333.0-3.0-2025-01-01T18:20:30.500Z-delivered-1.0-200]&#34;, &#34;duration&#34;: &#34;00:00:01&#34;, &#34;resultsTableRow&#34;: [&#34;&lt;td class=\&#34;col-result\&#34;&gt;Passed&lt;/td&gt;&#34;, &#34;&lt;td class=\&#34;col-testId\&#34;&gt;TestExecution.py::test_execute_order[create_order_test-222.0-333.0-3.0-2025-01-01T18:20:30.500Z-delivered-1.0-200]&lt;/td&gt;&#34;, &#34;&lt;td class=\&#34;col-duration\&#34;&gt;00:00:01&lt;/td&gt;&#34;, &#34;&lt;td class=\&#34;col-links\&#34;&gt;&lt;/td&gt;&#34;], &#34;log&#34;: &#34;----------------------------- Captured stdout call -----------------------------\nInitialization of StoreEndPoints class\n&#34;}], &#34;TestExecution.py::test_execute_order[create_order_test-777.0-666.0-4.0-2024-06-30T09:45:00.000Z-cancelled-0.0-200]&#34;: [{&#34;extras&#34;: [], &#34;result&#34;: &#34;Passed&#34;, &#34;testId&#34;: &#34;TestExecution.py::test_execute_order[create_order_test-777.0-666.0-4.0-2024-06-30T09:45:00.000Z-cancelled-0.0-200]&#34;, &#34;duration&#34;: &#34;00:00:01&#34;, &#34;resultsTableRow&#34;: [&#34;&lt;td class=\&#34;col-result\&#34;&gt;Passed&lt;/td&gt;&#34;, &#34;&lt;td class=\&#34;col-testId\&#34;&gt;TestExecution.py::test_execute_order[create_order_test-777.0-666.0-4.0-2024-06-30T09:45:00.000Z-cancelled-0.0-200]&lt;/td&gt;&#34;, &#34;&lt;td class=\&#34;col-duration\&#34;&gt;00:00:01&lt;/td&gt;&#34;, &#34;&lt;td class=\&#34;col-links\&#34;&gt;&lt;/td&gt;&#34;], &#34;log&#34;: &#34;----------------------------- Captured stdout call -----------------------------\nInitialization of StoreEndPoints class\n&#34;}], &#34;TestExecution.py::test_execute_order[create_order_test-333.0-444.0-1000.0-2024-07-15T14:30:45.678Z-processing-1.0-200]&#34;: [{&#34;extras&#34;: [], &#34;result&#34;: &#34;Passed&#34;, &#34;testId&#34;: &#34;TestExecution.py::test_execute_order[create_order_test-333.0-444.0-1000.0-2024-07-15T14:30:45.678Z-processing-1.0-200]&#34;, &#34;duration&#34;: &#34;00:00:01&#34;, &#34;resultsTableRow&#34;: [&#34;&lt;td class=\&#34;col-result\&#34;&gt;Passed&lt;/td&gt;&#34;, &#34;&lt;td class=\&#34;col-testId\&#34;&gt;TestExecution.py::test_execute_order[create_order_test-333.0-444.0-1000.0-2024-07-15T14:30:45.678Z-processing-1.0-200]&lt;/td&gt;&#34;, &#34;&lt;td class=\&#34;col-duration\&#34;&gt;00:00:01&lt;/td&gt;&#34;, &#34;&lt;td class=\&#34;col-links\&#34;&gt;&lt;/td&gt;&#34;], &#34;log&#34;: &#34;----------------------------- Captured stdout call -----------------------------\nInitialization of StoreEndPoints class\n&#34;}], &#34;TestExecution.py::test_execute_order[create_order_test--123.0--456.0-2.0-2024-08-22T20:10:00.000Z-shipped-0.0-200]&#34;: [{&#34;extras&#34;: [], &#34;result&#34;: &#34;Passed&#34;, &#34;testId&#34;: &#34;TestExecution.py::test_execute_order[create_order_test--123.0--456.0-2.0-2024-08-22T20:10:00.000Z-shipped-0.0-200]&#34;, &#34;duration&#34;: &#34;00:00:01&#34;, &#34;resultsTableRow&#34;: [&#34;&lt;td class=\&#34;col-result\&#34;&gt;Passed&lt;/td&gt;&#34;, &#34;&lt;td class=\&#34;col-testId\&#34;&gt;TestExecution.py::test_execute_order[create_order_test--123.0--456.0-2.0-2024-08-22T20:10:00.000Z-shipped-0.0-200]&lt;/td&gt;&#34;, &#34;&lt;td class=\&#34;col-duration\&#34;&gt;00:00:01&lt;/td&gt;&#34;, &#34;&lt;td class=\&#34;col-links\&#34;&gt;&lt;/td&gt;&#34;], &#34;log&#34;: &#34;----------------------------- Captured stdout call -----------------------------\nInitialization of StoreEndPoints class\n&#34;}], &#34;TestExecution.py::test_execute_order[create_order_test-777.0-999.0--100.0-2024-01-07T10:55:20.785Z-cancelled-0.0-200]&#34;: [{&#34;extras&#34;: [], &#34;result&#34;: &#34;Passed&#34;, &#34;testId&#34;: &#34;TestExecution.py::test_execute_order[create_order_test-777.0-999.0--100.0-2024-01-07T10:55:20.785Z-cancelled-0.0-200]&#34;, &#34;duration&#34;: &#34;999 ms&#34;, &#34;resultsTableRow&#34;: [&#34;&lt;td class=\&#34;col-result\&#34;&gt;Passed&lt;/td&gt;&#34;, &#34;&lt;td class=\&#34;col-testId\&#34;&gt;TestExecution.py::test_execute_order[create_order_test-777.0-999.0--100.0-2024-01-07T10:55:20.785Z-cancelled-0.0-200]&lt;/td&gt;&#34;, &#34;&lt;td class=\&#34;col-duration\&#34;&gt;999 ms&lt;/td&gt;&#34;, &#34;&lt;td class=\&#34;col-links\&#34;&gt;&lt;/td&gt;&#34;], &#34;log&#34;: &#34;----------------------------- Captured stdout call -----------------------------\nInitialization of StoreEndPoints class\n&#34;}], &#34;TestExecution.py::test_execute_order[create_order_test-111.0-222.0-1.0-2024-01-07T10:55:20.785Z-processing-1.0-200]&#34;: [{&#34;extras&#34;: [], &#34;result&#34;: &#34;Passed&#34;, &#34;testId&#34;: &#34;TestExecution.py::test_execute_order[create_order_test-111.0-222.0-1.0-2024-01-07T10:55:20.785Z-processing-1.0-200]&#34;, &#34;duration&#34;: &#34;1000 ms&#34;, &#34;resultsTableRow&#34;: [&#34;&lt;td class=\&#34;col-result\&#34;&gt;Passed&lt;/td&gt;&#34;, &#34;&lt;td class=\&#34;col-testId\&#34;&gt;TestExecution.py::test_execute_order[create_order_test-111.0-222.0-1.0-2024-01-07T10:55:20.785Z-processing-1.0-200]&lt;/td&gt;&#34;, &#34;&lt;td class=\&#34;col-duration\&#34;&gt;1000 ms&lt;/td&gt;&#34;, &#34;&lt;td class=\&#34;col-links\&#34;&gt;&lt;/td&gt;&#34;], &#34;log&#34;: &#34;----------------------------- Captured stdout call -----------------------------\nInitialization of StoreEndPoints class\n&#34;}], &#34;TestExecution.py::test_execute_order[create_order_test-999999.0-888888.0-5.0-2024-01-07T10:55:20.785Z-shipped-0.0-200]&#34;: [{&#34;extras&#34;: [], &#34;result&#34;: &#34;Passed&#34;, &#34;testId&#34;: &#34;TestExecution.py::test_execute_order[create_order_test-999999.0-888888.0-5.0-2024-01-07T10:55:20.785Z-shipped-0.0-200]&#34;, &#34;duration&#34;: &#34;967 ms&#34;, &#34;resultsTableRow&#34;: [&#34;&lt;td class=\&#34;col-result\&#34;&gt;Passed&lt;/td&gt;&#34;, &#34;&lt;td class=\&#34;col-testId\&#34;&gt;TestExecution.py::test_execute_order[create_order_test-999999.0-888888.0-5.0-2024-01-07T10:55:20.785Z-shipped-0.0-200]&lt;/td&gt;&#34;, &#34;&lt;td class=\&#34;col-duration\&#34;&gt;967 ms&lt;/td&gt;&#34;, &#34;&lt;td class=\&#34;col-links\&#34;&gt;&lt;/td&gt;&#34;], &#34;log&#34;: &#34;----------------------------- Captured stdout call -----------------------------\nInitialization of StoreEndPoints class\n&#34;}], &#34;TestExecution.py::test_execute_order[create_order_test-123.0-456.0-2.0-2024-01-07T10:55:20.999Z-delivered-1.0-200]&#34;: [{&#34;extras&#34;: [], &#34;result&#34;: &#34;Passed&#34;, &#34;testId&#34;: &#34;TestExecution.py::test_execute_order[create_order_test-123.0-456.0-2.0-2024-01-07T10:55:20.999Z-delivered-1.0-200]&#34;, &#34;duration&#34;: &#34;00:00:01&#34;, &#34;resultsTableRow&#34;: [&#34;&lt;td class=\&#34;col-result\&#34;&gt;Passed&lt;/td&gt;&#34;, &#34;&lt;td class=\&#34;col-testId\&#34;&gt;TestExecution.py::test_execute_order[create_order_test-123.0-456.0-2.0-2024-01-07T10:55:20.999Z-delivered-1.0-200]&lt;/td&gt;&#34;, &#34;&lt;td class=\&#34;col-duration\&#34;&gt;00:00:01&lt;/td&gt;&#34;, &#34;&lt;td class=\&#34;col-links\&#34;&gt;&lt;/td&gt;&#34;], &#34;log&#34;: &#34;----------------------------- Captured stdout call -----------------------------\nInitialization of StoreEndPoints class\n&#34;}], &#34;TestExecution.py::test_execute_order[create_order_test-123.0-789.0-2.0-shipDate16-pending-0.0-200]&#34;: [{&#34;extras&#34;: [], &#34;result&#34;: &#34;Failed&#34;, &#34;testId&#34;: &#34;TestExecution.py::test_execute_order[create_order_test-123.0-789.0-2.0-shipDate16-pending-0.0-200]&#34;, &#34;duration&#34;: &#34;3 ms&#34;, &#34;resultsTableRow&#34;: [&#34;&lt;td class=\&#34;col-result\&#34;&gt;Failed&lt;/td&gt;&#34;, &#34;&lt;td class=\&#34;col-testId\&#34;&gt;TestExecution.py::test_execute_order[create_order_test-123.0-789.0-2.0-shipDate16-pending-0.0-200]&lt;/td&gt;&#34;, &#34;&lt;td class=\&#34;col-duration\&#34;&gt;3 ms&lt;/td&gt;&#34;, &#34;&lt;td class=\&#34;col-links\&#34;&gt;&lt;/td&gt;&#34;], &#34;log&#34;: &#34;action = &amp;#x27;create_order_test&amp;#x27;, order_id = 123.0, pet_id = 789.0, quantity = 2.0, shipDate = datetime.datetime(2024, 10, 10, 0, 0), status = &amp;#x27;pending&amp;#x27;, complete = 0.0\nexpected_status_code = 200\n\n    @pytest.mark.parametrize(&amp;quot;action, order_id, pet_id, quantity, shipDate, status, complete, expected_status_code&amp;quot;,\n                             TestDataManagement().read_test_data(&amp;quot;Stores&amp;quot;, &amp;quot;Stores&amp;quot;).values)\n    def test_execute_order(action, order_id, pet_id, quantity, shipDate, status, complete, expected_status_code):\n        if action == &amp;quot;create_order_test&amp;quot;:\n&amp;gt;           create_order_test(url, order_id, pet_id, quantity, shipDate, status, complete, expected_status_code)\n\nTestExecution.py:34: \n_ _ _ _ _ _ _ _ _ _ _ _ _ _ _ _ _ _ _ _ _ _ _ _ _ _ _ _ _ _ _ _ _ _ _ _ _ _ _ _ _ _ _ _ _ _ _ _ _ _ _ _ _ _ _ _ _ _ _ _ _ _ _ _ _ _ _ _ _ _ _ _ _ _ _ _ _ _ _ _ _ _ _ _ _ _ _ _ _ _ _ _\nTestCases\\StoreTestCases.py:9: in create_order_test\n    response = store.create_order(order_id, pet_id, quantity, shipDate, status, complete)\nEndPoints\\StoreEndPoints.py:20: in create_order\n    payload = json.dumps(payload)\n..\\..\\appdata\\local\\programs\\python\\python39\\lib\\json\\__init__.py:231: in dumps\n    return _default_encoder.encode(obj)\n..\\..\\appdata\\local\\programs\\python\\python39\\lib\\json\\encoder.py:199: in encode\n    chunks = self.iterencode(o, _one_shot=True)\n..\\..\\appdata\\local\\programs\\python\\python39\\lib\\json\\encoder.py:257: in iterencode\n    return _iterencode(o, 0)\n_ _ _ _ _ _ _ _ _ _ _ _ _ _ _ _ _ _ _ _ _ _ _ _ _ _ _ _ _ _ _ _ _ _ _ _ _ _ _ _ _ _ _ _ _ _ _ _ _ _ _ _ _ _ _ _ _ _ _ _ _ _ _ _ _ _ _ _ _ _ _ _ _ _ _ _ _ _ _ _ _ _ _ _ _ _ _ _ _ _ _ _\n\nself = &amp;lt;json.encoder.JSONEncoder object at 0x0000017C576038E0&amp;gt;, o = datetime.datetime(2024, 10, 10, 0, 0)\n\n    def default(self, o):\n        &amp;quot;&amp;quot;&amp;quot;Implement this method in a subclass such that it returns\n        a serializable object for ``o``, or calls the base implementation\n        (to raise a ``TypeError``).\n    \n        For example, to support arbitrary iterators, you could\n        implement default like this::\n    \n            def default(self, o):\n                try:\n                    iterable = iter(o)\n                except TypeError:\n                    pass\n                else:\n                    return list(iterable)\n                # Let the base class default method raise the TypeError\n                return JSONEncoder.default(self, o)\n    \n        &amp;quot;&amp;quot;&amp;quot;\n&amp;gt;       raise TypeError(f&amp;#x27;Object of type {o.__class__.__name__} &amp;#x27;\n                        f&amp;#x27;is not JSON serializable&amp;#x27;)\nE       TypeError: Object of type datetime is not JSON serializable\n\n..\\..\\appdata\\local\\programs\\python\\python39\\lib\\json\\encoder.py:179: TypeError\n\n----------------------------- Captured stdout call -----------------------------\nInitialization of StoreEndPoints class\n&#34;}], &#34;TestExecution.py::test_execute_order[create_order_test-987.0-654.0-3.0-2024-11-20T16:30:00.000Z-approved-0.0-200]&#34;: [{&#34;extras&#34;: [], &#34;result&#34;: &#34;Passed&#34;, &#34;testId&#34;: &#34;TestExecution.py::test_execute_order[create_order_test-987.0-654.0-3.0-2024-11-20T16:30:00.000Z-approved-0.0-200]&#34;, &#34;duration&#34;: &#34;00:00:01&#34;, &#34;resultsTableRow&#34;: [&#34;&lt;td class=\&#34;col-result\&#34;&gt;Passed&lt;/td&gt;&#34;, &#34;&lt;td class=\&#34;col-testId\&#34;&gt;TestExecution.py::test_execute_order[create_order_test-987.0-654.0-3.0-2024-11-20T16:30:00.000Z-approved-0.0-200]&lt;/td&gt;&#34;, &#34;&lt;td class=\&#34;col-duration\&#34;&gt;00:00:01&lt;/td&gt;&#34;, &#34;&lt;td class=\&#34;col-links\&#34;&gt;&lt;/td&gt;&#34;], &#34;log&#34;: &#34;----------------------------- Captured stdout call -----------------------------\nInitialization of StoreEndPoints class\n&#34;}], &#34;TestExecution.py::test_execute_order[create_order_test-456.0-nan-2.0-shipDate18-pending-0.0-200]&#34;: [{&#34;extras&#34;: [], &#34;result&#34;: &#34;Failed&#34;, &#34;testId&#34;: &#34;TestExecution.py::test_execute_order[create_order_test-456.0-nan-2.0-shipDate18-pending-0.0-200]&#34;, &#34;duration&#34;: &#34;3 ms&#34;, &#34;resultsTableRow&#34;: [&#34;&lt;td class=\&#34;col-result\&#34;&gt;Failed&lt;/td&gt;&#34;, &#34;&lt;td class=\&#34;col-testId\&#34;&gt;TestExecution.py::test_execute_order[create_order_test-456.0-nan-2.0-shipDate18-pending-0.0-200]&lt;/td&gt;&#34;, &#34;&lt;td class=\&#34;col-duration\&#34;&gt;3 ms&lt;/td&gt;&#34;, &#34;&lt;td class=\&#34;col-links\&#34;&gt;&lt;/td&gt;&#34;], &#34;log&#34;: &#34;action = &amp;#x27;create_order_test&amp;#x27;, order_id = 456.0, pet_id = nan, quantity = 2.0, shipDate = datetime.datetime(2024, 10, 10, 0, 0), status = &amp;#x27;pending&amp;#x27;, complete = 0.0\nexpected_status_code = 200\n\n    @pytest.mark.parametrize(&amp;quot;action, order_id, pet_id, quantity, shipDate, status, complete, expected_status_code&amp;quot;,\n                             TestDataManagement().read_test_data(&amp;quot;Stores&amp;quot;, &amp;quot;Stores&amp;quot;).values)\n    def test_execute_order(action, order_id, pet_id, quantity, shipDate, status, complete, expected_status_code):\n        if action == &amp;quot;create_order_test&amp;quot;:\n&amp;gt;           create_order_test(url, order_id, pet_id, quantity, shipDate, status, complete, expected_status_code)\n\nTestExecution.py:34: \n_ _ _ _ _ _ _ _ _ _ _ _ _ _ _ _ _ _ _ _ _ _ _ _ _ _ _ _ _ _ _ _ _ _ _ _ _ _ _ _ _ _ _ _ _ _ _ _ _ _ _ _ _ _ _ _ _ _ _ _ _ _ _ _ _ _ _ _ _ _ _ _ _ _ _ _ _ _ _ _ _ _ _ _ _ _ _ _ _ _ _ _\nTestCases\\StoreTestCases.py:9: in create_order_test\n    response = store.create_order(order_id, pet_id, quantity, shipDate, status, complete)\nEndPoints\\StoreEndPoints.py:20: in create_order\n    payload = json.dumps(payload)\n..\\..\\appdata\\local\\programs\\python\\python39\\lib\\json\\__init__.py:231: in dumps\n    return _default_encoder.encode(obj)\n..\\..\\appdata\\local\\programs\\python\\python39\\lib\\json\\encoder.py:199: in encode\n    chunks = self.iterencode(o, _one_shot=True)\n..\\..\\appdata\\local\\programs\\python\\python39\\lib\\json\\encoder.py:257: in iterencode\n    return _iterencode(o, 0)\n_ _ _ _ _ _ _ _ _ _ _ _ _ _ _ _ _ _ _ _ _ _ _ _ _ _ _ _ _ _ _ _ _ _ _ _ _ _ _ _ _ _ _ _ _ _ _ _ _ _ _ _ _ _ _ _ _ _ _ _ _ _ _ _ _ _ _ _ _ _ _ _ _ _ _ _ _ _ _ _ _ _ _ _ _ _ _ _ _ _ _ _\n\nself = &amp;lt;json.encoder.JSONEncoder object at 0x0000017C576038E0&amp;gt;, o = datetime.datetime(2024, 10, 10, 0, 0)\n\n    def default(self, o):\n        &amp;quot;&amp;quot;&amp;quot;Implement this method in a subclass such that it returns\n        a serializable object for ``o``, or calls the base implementation\n        (to raise a ``TypeError``).\n    \n        For example, to support arbitrary iterators, you could\n        implement default like this::\n    \n            def default(self, o):\n                try:\n                    iterable = iter(o)\n                except TypeError:\n                    pass\n                else:\n                    return list(iterable)\n                # Let the base class default method raise the TypeError\n                return JSONEncoder.default(self, o)\n    \n        &amp;quot;&amp;quot;&amp;quot;\n&amp;gt;       raise TypeError(f&amp;#x27;Object of type {o.__class__.__name__} &amp;#x27;\n                        f&amp;#x27;is not JSON serializable&amp;#x27;)\nE       TypeError: Object of type datetime is not JSON serializable\n\n..\\..\\appdata\\local\\programs\\python\\python39\\lib\\json\\encoder.py:179: TypeError\n\n----------------------------- Captured stdout call -----------------------------\nInitialization of StoreEndPoints class\n&#34;}], &#34;TestExecution.py::test_execute_order[create_order_test-nan-890.0-3.0-2024-11-20T16:30:00.000Z-approved-0.0-200]&#34;: [{&#34;extras&#34;: [], &#34;result&#34;: &#34;Failed&#34;, &#34;testId&#34;: &#34;TestExecution.py::test_execute_order[create_order_test-nan-890.0-3.0-2024-11-20T16:30:00.000Z-approved-0.0-200]&#34;, &#34;duration&#34;: &#34;00:00:01&#34;, &#34;resultsTableRow&#34;: [&#34;&lt;td class=\&#34;col-result\&#34;&gt;Failed&lt;/td&gt;&#34;, &#34;&lt;td class=\&#34;col-testId\&#34;&gt;TestExecution.py::test_execute_order[create_order_test-nan-890.0-3.0-2024-11-20T16:30:00.000Z-approved-0.0-200]&lt;/td&gt;&#34;, &#34;&lt;td class=\&#34;col-duration\&#34;&gt;00:00:01&lt;/td&gt;&#34;, &#34;&lt;td class=\&#34;col-links\&#34;&gt;&lt;/td&gt;&#34;], &#34;log&#34;: &#34;action = &amp;#x27;create_order_test&amp;#x27;, order_id = nan, pet_id = 890.0, quantity = 3.0, shipDate = &amp;#x27;2024-11-20T16:30:00.000Z&amp;#x27;, status = &amp;#x27;approved&amp;#x27;, complete = 0.0, expected_status_code = 200\n\n    @pytest.mark.parametrize(&amp;quot;action, order_id, pet_id, quantity, shipDate, status, complete, expected_status_code&amp;quot;,\n                             TestDataManagement().read_test_data(&amp;quot;Stores&amp;quot;, &amp;quot;Stores&amp;quot;).values)\n    def test_execute_order(action, order_id, pet_id, quantity, shipDate, status, complete, expected_status_code):\n        if action == &amp;quot;create_order_test&amp;quot;:\n&amp;gt;           create_order_test(url, order_id, pet_id, quantity, shipDate, status, complete, expected_status_code)\n\nTestExecution.py:34: \n_ _ _ _ _ _ _ _ _ _ _ _ _ _ _ _ _ _ _ _ _ _ _ _ _ _ _ _ _ _ _ _ _ _ _ _ _ _ _ _ _ _ _ _ _ _ _ _ _ _ _ _ _ _ _ _ _ _ _ _ _ _ _ _ _ _ _ _ _ _ _ _ _ _ _ _ _ _ _ _ _ _ _ _ _ _ _ _ _ _ _ _\n\nurl = &amp;#x27;https://petstore.swagger.io/v2/&amp;#x27;, order_id = nan, pet_id = 890.0, quantity = 3.0, shipDate = &amp;#x27;2024-11-20T16:30:00.000Z&amp;#x27;, status = &amp;#x27;approved&amp;#x27;, complete = False\nexpected_status_code = 200\n\n    def create_order_test(url, order_id, pet_id, quantity, shipDate, status, complete, expected_status_code):\n        store = StoreEndPoints(url)\n        if complete in [1.0, 1]:\n            complete = True\n        elif complete in [0.0, 0]:\n            complete = False\n        response = store.create_order(order_id, pet_id, quantity, shipDate, status, complete)\n&amp;gt;       assert response.status_code==expected_status_code, f&amp;quot;Expected status code {expected_status_code}, but got {response.status_code}. Error message: {response.text}&amp;quot;\nE       AssertionError: Expected status code 200, but got 400. Error message: {&amp;quot;code&amp;quot;:400,&amp;quot;type&amp;quot;:&amp;quot;unknown&amp;quot;,&amp;quot;message&amp;quot;:&amp;quot;bad input&amp;quot;}\n\nTestCases\\StoreTestCases.py:10: AssertionError\n\n----------------------------- Captured stdout call -----------------------------\nInitialization of StoreEndPoints class\n&#34;}], &#34;TestExecution.py::test_execute_order[create_order_test-nan-890.0-3.0-2024-11-20T16:30:00.000Z-approved-1234.0-200]&#34;: [{&#34;extras&#34;: [], &#34;result&#34;: &#34;Failed&#34;, &#34;testId&#34;: &#34;TestExecution.py::test_execute_order[create_order_test-nan-890.0-3.0-2024-11-20T16:30:00.000Z-approved-1234.0-200]&#34;, &#34;duration&#34;: &#34;00:00:01&#34;, &#34;resultsTableRow&#34;: [&#34;&lt;td class=\&#34;col-result\&#34;&gt;Failed&lt;/td&gt;&#34;, &#34;&lt;td class=\&#34;col-testId\&#34;&gt;TestExecution.py::test_execute_order[create_order_test-nan-890.0-3.0-2024-11-20T16:30:00.000Z-approved-1234.0-200]&lt;/td&gt;&#34;, &#34;&lt;td class=\&#34;col-duration\&#34;&gt;00:00:01&lt;/td&gt;&#34;, &#34;&lt;td class=\&#34;col-links\&#34;&gt;&lt;/td&gt;&#34;], &#34;log&#34;: &#34;action = &amp;#x27;create_order_test&amp;#x27;, order_id = nan, pet_id = 890.0, quantity = 3.0, shipDate = &amp;#x27;2024-11-20T16:30:00.000Z&amp;#x27;, status = &amp;#x27;approved&amp;#x27;, complete = 1234.0, expected_status_code = 200\n\n    @pytest.mark.parametrize(&amp;quot;action, order_id, pet_id, quantity, shipDate, status, complete, expected_status_code&amp;quot;,\n                             TestDataManagement().read_test_data(&amp;quot;Stores&amp;quot;, &amp;quot;Stores&amp;quot;).values)\n    def test_execute_order(action, order_id, pet_id, quantity, shipDate, status, complete, expected_status_code):\n        if action == &amp;quot;create_order_test&amp;quot;:\n&amp;gt;           create_order_test(url, order_id, pet_id, quantity, shipDate, status, complete, expected_status_code)\n\nTestExecution.py:34: \n_ _ _ _ _ _ _ _ _ _ _ _ _ _ _ _ _ _ _ _ _ _ _ _ _ _ _ _ _ _ _ _ _ _ _ _ _ _ _ _ _ _ _ _ _ _ _ _ _ _ _ _ _ _ _ _ _ _ _ _ _ _ _ _ _ _ _ _ _ _ _ _ _ _ _ _ _ _ _ _ _ _ _ _ _ _ _ _ _ _ _ _\n\nurl = &amp;#x27;https://petstore.swagger.io/v2/&amp;#x27;, order_id = nan, pet_id = 890.0, quantity = 3.0, shipDate = &amp;#x27;2024-11-20T16:30:00.000Z&amp;#x27;, status = &amp;#x27;approved&amp;#x27;, complete = 1234.0\nexpected_status_code = 200\n\n    def create_order_test(url, order_id, pet_id, quantity, shipDate, status, complete, expected_status_code):\n        store = StoreEndPoints(url)\n        if complete in [1.0, 1]:\n            complete = True\n        elif complete in [0.0, 0]:\n            complete = False\n        response = store.create_order(order_id, pet_id, quantity, shipDate, status, complete)\n&amp;gt;       assert response.status_code==expected_status_code, f&amp;quot;Expected status code {expected_status_code}, but got {response.status_code}. Error message: {response.text}&amp;quot;\nE       AssertionError: Expected status code 200, but got 400. Error message: {&amp;quot;code&amp;quot;:400,&amp;quot;type&amp;quot;:&amp;quot;unknown&amp;quot;,&amp;quot;message&amp;quot;:&amp;quot;bad input&amp;quot;}\n\nTestCases\\StoreTestCases.py:10: AssertionError\n\n----------------------------- Captured stdout call -----------------------------\nInitialization of StoreEndPoints class\n&#34;}], &#34;TestExecution.py::test_execute_order[get_order_test-789.0-nan-nan-nan-nan-nan-200]&#34;: [{&#34;extras&#34;: [], &#34;result&#34;: &#34;Failed&#34;, &#34;testId&#34;: &#34;TestExecution.py::test_execute_order[get_order_test-789.0-nan-nan-nan-nan-nan-200]&#34;, &#34;duration&#34;: &#34;00:00:01&#34;, &#34;resultsTableRow&#34;: [&#34;&lt;td class=\&#34;col-result\&#34;&gt;Failed&lt;/td&gt;&#34;, &#34;&lt;td class=\&#34;col-testId\&#34;&gt;TestExecution.py::test_execute_order[get_order_test-789.0-nan-nan-nan-nan-nan-200]&lt;/td&gt;&#34;, &#34;&lt;td class=\&#34;col-duration\&#34;&gt;00:00:01&lt;/td&gt;&#34;, &#34;&lt;td class=\&#34;col-links\&#34;&gt;&lt;/td&gt;&#34;], &#34;log&#34;: &#34;action = &amp;#x27;get_order_test&amp;#x27;, order_id = 789.0, pet_id = nan, quantity = nan, shipDate = nan, status = nan, complete = nan, expected_status_code = 200\n\n    @pytest.mark.parametrize(&amp;quot;action, order_id, pet_id, quantity, shipDate, status, complete, expected_status_code&amp;quot;,\n                             TestDataManagement().read_test_data(&amp;quot;Stores&amp;quot;, &amp;quot;Stores&amp;quot;).values)\n    def test_execute_order(action, order_id, pet_id, quantity, shipDate, status, complete, expected_status_code):\n        if action == &amp;quot;create_order_test&amp;quot;:\n            create_order_test(url, order_id, pet_id, quantity, shipDate, status, complete, expected_status_code)\n        elif action == &amp;quot;get_order_test&amp;quot;:\n&amp;gt;           get_order_test(url, order_id, expected_status_code)\n\nTestExecution.py:36: \n_ _ _ _ _ _ _ _ _ _ _ _ _ _ _ _ _ _ _ _ _ _ _ _ _ _ _ _ _ _ _ _ _ _ _ _ _ _ _ _ _ _ _ _ _ _ _ _ _ _ _ _ _ _ _ _ _ _ _ _ _ _ _ _ _ _ _ _ _ _ _ _ _ _ _ _ _ _ _ _ _ _ _ _ _ _ _ _ _ _ _ _\n\nurl = &amp;#x27;https://petstore.swagger.io/v2/&amp;#x27;, order_id = 789.0, expected_status_code = 200\n\n    def get_order_test(url, order_id, expected_status_code):\n        store = StoreEndPoints(url)\n        response = store.get_order(order_id)\n&amp;gt;       assert response.status_code==expected_status_code, f&amp;quot;Expected status code {expected_status_code}, but got {response.status_code}. Error message: {response.text}&amp;quot;\nE       AssertionError: Expected status code 200, but got 404. Error message: {&amp;quot;code&amp;quot;:404,&amp;quot;type&amp;quot;:&amp;quot;unknown&amp;quot;,&amp;quot;message&amp;quot;:&amp;quot;java.lang.NumberFormatException: For input string: \\&amp;quot;789.0\\&amp;quot;&amp;quot;}\n\nTestCases\\StoreTestCases.py:15: AssertionError\n\n----------------------------- Captured stdout call -----------------------------\nInitialization of StoreEndPoints class\n&#34;}], &#34;TestExecution.py::test_execute_order[get_order_test-1.0-nan-nan-nan-nan-nan-200]&#34;: [{&#34;extras&#34;: [], &#34;result&#34;: &#34;Failed&#34;, &#34;testId&#34;: &#34;TestExecution.py::test_execute_order[get_order_test-1.0-nan-nan-nan-nan-nan-200]&#34;, &#34;duration&#34;: &#34;00:00:01&#34;, &#34;resultsTableRow&#34;: [&#34;&lt;td class=\&#34;col-result\&#34;&gt;Failed&lt;/td&gt;&#34;, &#34;&lt;td class=\&#34;col-testId\&#34;&gt;TestExecution.py::test_execute_order[get_order_test-1.0-nan-nan-nan-nan-nan-200]&lt;/td&gt;&#34;, &#34;&lt;td class=\&#34;col-duration\&#34;&gt;00:00:01&lt;/td&gt;&#34;, &#34;&lt;td class=\&#34;col-links\&#34;&gt;&lt;/td&gt;&#34;], &#34;log&#34;: &#34;action = &amp;#x27;get_order_test&amp;#x27;, order_id = 1.0, pet_id = nan, quantity = nan, shipDate = nan, status = nan, complete = nan, expected_status_code = 200\n\n    @pytest.mark.parametrize(&amp;quot;action, order_id, pet_id, quantity, shipDate, status, complete, expected_status_code&amp;quot;,\n                             TestDataManagement().read_test_data(&amp;quot;Stores&amp;quot;, &amp;quot;Stores&amp;quot;).values)\n    def test_execute_order(action, order_id, pet_id, quantity, shipDate, status, complete, expected_status_code):\n        if action == &amp;quot;create_order_test&amp;quot;:\n            create_order_test(url, order_id, pet_id, quantity, shipDate, status, complete, expected_status_code)\n        elif action == &amp;quot;get_order_test&amp;quot;:\n&amp;gt;           get_order_test(url, order_id, expected_status_code)\n\nTestExecution.py:36: \n_ _ _ _ _ _ _ _ _ _ _ _ _ _ _ _ _ _ _ _ _ _ _ _ _ _ _ _ _ _ _ _ _ _ _ _ _ _ _ _ _ _ _ _ _ _ _ _ _ _ _ _ _ _ _ _ _ _ _ _ _ _ _ _ _ _ _ _ _ _ _ _ _ _ _ _ _ _ _ _ _ _ _ _ _ _ _ _ _ _ _ _\n\nurl = &amp;#x27;https://petstore.swagger.io/v2/&amp;#x27;, order_id = 1.0, expected_status_code = 200\n\n    def get_order_test(url, order_id, expected_status_code):\n        store = StoreEndPoints(url)\n        response = store.get_order(order_id)\n&amp;gt;       assert response.status_code==expected_status_code, f&amp;quot;Expected status code {expected_status_code}, but got {response.status_code}. Error message: {response.text}&amp;quot;\nE       AssertionError: Expected status code 200, but got 404. Error message: {&amp;quot;code&amp;quot;:404,&amp;quot;type&amp;quot;:&amp;quot;unknown&amp;quot;,&amp;quot;message&amp;quot;:&amp;quot;java.lang.NumberFormatException: For input string: \\&amp;quot;1.0\\&amp;quot;&amp;quot;}\n\nTestCases\\StoreTestCases.py:15: AssertionError\n\n----------------------------- Captured stdout call -----------------------------\nInitialization of StoreEndPoints class\n&#34;}], &#34;TestExecution.py::test_execute_order[get_order_test-nan-nan-nan-nan-nan-nan-200]&#34;: [{&#34;extras&#34;: [], &#34;result&#34;: &#34;Failed&#34;, &#34;testId&#34;: &#34;TestExecution.py::test_execute_order[get_order_test-nan-nan-nan-nan-nan-nan-200]&#34;, &#34;duration&#34;: &#34;987 ms&#34;, &#34;resultsTableRow&#34;: [&#34;&lt;td class=\&#34;col-result\&#34;&gt;Failed&lt;/td&gt;&#34;, &#34;&lt;td class=\&#34;col-testId\&#34;&gt;TestExecution.py::test_execute_order[get_order_test-nan-nan-nan-nan-nan-nan-200]&lt;/td&gt;&#34;, &#34;&lt;td class=\&#34;col-duration\&#34;&gt;987 ms&lt;/td&gt;&#34;, &#34;&lt;td class=\&#34;col-links\&#34;&gt;&lt;/td&gt;&#34;], &#34;log&#34;: &#34;action = &amp;#x27;get_order_test&amp;#x27;, order_id = nan, pet_id = nan, quantity = nan, shipDate = nan, status = nan, complete = nan, expected_status_code = 200\n\n    @pytest.mark.parametrize(&amp;quot;action, order_id, pet_id, quantity, shipDate, status, complete, expected_status_code&amp;quot;,\n                             TestDataManagement().read_test_data(&amp;quot;Stores&amp;quot;, &amp;quot;Stores&amp;quot;).values)\n    def test_execute_order(action, order_id, pet_id, quantity, shipDate, status, complete, expected_status_code):\n        if action == &amp;quot;create_order_test&amp;quot;:\n            create_order_test(url, order_id, pet_id, quantity, shipDate, status, complete, expected_status_code)\n        elif action == &amp;quot;get_order_test&amp;quot;:\n&amp;gt;           get_order_test(url, order_id, expected_status_code)\n\nTestExecution.py:36: \n_ _ _ _ _ _ _ _ _ _ _ _ _ _ _ _ _ _ _ _ _ _ _ _ _ _ _ _ _ _ _ _ _ _ _ _ _ _ _ _ _ _ _ _ _ _ _ _ _ _ _ _ _ _ _ _ _ _ _ _ _ _ _ _ _ _ _ _ _ _ _ _ _ _ _ _ _ _ _ _ _ _ _ _ _ _ _ _ _ _ _ _\n\nurl = &amp;#x27;https://petstore.swagger.io/v2/&amp;#x27;, order_id = nan, expected_status_code = 200\n\n    def get_order_test(url, order_id, expected_status_code):\n        store = StoreEndPoints(url)\n        response = store.get_order(order_id)\n&amp;gt;       assert response.status_code==expected_status_code, f&amp;quot;Expected status code {expected_status_code}, but got {response.status_code}. Error message: {response.text}&amp;quot;\nE       AssertionError: Expected status code 200, but got 404. Error message: {&amp;quot;code&amp;quot;:404,&amp;quot;type&amp;quot;:&amp;quot;unknown&amp;quot;,&amp;quot;message&amp;quot;:&amp;quot;java.lang.NumberFormatException: For input string: \\&amp;quot;nan\\&amp;quot;&amp;quot;}\n\nTestCases\\StoreTestCases.py:15: AssertionError\n\n----------------------------- Captured stdout call -----------------------------\nInitialization of StoreEndPoints class\n&#34;}], &#34;TestExecution.py::test_execute_order[delete_order_test-789.0-nan-nan-nan-nan-nan-200]&#34;: [{&#34;extras&#34;: [], &#34;result&#34;: &#34;Failed&#34;, &#34;testId&#34;: &#34;TestExecution.py::test_execute_order[delete_order_test-789.0-nan-nan-nan-nan-nan-200]&#34;, &#34;duration&#34;: &#34;00:00:01&#34;, &#34;resultsTableRow&#34;: [&#34;&lt;td class=\&#34;col-result\&#34;&gt;Failed&lt;/td&gt;&#34;, &#34;&lt;td class=\&#34;col-testId\&#34;&gt;TestExecution.py::test_execute_order[delete_order_test-789.0-nan-nan-nan-nan-nan-200]&lt;/td&gt;&#34;, &#34;&lt;td class=\&#34;col-duration\&#34;&gt;00:00:01&lt;/td&gt;&#34;, &#34;&lt;td class=\&#34;col-links\&#34;&gt;&lt;/td&gt;&#34;], &#34;log&#34;: &#34;action = &amp;#x27;delete_order_test&amp;#x27;, order_id = 789.0, pet_id = nan, quantity = nan, shipDate = nan, status = nan, complete = nan, expected_status_code = 200\n\n    @pytest.mark.parametrize(&amp;quot;action, order_id, pet_id, quantity, shipDate, status, complete, expected_status_code&amp;quot;,\n                             TestDataManagement().read_test_data(&amp;quot;Stores&amp;quot;, &amp;quot;Stores&amp;quot;).values)\n    def test_execute_order(action, order_id, pet_id, quantity, shipDate, status, complete, expected_status_code):\n        if action == &amp;quot;create_order_test&amp;quot;:\n            create_order_test(url, order_id, pet_id, quantity, shipDate, status, complete, expected_status_code)\n        elif action == &amp;quot;get_order_test&amp;quot;:\n            get_order_test(url, order_id, expected_status_code)\n        elif action == &amp;quot;delete_order_test&amp;quot;:\n&amp;gt;           delete_order_test(url, order_id, expected_status_code)\n\nTestExecution.py:38: \n_ _ _ _ _ _ _ _ _ _ _ _ _ _ _ _ _ _ _ _ _ _ _ _ _ _ _ _ _ _ _ _ _ _ _ _ _ _ _ _ _ _ _ _ _ _ _ _ _ _ _ _ _ _ _ _ _ _ _ _ _ _ _ _ _ _ _ _ _ _ _ _ _ _ _ _ _ _ _ _ _ _ _ _ _ _ _ _ _ _ _ _\n\nurl = &amp;#x27;https://petstore.swagger.io/v2/&amp;#x27;, order_id = 789.0, expected_status_code = 200\n\n    def delete_order_test(url, order_id, expected_status_code):\n        store = StoreEndPoints(url)\n        response = store.delete_order(order_id)\n&amp;gt;       assert response.status_code==expected_status_code, f&amp;quot;Expected status code {expected_status_code}, but got {response.status_code}. Error message: {response.text}&amp;quot;\nE       AssertionError: Expected status code 200, but got 404. Error message: {&amp;quot;code&amp;quot;:404,&amp;quot;type&amp;quot;:&amp;quot;unknown&amp;quot;,&amp;quot;message&amp;quot;:&amp;quot;java.lang.NumberFormatException: For input string: \\&amp;quot;789.0\\&amp;quot;&amp;quot;}\n\nTestCases\\StoreTestCases.py:25: AssertionError\n\n----------------------------- Captured stdout call -----------------------------\nInitialization of StoreEndPoints class\n&#34;}], &#34;TestExecution.py::test_execute_order[delete_order_test-1.0-nan-nan-nan-nan-nan-200]&#34;: [{&#34;extras&#34;: [], &#34;result&#34;: &#34;Failed&#34;, &#34;testId&#34;: &#34;TestExecution.py::test_execute_order[delete_order_test-1.0-nan-nan-nan-nan-nan-200]&#34;, &#34;duration&#34;: &#34;00:00:01&#34;, &#34;resultsTableRow&#34;: [&#34;&lt;td class=\&#34;col-result\&#34;&gt;Failed&lt;/td&gt;&#34;, &#34;&lt;td class=\&#34;col-testId\&#34;&gt;TestExecution.py::test_execute_order[delete_order_test-1.0-nan-nan-nan-nan-nan-200]&lt;/td&gt;&#34;, &#34;&lt;td class=\&#34;col-duration\&#34;&gt;00:00:01&lt;/td&gt;&#34;, &#34;&lt;td class=\&#34;col-links\&#34;&gt;&lt;/td&gt;&#34;], &#34;log&#34;: &#34;action = &amp;#x27;delete_order_test&amp;#x27;, order_id = 1.0, pet_id = nan, quantity = nan, shipDate = nan, status = nan, complete = nan, expected_status_code = 200\n\n    @pytest.mark.parametrize(&amp;quot;action, order_id, pet_id, quantity, shipDate, status, complete, expected_status_code&amp;quot;,\n                             TestDataManagement().read_test_data(&amp;quot;Stores&amp;quot;, &amp;quot;Stores&amp;quot;).values)\n    def test_execute_order(action, order_id, pet_id, quantity, shipDate, status, complete, expected_status_code):\n        if action == &amp;quot;create_order_test&amp;quot;:\n            create_order_test(url, order_id, pet_id, quantity, shipDate, status, complete, expected_status_code)\n        elif action == &amp;quot;get_order_test&amp;quot;:\n            get_order_test(url, order_id, expected_status_code)\n        elif action == &amp;quot;delete_order_test&amp;quot;:\n&amp;gt;           delete_order_test(url, order_id, expected_status_code)\n\nTestExecution.py:38: \n_ _ _ _ _ _ _ _ _ _ _ _ _ _ _ _ _ _ _ _ _ _ _ _ _ _ _ _ _ _ _ _ _ _ _ _ _ _ _ _ _ _ _ _ _ _ _ _ _ _ _ _ _ _ _ _ _ _ _ _ _ _ _ _ _ _ _ _ _ _ _ _ _ _ _ _ _ _ _ _ _ _ _ _ _ _ _ _ _ _ _ _\n\nurl = &amp;#x27;https://petstore.swagger.io/v2/&amp;#x27;, order_id = 1.0, expected_status_code = 200\n\n    def delete_order_test(url, order_id, expected_status_code):\n        store = StoreEndPoints(url)\n        response = store.delete_order(order_id)\n&amp;gt;       assert response.status_code==expected_status_code, f&amp;quot;Expected status code {expected_status_code}, but got {response.status_code}. Error message: {response.text}&amp;quot;\nE       AssertionError: Expected status code 200, but got 404. Error message: {&amp;quot;code&amp;quot;:404,&amp;quot;type&amp;quot;:&amp;quot;unknown&amp;quot;,&amp;quot;message&amp;quot;:&amp;quot;java.lang.NumberFormatException: For input string: \\&amp;quot;1.0\\&amp;quot;&amp;quot;}\n\nTestCases\\StoreTestCases.py:25: AssertionError\n\n----------------------------- Captured stdout call -----------------------------\nInitialization of StoreEndPoints class\n&#34;}], &#34;TestExecution.py::test_execute_order[delete_order_test-nan-nan-nan-nan-nan-nan-200]&#34;: [{&#34;extras&#34;: [], &#34;result&#34;: &#34;Failed&#34;, &#34;testId&#34;: &#34;TestExecution.py::test_execute_order[delete_order_test-nan-nan-nan-nan-nan-nan-200]&#34;, &#34;duration&#34;: &#34;999 ms&#34;, &#34;resultsTableRow&#34;: [&#34;&lt;td class=\&#34;col-result\&#34;&gt;Failed&lt;/td&gt;&#34;, &#34;&lt;td class=\&#34;col-testId\&#34;&gt;TestExecution.py::test_execute_order[delete_order_test-nan-nan-nan-nan-nan-nan-200]&lt;/td&gt;&#34;, &#34;&lt;td class=\&#34;col-duration\&#34;&gt;999 ms&lt;/td&gt;&#34;, &#34;&lt;td class=\&#34;col-links\&#34;&gt;&lt;/td&gt;&#34;], &#34;log&#34;: &#34;action = &amp;#x27;delete_order_test&amp;#x27;, order_id = nan, pet_id = nan, quantity = nan, shipDate = nan, status = nan, complete = nan, expected_status_code = 200\n\n    @pytest.mark.parametrize(&amp;quot;action, order_id, pet_id, quantity, shipDate, status, complete, expected_status_code&amp;quot;,\n                             TestDataManagement().read_test_data(&amp;quot;Stores&amp;quot;, &amp;quot;Stores&amp;quot;).values)\n    def test_execute_order(action, order_id, pet_id, quantity, shipDate, status, complete, expected_status_code):\n        if action == &amp;quot;create_order_test&amp;quot;:\n            create_order_test(url, order_id, pet_id, quantity, shipDate, status, complete, expected_status_code)\n        elif action == &amp;quot;get_order_test&amp;quot;:\n            get_order_test(url, order_id, expected_status_code)\n        elif action == &amp;quot;delete_order_test&amp;quot;:\n&amp;gt;           delete_order_test(url, order_id, expected_status_code)\n\nTestExecution.py:38: \n_ _ _ _ _ _ _ _ _ _ _ _ _ _ _ _ _ _ _ _ _ _ _ _ _ _ _ _ _ _ _ _ _ _ _ _ _ _ _ _ _ _ _ _ _ _ _ _ _ _ _ _ _ _ _ _ _ _ _ _ _ _ _ _ _ _ _ _ _ _ _ _ _ _ _ _ _ _ _ _ _ _ _ _ _ _ _ _ _ _ _ _\n\nurl = &amp;#x27;https://petstore.swagger.io/v2/&amp;#x27;, order_id = nan, expected_status_code = 200\n\n    def delete_order_test(url, order_id, expected_status_code):\n        store = StoreEndPoints(url)\n        response = store.delete_order(order_id)\n&amp;gt;       assert response.status_code==expected_status_code, f&amp;quot;Expected status code {expected_status_code}, but got {response.status_code}. Error message: {response.text}&amp;quot;\nE       AssertionError: Expected status code 200, but got 404. Error message: {&amp;quot;code&amp;quot;:404,&amp;quot;type&amp;quot;:&amp;quot;unknown&amp;quot;,&amp;quot;message&amp;quot;:&amp;quot;java.lang.NumberFormatException: For input string: \\&amp;quot;nan\\&amp;quot;&amp;quot;}\n\nTestCases\\StoreTestCases.py:25: AssertionError\n\n----------------------------- Captured stdout call -----------------------------\nInitialization of StoreEndPoints class\n&#34;}], &#34;TestExecution.py::test_execute_order[get_inventory_test-nan-nan-nan-nan-nan-nan-200]&#34;: [{&#34;extras&#34;: [], &#34;result&#34;: &#34;Passed&#34;, &#34;testId&#34;: &#34;TestExecution.py::test_execute_order[get_inventory_test-nan-nan-nan-nan-nan-nan-200]&#34;, &#34;duration&#34;: &#34;00:00:01&#34;, &#34;resultsTableRow&#34;: [&#34;&lt;td class=\&#34;col-result\&#34;&gt;Passed&lt;/td&gt;&#34;, &#34;&lt;td class=\&#34;col-testId\&#34;&gt;TestExecution.py::test_execute_order[get_inventory_test-nan-nan-nan-nan-nan-nan-200]&lt;/td&gt;&#34;, &#34;&lt;td class=\&#34;col-duration\&#34;&gt;00:00:01&lt;/td&gt;&#34;, &#34;&lt;td class=\&#34;col-links\&#34;&gt;&lt;/td&gt;&#34;], &#34;log&#34;: &#34;----------------------------- Captured stdout call -----------------------------\nInitialization of StoreEndPoints class\n&#34;}], &#34;TestExecution.py::test_execute_pet[create_pet_test-{\&#34;id\&#34;:1,\&#34;category\&#34;:{\&#34;id\&#34;:1,\&#34;name\&#34;:\&#34;pet\&#34;},\&#34;name\&#34;:\&#34;Fluffy\&#34;,\&#34;photoUrls\&#34;:[\&#34;url1\&#34;],\&#34;tags\&#34;:[{\&#34;id\&#34;:1,\&#34;name\&#34;:\&#34;friendly\&#34;}],\&#34;status\&#34;:\&#34;available\&#34;}-200]&#34;: [{&#34;extras&#34;: [], &#34;result&#34;: &#34;Passed&#34;, &#34;testId&#34;: &#34;TestExecution.py::test_execute_pet[create_pet_test-{\&#34;id\&#34;:1,\&#34;category\&#34;:{\&#34;id\&#34;:1,\&#34;name\&#34;:\&#34;pet\&#34;},\&#34;name\&#34;:\&#34;Fluffy\&#34;,\&#34;photoUrls\&#34;:[\&#34;url1\&#34;],\&#34;tags\&#34;:[{\&#34;id\&#34;:1,\&#34;name\&#34;:\&#34;friendly\&#34;}],\&#34;status\&#34;:\&#34;available\&#34;}-200]&#34;, &#34;duration&#34;: &#34;993 ms&#34;, &#34;resultsTableRow&#34;: [&#34;&lt;td class=\&#34;col-result\&#34;&gt;Passed&lt;/td&gt;&#34;, &#34;&lt;td class=\&#34;col-testId\&#34;&gt;TestExecution.py::test_execute_pet[create_pet_test-{\&#34;id\&#34;:1,\&#34;category\&#34;:{\&#34;id\&#34;:1,\&#34;name\&#34;:\&#34;pet\&#34;},\&#34;name\&#34;:\&#34;Fluffy\&#34;,\&#34;photoUrls\&#34;:[\&#34;url1\&#34;],\&#34;tags\&#34;:[{\&#34;id\&#34;:1,\&#34;name\&#34;:\&#34;friendly\&#34;}],\&#34;status\&#34;:\&#34;available\&#34;}-200]&lt;/td&gt;&#34;, &#34;&lt;td class=\&#34;col-duration\&#34;&gt;993 ms&lt;/td&gt;&#34;, &#34;&lt;td class=\&#34;col-links\&#34;&gt;&lt;/td&gt;&#34;], &#34;log&#34;: &#34;----------------------------- Captured stdout call -----------------------------\nInitialization of PetEndPoints class\n&#34;}], &#34;TestExecution.py::test_execute_pet[create_pet_test-{\&#34;id\&#34;:2,\&#34;category\&#34;:{\&#34;id\&#34;:2,\&#34;name\&#34;:\&#34;animal\&#34;},\&#34;name\&#34;:\&#34;Buddy\&#34;,\&#34;photoUrls\&#34;:[\&#34;url2\&#34;],\&#34;tags\&#34;:[{\&#34;id\&#34;:2,\&#34;name\&#34;:\&#34;playful\&#34;}],\&#34;status\&#34;:\&#34;available\&#34;}-200]&#34;: [{&#34;extras&#34;: [], &#34;result&#34;: &#34;Passed&#34;, &#34;testId&#34;: &#34;TestExecution.py::test_execute_pet[create_pet_test-{\&#34;id\&#34;:2,\&#34;category\&#34;:{\&#34;id\&#34;:2,\&#34;name\&#34;:\&#34;animal\&#34;},\&#34;name\&#34;:\&#34;Buddy\&#34;,\&#34;photoUrls\&#34;:[\&#34;url2\&#34;],\&#34;tags\&#34;:[{\&#34;id\&#34;:2,\&#34;name\&#34;:\&#34;playful\&#34;}],\&#34;status\&#34;:\&#34;available\&#34;}-200]&#34;, &#34;duration&#34;: &#34;972 ms&#34;, &#34;resultsTableRow&#34;: [&#34;&lt;td class=\&#34;col-result\&#34;&gt;Passed&lt;/td&gt;&#34;, &#34;&lt;td class=\&#34;col-testId\&#34;&gt;TestExecution.py::test_execute_pet[create_pet_test-{\&#34;id\&#34;:2,\&#34;category\&#34;:{\&#34;id\&#34;:2,\&#34;name\&#34;:\&#34;animal\&#34;},\&#34;name\&#34;:\&#34;Buddy\&#34;,\&#34;photoUrls\&#34;:[\&#34;url2\&#34;],\&#34;tags\&#34;:[{\&#34;id\&#34;:2,\&#34;name\&#34;:\&#34;playful\&#34;}],\&#34;status\&#34;:\&#34;available\&#34;}-200]&lt;/td&gt;&#34;, &#34;&lt;td class=\&#34;col-duration\&#34;&gt;972 ms&lt;/td&gt;&#34;, &#34;&lt;td class=\&#34;col-links\&#34;&gt;&lt;/td&gt;&#34;], &#34;log&#34;: &#34;----------------------------- Captured stdout call -----------------------------\nInitialization of PetEndPoints class\n&#34;}], &#34;TestExecution.py::test_execute_pet[create_pet_test-{\&#34;id\&#34;:3,\&#34;category\&#34;:{\&#34;id\&#34;:3,\&#34;name\&#34;:\&#34;companion\&#34;},\&#34;name\&#34;:\&#34;Max\&#34;,\&#34;photoUrls\&#34;:[\&#34;url3\&#34;],\&#34;tags\&#34;:[{\&#34;id\&#34;:3,\&#34;name\&#34;:\&#34;loyal\&#34;}],\&#34;status\&#34;:\&#34;pending\&#34;}-200]&#34;: [{&#34;extras&#34;: [], &#34;result&#34;: &#34;Passed&#34;, &#34;testId&#34;: &#34;TestExecution.py::test_execute_pet[create_pet_test-{\&#34;id\&#34;:3,\&#34;category\&#34;:{\&#34;id\&#34;:3,\&#34;name\&#34;:\&#34;companion\&#34;},\&#34;name\&#34;:\&#34;Max\&#34;,\&#34;photoUrls\&#34;:[\&#34;url3\&#34;],\&#34;tags\&#34;:[{\&#34;id\&#34;:3,\&#34;name\&#34;:\&#34;loyal\&#34;}],\&#34;status\&#34;:\&#34;pending\&#34;}-200]&#34;, &#34;duration&#34;: &#34;00:00:01&#34;, &#34;resultsTableRow&#34;: [&#34;&lt;td class=\&#34;col-result\&#34;&gt;Passed&lt;/td&gt;&#34;, &#34;&lt;td class=\&#34;col-testId\&#34;&gt;TestExecution.py::test_execute_pet[create_pet_test-{\&#34;id\&#34;:3,\&#34;category\&#34;:{\&#34;id\&#34;:3,\&#34;name\&#34;:\&#34;companion\&#34;},\&#34;name\&#34;:\&#34;Max\&#34;,\&#34;photoUrls\&#34;:[\&#34;url3\&#34;],\&#34;tags\&#34;:[{\&#34;id\&#34;:3,\&#34;name\&#34;:\&#34;loyal\&#34;}],\&#34;status\&#34;:\&#34;pending\&#34;}-200]&lt;/td&gt;&#34;, &#34;&lt;td class=\&#34;col-duration\&#34;&gt;00:00:01&lt;/td&gt;&#34;, &#34;&lt;td class=\&#34;col-links\&#34;&gt;&lt;/td&gt;&#34;], &#34;log&#34;: &#34;----------------------------- Captured stdout call -----------------------------\nInitialization of PetEndPoints class\n&#34;}], &#34;TestExecution.py::test_execute_pet[create_pet_test-{\&#34;id\&#34;:4,\&#34;category\&#34;:{\&#34;id\&#34;:4,\&#34;name\&#34;:\&#34;mammal\&#34;},\&#34;name\&#34;:\&#34;Coco\&#34;,\&#34;photoUrls\&#34;:[\&#34;url4\&#34;],\&#34;tags\&#34;:[{\&#34;id\&#34;:4,\&#34;name\&#34;:\&#34;cute\&#34;},{\&#34;id\&#34;:5,\&#34;name\&#34;:\&#34;energetic\&#34;}],\&#34;status\&#34;:\&#34;available\&#34;}-200]&#34;: [{&#34;extras&#34;: [], &#34;result&#34;: &#34;Passed&#34;, &#34;testId&#34;: &#34;TestExecution.py::test_execute_pet[create_pet_test-{\&#34;id\&#34;:4,\&#34;category\&#34;:{\&#34;id\&#34;:4,\&#34;name\&#34;:\&#34;mammal\&#34;},\&#34;name\&#34;:\&#34;Coco\&#34;,\&#34;photoUrls\&#34;:[\&#34;url4\&#34;],\&#34;tags\&#34;:[{\&#34;id\&#34;:4,\&#34;name\&#34;:\&#34;cute\&#34;},{\&#34;id\&#34;:5,\&#34;name\&#34;:\&#34;energetic\&#34;}],\&#34;status\&#34;:\&#34;available\&#34;}-200]&#34;, &#34;duration&#34;: &#34;965 ms&#34;, &#34;resultsTableRow&#34;: [&#34;&lt;td class=\&#34;col-result\&#34;&gt;Passed&lt;/td&gt;&#34;, &#34;&lt;td class=\&#34;col-testId\&#34;&gt;TestExecution.py::test_execute_pet[create_pet_test-{\&#34;id\&#34;:4,\&#34;category\&#34;:{\&#34;id\&#34;:4,\&#34;name\&#34;:\&#34;mammal\&#34;},\&#34;name\&#34;:\&#34;Coco\&#34;,\&#34;photoUrls\&#34;:[\&#34;url4\&#34;],\&#34;tags\&#34;:[{\&#34;id\&#34;:4,\&#34;name\&#34;:\&#34;cute\&#34;},{\&#34;id\&#34;:5,\&#34;name\&#34;:\&#34;energetic\&#34;}],\&#34;status\&#34;:\&#34;available\&#34;}-200]&lt;/td&gt;&#34;, &#34;&lt;td class=\&#34;col-duration\&#34;&gt;965 ms&lt;/td&gt;&#34;, &#34;&lt;td class=\&#34;col-links\&#34;&gt;&lt;/td&gt;&#34;], &#34;log&#34;: &#34;----------------------------- Captured stdout call -----------------------------\nInitialization of PetEndPoints class\n&#34;}], &#34;TestExecution.py::test_execute_pet[create_pet_test-{\&#34;id\&#34;:5,\&#34;category\&#34;:{\&#34;id\&#34;:5,\&#34;name\&#34;:\&#34;pet\&#34;},\&#34;name\&#34;:\&#34;Rocky\&#34;,\&#34;photoUrls\&#34;:[],\&#34;tags\&#34;:[{\&#34;id\&#34;:5,\&#34;name\&#34;:\&#34;energetic\&#34;}],\&#34;status\&#34;:\&#34;available\&#34;}-200]&#34;: [{&#34;extras&#34;: [], &#34;result&#34;: &#34;Passed&#34;, &#34;testId&#34;: &#34;TestExecution.py::test_execute_pet[create_pet_test-{\&#34;id\&#34;:5,\&#34;category\&#34;:{\&#34;id\&#34;:5,\&#34;name\&#34;:\&#34;pet\&#34;},\&#34;name\&#34;:\&#34;Rocky\&#34;,\&#34;photoUrls\&#34;:[],\&#34;tags\&#34;:[{\&#34;id\&#34;:5,\&#34;name\&#34;:\&#34;energetic\&#34;}],\&#34;status\&#34;:\&#34;available\&#34;}-200]&#34;, &#34;duration&#34;: &#34;00:00:01&#34;, &#34;resultsTableRow&#34;: [&#34;&lt;td class=\&#34;col-result\&#34;&gt;Passed&lt;/td&gt;&#34;, &#34;&lt;td class=\&#34;col-testId\&#34;&gt;TestExecution.py::test_execute_pet[create_pet_test-{\&#34;id\&#34;:5,\&#34;category\&#34;:{\&#34;id\&#34;:5,\&#34;name\&#34;:\&#34;pet\&#34;},\&#34;name\&#34;:\&#34;Rocky\&#34;,\&#34;photoUrls\&#34;:[],\&#34;tags\&#34;:[{\&#34;id\&#34;:5,\&#34;name\&#34;:\&#34;energetic\&#34;}],\&#34;status\&#34;:\&#34;available\&#34;}-200]&lt;/td&gt;&#34;, &#34;&lt;td class=\&#34;col-duration\&#34;&gt;00:00:01&lt;/td&gt;&#34;, &#34;&lt;td class=\&#34;col-links\&#34;&gt;&lt;/td&gt;&#34;], &#34;log&#34;: &#34;----------------------------- Captured stdout call -----------------------------\nInitialization of PetEndPoints class\n&#34;}], &#34;TestExecution.py::test_execute_pet[create_pet_test-{\&#34;id\&#34;:6,\&#34;category\&#34;:{\&#34;id\&#34;:6,\&#34;name\&#34;:\&#34;canine\&#34;},\&#34;name\&#34;:\&#34;Luna\&#34;,\&#34;photoUrls\&#34;:[\&#34;url6\&#34;],\&#34;tags\&#34;:[{\&#34;id\&#34;:6,\&#34;name\&#34;:\&#34;intelligent\&#34;}],\&#34;status\&#34;:\&#34;available\&#34;}-200]&#34;: [{&#34;extras&#34;: [], &#34;result&#34;: &#34;Passed&#34;, &#34;testId&#34;: &#34;TestExecution.py::test_execute_pet[create_pet_test-{\&#34;id\&#34;:6,\&#34;category\&#34;:{\&#34;id\&#34;:6,\&#34;name\&#34;:\&#34;canine\&#34;},\&#34;name\&#34;:\&#34;Luna\&#34;,\&#34;photoUrls\&#34;:[\&#34;url6\&#34;],\&#34;tags\&#34;:[{\&#34;id\&#34;:6,\&#34;name\&#34;:\&#34;intelligent\&#34;}],\&#34;status\&#34;:\&#34;available\&#34;}-200]&#34;, &#34;duration&#34;: &#34;996 ms&#34;, &#34;resultsTableRow&#34;: [&#34;&lt;td class=\&#34;col-result\&#34;&gt;Passed&lt;/td&gt;&#34;, &#34;&lt;td class=\&#34;col-testId\&#34;&gt;TestExecution.py::test_execute_pet[create_pet_test-{\&#34;id\&#34;:6,\&#34;category\&#34;:{\&#34;id\&#34;:6,\&#34;name\&#34;:\&#34;canine\&#34;},\&#34;name\&#34;:\&#34;Luna\&#34;,\&#34;photoUrls\&#34;:[\&#34;url6\&#34;],\&#34;tags\&#34;:[{\&#34;id\&#34;:6,\&#34;name\&#34;:\&#34;intelligent\&#34;}],\&#34;status\&#34;:\&#34;available\&#34;}-200]&lt;/td&gt;&#34;, &#34;&lt;td class=\&#34;col-duration\&#34;&gt;996 ms&lt;/td&gt;&#34;, &#34;&lt;td class=\&#34;col-links\&#34;&gt;&lt;/td&gt;&#34;], &#34;log&#34;: &#34;----------------------------- Captured stdout call -----------------------------\nInitialization of PetEndPoints class\n&#34;}], &#34;TestExecution.py::test_execute_pet[create_pet_test-{\&#34;id\&#34;:7,\&#34;category\&#34;:{\&#34;id\&#34;:7,\&#34;name\&#34;:\&#34;pet\&#34;},\&#34;name\&#34;:\&#34;Zeus\&#34;,\&#34;photoUrls\&#34;:[\&#34;url7\&#34;],\&#34;tags\&#34;:[{\&#34;id\&#34;:7,\&#34;name\&#34;:\&#34;brave\&#34;}],\&#34;status\&#34;:\&#34;available\&#34;}-200]&#34;: [{&#34;extras&#34;: [], &#34;result&#34;: &#34;Passed&#34;, &#34;testId&#34;: &#34;TestExecution.py::test_execute_pet[create_pet_test-{\&#34;id\&#34;:7,\&#34;category\&#34;:{\&#34;id\&#34;:7,\&#34;name\&#34;:\&#34;pet\&#34;},\&#34;name\&#34;:\&#34;Zeus\&#34;,\&#34;photoUrls\&#34;:[\&#34;url7\&#34;],\&#34;tags\&#34;:[{\&#34;id\&#34;:7,\&#34;name\&#34;:\&#34;brave\&#34;}],\&#34;status\&#34;:\&#34;available\&#34;}-200]&#34;, &#34;duration&#34;: &#34;00:00:01&#34;, &#34;resultsTableRow&#34;: [&#34;&lt;td class=\&#34;col-result\&#34;&gt;Passed&lt;/td&gt;&#34;, &#34;&lt;td class=\&#34;col-testId\&#34;&gt;TestExecution.py::test_execute_pet[create_pet_test-{\&#34;id\&#34;:7,\&#34;category\&#34;:{\&#34;id\&#34;:7,\&#34;name\&#34;:\&#34;pet\&#34;},\&#34;name\&#34;:\&#34;Zeus\&#34;,\&#34;photoUrls\&#34;:[\&#34;url7\&#34;],\&#34;tags\&#34;:[{\&#34;id\&#34;:7,\&#34;name\&#34;:\&#34;brave\&#34;}],\&#34;status\&#34;:\&#34;available\&#34;}-200]&lt;/td&gt;&#34;, &#34;&lt;td class=\&#34;col-duration\&#34;&gt;00:00:01&lt;/td&gt;&#34;, &#34;&lt;td class=\&#34;col-links\&#34;&gt;&lt;/td&gt;&#34;], &#34;log&#34;: &#34;----------------------------- Captured stdout call -----------------------------\nInitialization of PetEndPoints class\n&#34;}], &#34;TestExecution.py::test_execute_pet[create_pet_test-{\&#34;id\&#34;:8,\&#34;category\&#34;:{\&#34;id\&#34;:8,\&#34;name\&#34;:\&#34;companion\&#34;},\&#34;name\&#34;:\&#34;Milo\&#34;,\&#34;photoUrls\&#34;:[\&#34;url8\&#34;],\&#34;tags\&#34;:[{\&#34;id\&#34;:8,\&#34;name\&#34;:\&#34;gentle\&#34;}],\&#34;status\&#34;:\&#34;available\&#34;}-200]&#34;: [{&#34;extras&#34;: [], &#34;result&#34;: &#34;Passed&#34;, &#34;testId&#34;: &#34;TestExecution.py::test_execute_pet[create_pet_test-{\&#34;id\&#34;:8,\&#34;category\&#34;:{\&#34;id\&#34;:8,\&#34;name\&#34;:\&#34;companion\&#34;},\&#34;name\&#34;:\&#34;Milo\&#34;,\&#34;photoUrls\&#34;:[\&#34;url8\&#34;],\&#34;tags\&#34;:[{\&#34;id\&#34;:8,\&#34;name\&#34;:\&#34;gentle\&#34;}],\&#34;status\&#34;:\&#34;available\&#34;}-200]&#34;, &#34;duration&#34;: &#34;00:00:01&#34;, &#34;resultsTableRow&#34;: [&#34;&lt;td class=\&#34;col-result\&#34;&gt;Passed&lt;/td&gt;&#34;, &#34;&lt;td class=\&#34;col-testId\&#34;&gt;TestExecution.py::test_execute_pet[create_pet_test-{\&#34;id\&#34;:8,\&#34;category\&#34;:{\&#34;id\&#34;:8,\&#34;name\&#34;:\&#34;companion\&#34;},\&#34;name\&#34;:\&#34;Milo\&#34;,\&#34;photoUrls\&#34;:[\&#34;url8\&#34;],\&#34;tags\&#34;:[{\&#34;id\&#34;:8,\&#34;name\&#34;:\&#34;gentle\&#34;}],\&#34;status\&#34;:\&#34;available\&#34;}-200]&lt;/td&gt;&#34;, &#34;&lt;td class=\&#34;col-duration\&#34;&gt;00:00:01&lt;/td&gt;&#34;, &#34;&lt;td class=\&#34;col-links\&#34;&gt;&lt;/td&gt;&#34;], &#34;log&#34;: &#34;----------------------------- Captured stdout call -----------------------------\nInitialization of PetEndPoints class\n&#34;}], &#34;TestExecution.py::test_execute_pet[create_pet_test-{\&#34;id\&#34;:9,\&#34;category\&#34;:{\&#34;id\&#34;:9,\&#34;name\&#34;:\&#34;pet\&#34;},\&#34;name\&#34;:\&#34;Bella\&#34;,\&#34;photoUrls\&#34;:[\&#34;url9\&#34;],\&#34;tags\&#34;:[{\&#34;id\&#34;:9,\&#34;name\&#34;:\&#34;affectionate\&#34;}],\&#34;status\&#34;:\&#34;available\&#34;}-200]&#34;: [{&#34;extras&#34;: [], &#34;result&#34;: &#34;Passed&#34;, &#34;testId&#34;: &#34;TestExecution.py::test_execute_pet[create_pet_test-{\&#34;id\&#34;:9,\&#34;category\&#34;:{\&#34;id\&#34;:9,\&#34;name\&#34;:\&#34;pet\&#34;},\&#34;name\&#34;:\&#34;Bella\&#34;,\&#34;photoUrls\&#34;:[\&#34;url9\&#34;],\&#34;tags\&#34;:[{\&#34;id\&#34;:9,\&#34;name\&#34;:\&#34;affectionate\&#34;}],\&#34;status\&#34;:\&#34;available\&#34;}-200]&#34;, &#34;duration&#34;: &#34;00:00:01&#34;, &#34;resultsTableRow&#34;: [&#34;&lt;td class=\&#34;col-result\&#34;&gt;Passed&lt;/td&gt;&#34;, &#34;&lt;td class=\&#34;col-testId\&#34;&gt;TestExecution.py::test_execute_pet[create_pet_test-{\&#34;id\&#34;:9,\&#34;category\&#34;:{\&#34;id\&#34;:9,\&#34;name\&#34;:\&#34;pet\&#34;},\&#34;name\&#34;:\&#34;Bella\&#34;,\&#34;photoUrls\&#34;:[\&#34;url9\&#34;],\&#34;tags\&#34;:[{\&#34;id\&#34;:9,\&#34;name\&#34;:\&#34;affectionate\&#34;}],\&#34;status\&#34;:\&#34;available\&#34;}-200]&lt;/td&gt;&#34;, &#34;&lt;td class=\&#34;col-duration\&#34;&gt;00:00:01&lt;/td&gt;&#34;, &#34;&lt;td class=\&#34;col-links\&#34;&gt;&lt;/td&gt;&#34;], &#34;log&#34;: &#34;----------------------------- Captured stdout call -----------------------------\nInitialization of PetEndPoints class\n&#34;}], &#34;TestExecution.py::test_execute_pet[create_pet_test-{\&#34;id\&#34;:10,\&#34;category\&#34;:{\&#34;id\&#34;:10,\&#34;name\&#34;:\&#34;animal\&#34;},\&#34;name\&#34;:\&#34;Oscar\&#34;,\&#34;photoUrls\&#34;:[\&#34;url10\&#34;],\&#34;tags\&#34;:[{\&#34;id\&#34;:10,\&#34;name\&#34;:\&#34;curious\&#34;}],\&#34;status\&#34;:\&#34;available\&#34;}-200]&#34;: [{&#34;extras&#34;: [], &#34;result&#34;: &#34;Passed&#34;, &#34;testId&#34;: &#34;TestExecution.py::test_execute_pet[create_pet_test-{\&#34;id\&#34;:10,\&#34;category\&#34;:{\&#34;id\&#34;:10,\&#34;name\&#34;:\&#34;animal\&#34;},\&#34;name\&#34;:\&#34;Oscar\&#34;,\&#34;photoUrls\&#34;:[\&#34;url10\&#34;],\&#34;tags\&#34;:[{\&#34;id\&#34;:10,\&#34;name\&#34;:\&#34;curious\&#34;}],\&#34;status\&#34;:\&#34;available\&#34;}-200]&#34;, &#34;duration&#34;: &#34;00:00:01&#34;, &#34;resultsTableRow&#34;: [&#34;&lt;td class=\&#34;col-result\&#34;&gt;Passed&lt;/td&gt;&#34;, &#34;&lt;td class=\&#34;col-testId\&#34;&gt;TestExecution.py::test_execute_pet[create_pet_test-{\&#34;id\&#34;:10,\&#34;category\&#34;:{\&#34;id\&#34;:10,\&#34;name\&#34;:\&#34;animal\&#34;},\&#34;name\&#34;:\&#34;Oscar\&#34;,\&#34;photoUrls\&#34;:[\&#34;url10\&#34;],\&#34;tags\&#34;:[{\&#34;id\&#34;:10,\&#34;name\&#34;:\&#34;curious\&#34;}],\&#34;status\&#34;:\&#34;available\&#34;}-200]&lt;/td&gt;&#34;, &#34;&lt;td class=\&#34;col-duration\&#34;&gt;00:00:01&lt;/td&gt;&#34;, &#34;&lt;td class=\&#34;col-links\&#34;&gt;&lt;/td&gt;&#34;], &#34;log&#34;: &#34;----------------------------- Captured stdout call -----------------------------\nInitialization of PetEndPoints class\n&#34;}], &#34;TestExecution.py::test_execute_pet[create_pet_test-{\&#34;id\&#34;:11,\&#34;category\&#34;:{\&#34;id\&#34;:11,\&#34;name\&#34;:\&#34;canine\&#34;},\&#34;name\&#34;:\&#34;Daisy\&#34;,\&#34;photoUrls\&#34;:[\&#34;url11\&#34;],\&#34;tags\&#34;:[{\&#34;id\&#34;:11,\&#34;name\&#34;:\&#34;friendly\&#34;}],\&#34;status\&#34;:\&#34;available\&#34;}-200]&#34;: [{&#34;extras&#34;: [], &#34;result&#34;: &#34;Passed&#34;, &#34;testId&#34;: &#34;TestExecution.py::test_execute_pet[create_pet_test-{\&#34;id\&#34;:11,\&#34;category\&#34;:{\&#34;id\&#34;:11,\&#34;name\&#34;:\&#34;canine\&#34;},\&#34;name\&#34;:\&#34;Daisy\&#34;,\&#34;photoUrls\&#34;:[\&#34;url11\&#34;],\&#34;tags\&#34;:[{\&#34;id\&#34;:11,\&#34;name\&#34;:\&#34;friendly\&#34;}],\&#34;status\&#34;:\&#34;available\&#34;}-200]&#34;, &#34;duration&#34;: &#34;00:00:01&#34;, &#34;resultsTableRow&#34;: [&#34;&lt;td class=\&#34;col-result\&#34;&gt;Passed&lt;/td&gt;&#34;, &#34;&lt;td class=\&#34;col-testId\&#34;&gt;TestExecution.py::test_execute_pet[create_pet_test-{\&#34;id\&#34;:11,\&#34;category\&#34;:{\&#34;id\&#34;:11,\&#34;name\&#34;:\&#34;canine\&#34;},\&#34;name\&#34;:\&#34;Daisy\&#34;,\&#34;photoUrls\&#34;:[\&#34;url11\&#34;],\&#34;tags\&#34;:[{\&#34;id\&#34;:11,\&#34;name\&#34;:\&#34;friendly\&#34;}],\&#34;status\&#34;:\&#34;available\&#34;}-200]&lt;/td&gt;&#34;, &#34;&lt;td class=\&#34;col-duration\&#34;&gt;00:00:01&lt;/td&gt;&#34;, &#34;&lt;td class=\&#34;col-links\&#34;&gt;&lt;/td&gt;&#34;], &#34;log&#34;: &#34;----------------------------- Captured stdout call -----------------------------\nInitialization of PetEndPoints class\n&#34;}], &#34;TestExecution.py::test_execute_pet[create_pet_test-{\&#34;id\&#34;:12,\&#34;category\&#34;:{\&#34;id\&#34;:12,\&#34;name\&#34;:\&#34;mammal\&#34;},\&#34;name\&#34;:\&#34;Rusty\&#34;,\&#34;photoUrls\&#34;:[\&#34;url12\&#34;],\&#34;tags\&#34;:[{\&#34;id\&#34;:12,\&#34;name\&#34;:\&#34;playful\&#34;}],\&#34;status\&#34;:\&#34;available\&#34;}-200]&#34;: [{&#34;extras&#34;: [], &#34;result&#34;: &#34;Passed&#34;, &#34;testId&#34;: &#34;TestExecution.py::test_execute_pet[create_pet_test-{\&#34;id\&#34;:12,\&#34;category\&#34;:{\&#34;id\&#34;:12,\&#34;name\&#34;:\&#34;mammal\&#34;},\&#34;name\&#34;:\&#34;Rusty\&#34;,\&#34;photoUrls\&#34;:[\&#34;url12\&#34;],\&#34;tags\&#34;:[{\&#34;id\&#34;:12,\&#34;name\&#34;:\&#34;playful\&#34;}],\&#34;status\&#34;:\&#34;available\&#34;}-200]&#34;, &#34;duration&#34;: &#34;00:00:01&#34;, &#34;resultsTableRow&#34;: [&#34;&lt;td class=\&#34;col-result\&#34;&gt;Passed&lt;/td&gt;&#34;, &#34;&lt;td class=\&#34;col-testId\&#34;&gt;TestExecution.py::test_execute_pet[create_pet_test-{\&#34;id\&#34;:12,\&#34;category\&#34;:{\&#34;id\&#34;:12,\&#34;name\&#34;:\&#34;mammal\&#34;},\&#34;name\&#34;:\&#34;Rusty\&#34;,\&#34;photoUrls\&#34;:[\&#34;url12\&#34;],\&#34;tags\&#34;:[{\&#34;id\&#34;:12,\&#34;name\&#34;:\&#34;playful\&#34;}],\&#34;status\&#34;:\&#34;available\&#34;}-200]&lt;/td&gt;&#34;, &#34;&lt;td class=\&#34;col-duration\&#34;&gt;00:00:01&lt;/td&gt;&#34;, &#34;&lt;td class=\&#34;col-links\&#34;&gt;&lt;/td&gt;&#34;], &#34;log&#34;: &#34;----------------------------- Captured stdout call -----------------------------\nInitialization of PetEndPoints class\n&#34;}], &#34;TestExecution.py::test_execute_pet[create_pet_test-{\&#34;id\&#34;:13,\&#34;category\&#34;:{\&#34;id\&#34;:13,\&#34;name\&#34;:\&#34;pet\&#34;},\&#34;name\&#34;:\&#34;Charlie\&#34;,\&#34;photoUrls\&#34;:[\&#34;url13\&#34;],\&#34;tags\&#34;:[{\&#34;id\&#34;:13,\&#34;name\&#34;:\&#34;loyal\&#34;}],\&#34;status\&#34;:\&#34;available\&#34;}-200]&#34;: [{&#34;extras&#34;: [], &#34;result&#34;: &#34;Passed&#34;, &#34;testId&#34;: &#34;TestExecution.py::test_execute_pet[create_pet_test-{\&#34;id\&#34;:13,\&#34;category\&#34;:{\&#34;id\&#34;:13,\&#34;name\&#34;:\&#34;pet\&#34;},\&#34;name\&#34;:\&#34;Charlie\&#34;,\&#34;photoUrls\&#34;:[\&#34;url13\&#34;],\&#34;tags\&#34;:[{\&#34;id\&#34;:13,\&#34;name\&#34;:\&#34;loyal\&#34;}],\&#34;status\&#34;:\&#34;available\&#34;}-200]&#34;, &#34;duration&#34;: &#34;00:00:01&#34;, &#34;resultsTableRow&#34;: [&#34;&lt;td class=\&#34;col-result\&#34;&gt;Passed&lt;/td&gt;&#34;, &#34;&lt;td class=\&#34;col-testId\&#34;&gt;TestExecution.py::test_execute_pet[create_pet_test-{\&#34;id\&#34;:13,\&#34;category\&#34;:{\&#34;id\&#34;:13,\&#34;name\&#34;:\&#34;pet\&#34;},\&#34;name\&#34;:\&#34;Charlie\&#34;,\&#34;photoUrls\&#34;:[\&#34;url13\&#34;],\&#34;tags\&#34;:[{\&#34;id\&#34;:13,\&#34;name\&#34;:\&#34;loyal\&#34;}],\&#34;status\&#34;:\&#34;available\&#34;}-200]&lt;/td&gt;&#34;, &#34;&lt;td class=\&#34;col-duration\&#34;&gt;00:00:01&lt;/td&gt;&#34;, &#34;&lt;td class=\&#34;col-links\&#34;&gt;&lt;/td&gt;&#34;], &#34;log&#34;: &#34;----------------------------- Captured stdout call -----------------------------\nInitialization of PetEndPoints class\n&#34;}], &#34;TestExecution.py::test_execute_pet[create_pet_test-{\&#34;id\&#34;:14,\&#34;category\&#34;:{\&#34;id\&#34;:14,\&#34;name\&#34;:\&#34;companion\&#34;},\&#34;name\&#34;:\&#34;Sophie\&#34;,\&#34;photoUrls\&#34;:[\&#34;url14\&#34;],\&#34;tags\&#34;:[{\&#34;id\&#34;:14,\&#34;name\&#34;:\&#34;cute\&#34;}],\&#34;status\&#34;:\&#34;available\&#34;}-200]&#34;: [{&#34;extras&#34;: [], &#34;result&#34;: &#34;Passed&#34;, &#34;testId&#34;: &#34;TestExecution.py::test_execute_pet[create_pet_test-{\&#34;id\&#34;:14,\&#34;category\&#34;:{\&#34;id\&#34;:14,\&#34;name\&#34;:\&#34;companion\&#34;},\&#34;name\&#34;:\&#34;Sophie\&#34;,\&#34;photoUrls\&#34;:[\&#34;url14\&#34;],\&#34;tags\&#34;:[{\&#34;id\&#34;:14,\&#34;name\&#34;:\&#34;cute\&#34;}],\&#34;status\&#34;:\&#34;available\&#34;}-200]&#34;, &#34;duration&#34;: &#34;00:00:01&#34;, &#34;resultsTableRow&#34;: [&#34;&lt;td class=\&#34;col-result\&#34;&gt;Passed&lt;/td&gt;&#34;, &#34;&lt;td class=\&#34;col-testId\&#34;&gt;TestExecution.py::test_execute_pet[create_pet_test-{\&#34;id\&#34;:14,\&#34;category\&#34;:{\&#34;id\&#34;:14,\&#34;name\&#34;:\&#34;companion\&#34;},\&#34;name\&#34;:\&#34;Sophie\&#34;,\&#34;photoUrls\&#34;:[\&#34;url14\&#34;],\&#34;tags\&#34;:[{\&#34;id\&#34;:14,\&#34;name\&#34;:\&#34;cute\&#34;}],\&#34;status\&#34;:\&#34;available\&#34;}-200]&lt;/td&gt;&#34;, &#34;&lt;td class=\&#34;col-duration\&#34;&gt;00:00:01&lt;/td&gt;&#34;, &#34;&lt;td class=\&#34;col-links\&#34;&gt;&lt;/td&gt;&#34;], &#34;log&#34;: &#34;----------------------------- Captured stdout call -----------------------------\nInitialization of PetEndPoints class\n&#34;}], &#34;TestExecution.py::test_execute_pet[create_pet_test-{\&#34;id\&#34;:15,\&#34;category\&#34;:{\&#34;id\&#34;:15,\&#34;name\&#34;:\&#34;canine\&#34;},\&#34;name\&#34;:\&#34;Cooper\&#34;,\&#34;photoUrls\&#34;:[\&#34;url15\&#34;],\&#34;tags\&#34;:[{\&#34;id\&#34;:15,\&#34;name\&#34;:\&#34;energetic\&#34;}],\&#34;status\&#34;:\&#34;available\&#34;}-200]&#34;: [{&#34;extras&#34;: [], &#34;result&#34;: &#34;Passed&#34;, &#34;testId&#34;: &#34;TestExecution.py::test_execute_pet[create_pet_test-{\&#34;id\&#34;:15,\&#34;category\&#34;:{\&#34;id\&#34;:15,\&#34;name\&#34;:\&#34;canine\&#34;},\&#34;name\&#34;:\&#34;Cooper\&#34;,\&#34;photoUrls\&#34;:[\&#34;url15\&#34;],\&#34;tags\&#34;:[{\&#34;id\&#34;:15,\&#34;name\&#34;:\&#34;energetic\&#34;}],\&#34;status\&#34;:\&#34;available\&#34;}-200]&#34;, &#34;duration&#34;: &#34;998 ms&#34;, &#34;resultsTableRow&#34;: [&#34;&lt;td class=\&#34;col-result\&#34;&gt;Passed&lt;/td&gt;&#34;, &#34;&lt;td class=\&#34;col-testId\&#34;&gt;TestExecution.py::test_execute_pet[create_pet_test-{\&#34;id\&#34;:15,\&#34;category\&#34;:{\&#34;id\&#34;:15,\&#34;name\&#34;:\&#34;canine\&#34;},\&#34;name\&#34;:\&#34;Cooper\&#34;,\&#34;photoUrls\&#34;:[\&#34;url15\&#34;],\&#34;tags\&#34;:[{\&#34;id\&#34;:15,\&#34;name\&#34;:\&#34;energetic\&#34;}],\&#34;status\&#34;:\&#34;available\&#34;}-200]&lt;/td&gt;&#34;, &#34;&lt;td class=\&#34;col-duration\&#34;&gt;998 ms&lt;/td&gt;&#34;, &#34;&lt;td class=\&#34;col-links\&#34;&gt;&lt;/td&gt;&#34;], &#34;log&#34;: &#34;----------------------------- Captured stdout call -----------------------------\nInitialization of PetEndPoints class\n&#34;}], &#34;TestExecution.py::test_execute_pet[create_pet_test-{\&#34;id\&#34;:16,\&#34;category\&#34;:{\&#34;id\&#34;:16,\&#34;name\&#34;:\&#34;pet\&#34;},\&#34;name\&#34;:\&#34;Lola\&#34;,\&#34;photoUrls\&#34;:[\&#34;url16\&#34;],\&#34;tags\&#34;:[{\&#34;id\&#34;:16,\&#34;name\&#34;:\&#34;intelligent\&#34;}],\&#34;status\&#34;:\&#34;available\&#34;}-200]&#34;: [{&#34;extras&#34;: [], &#34;result&#34;: &#34;Passed&#34;, &#34;testId&#34;: &#34;TestExecution.py::test_execute_pet[create_pet_test-{\&#34;id\&#34;:16,\&#34;category\&#34;:{\&#34;id\&#34;:16,\&#34;name\&#34;:\&#34;pet\&#34;},\&#34;name\&#34;:\&#34;Lola\&#34;,\&#34;photoUrls\&#34;:[\&#34;url16\&#34;],\&#34;tags\&#34;:[{\&#34;id\&#34;:16,\&#34;name\&#34;:\&#34;intelligent\&#34;}],\&#34;status\&#34;:\&#34;available\&#34;}-200]&#34;, &#34;duration&#34;: &#34;00:00:01&#34;, &#34;resultsTableRow&#34;: [&#34;&lt;td class=\&#34;col-result\&#34;&gt;Passed&lt;/td&gt;&#34;, &#34;&lt;td class=\&#34;col-testId\&#34;&gt;TestExecution.py::test_execute_pet[create_pet_test-{\&#34;id\&#34;:16,\&#34;category\&#34;:{\&#34;id\&#34;:16,\&#34;name\&#34;:\&#34;pet\&#34;},\&#34;name\&#34;:\&#34;Lola\&#34;,\&#34;photoUrls\&#34;:[\&#34;url16\&#34;],\&#34;tags\&#34;:[{\&#34;id\&#34;:16,\&#34;name\&#34;:\&#34;intelligent\&#34;}],\&#34;status\&#34;:\&#34;available\&#34;}-200]&lt;/td&gt;&#34;, &#34;&lt;td class=\&#34;col-duration\&#34;&gt;00:00:01&lt;/td&gt;&#34;, &#34;&lt;td class=\&#34;col-links\&#34;&gt;&lt;/td&gt;&#34;], &#34;log&#34;: &#34;----------------------------- Captured stdout call -----------------------------\nInitialization of PetEndPoints class\n&#34;}], &#34;TestExecution.py::test_execute_pet[create_pet_test-{\&#34;id\&#34;:17,\&#34;category\&#34;:{\&#34;id\&#34;:17,\&#34;name\&#34;:\&#34;animal\&#34;},\&#34;name\&#34;:\&#34;Teddy\&#34;,\&#34;photoUrls\&#34;:[\&#34;url17\&#34;],\&#34;tags\&#34;:[{\&#34;id\&#34;:17,\&#34;name\&#34;:\&#34;brave\&#34;}],\&#34;status\&#34;:\&#34;available\&#34;}-200]&#34;: [{&#34;extras&#34;: [], &#34;result&#34;: &#34;Passed&#34;, &#34;testId&#34;: &#34;TestExecution.py::test_execute_pet[create_pet_test-{\&#34;id\&#34;:17,\&#34;category\&#34;:{\&#34;id\&#34;:17,\&#34;name\&#34;:\&#34;animal\&#34;},\&#34;name\&#34;:\&#34;Teddy\&#34;,\&#34;photoUrls\&#34;:[\&#34;url17\&#34;],\&#34;tags\&#34;:[{\&#34;id\&#34;:17,\&#34;name\&#34;:\&#34;brave\&#34;}],\&#34;status\&#34;:\&#34;available\&#34;}-200]&#34;, &#34;duration&#34;: &#34;00:00:01&#34;, &#34;resultsTableRow&#34;: [&#34;&lt;td class=\&#34;col-result\&#34;&gt;Passed&lt;/td&gt;&#34;, &#34;&lt;td class=\&#34;col-testId\&#34;&gt;TestExecution.py::test_execute_pet[create_pet_test-{\&#34;id\&#34;:17,\&#34;category\&#34;:{\&#34;id\&#34;:17,\&#34;name\&#34;:\&#34;animal\&#34;},\&#34;name\&#34;:\&#34;Teddy\&#34;,\&#34;photoUrls\&#34;:[\&#34;url17\&#34;],\&#34;tags\&#34;:[{\&#34;id\&#34;:17,\&#34;name\&#34;:\&#34;brave\&#34;}],\&#34;status\&#34;:\&#34;available\&#34;}-200]&lt;/td&gt;&#34;, &#34;&lt;td class=\&#34;col-duration\&#34;&gt;00:00:01&lt;/td&gt;&#34;, &#34;&lt;td class=\&#34;col-links\&#34;&gt;&lt;/td&gt;&#34;], &#34;log&#34;: &#34;----------------------------- Captured stdout call -----------------------------\nInitialization of PetEndPoints class\n&#34;}], &#34;TestExecution.py::test_execute_pet[create_pet_test-{\&#34;id\&#34;:18,\&#34;category\&#34;:{\&#34;id\&#34;:18,\&#34;name\&#34;:\&#34;companion\&#34;},\&#34;name\&#34;:\&#34;Lucy\&#34;,\&#34;photoUrls\&#34;:[\&#34;url18\&#34;],\&#34;tags\&#34;:[{\&#34;id\&#34;:18,\&#34;name\&#34;:\&#34;gentle\&#34;}],\&#34;status\&#34;:\&#34;available\&#34;}-200]&#34;: [{&#34;extras&#34;: [], &#34;result&#34;: &#34;Passed&#34;, &#34;testId&#34;: &#34;TestExecution.py::test_execute_pet[create_pet_test-{\&#34;id\&#34;:18,\&#34;category\&#34;:{\&#34;id\&#34;:18,\&#34;name\&#34;:\&#34;companion\&#34;},\&#34;name\&#34;:\&#34;Lucy\&#34;,\&#34;photoUrls\&#34;:[\&#34;url18\&#34;],\&#34;tags\&#34;:[{\&#34;id\&#34;:18,\&#34;name\&#34;:\&#34;gentle\&#34;}],\&#34;status\&#34;:\&#34;available\&#34;}-200]&#34;, &#34;duration&#34;: &#34;00:00:01&#34;, &#34;resultsTableRow&#34;: [&#34;&lt;td class=\&#34;col-result\&#34;&gt;Passed&lt;/td&gt;&#34;, &#34;&lt;td class=\&#34;col-testId\&#34;&gt;TestExecution.py::test_execute_pet[create_pet_test-{\&#34;id\&#34;:18,\&#34;category\&#34;:{\&#34;id\&#34;:18,\&#34;name\&#34;:\&#34;companion\&#34;},\&#34;name\&#34;:\&#34;Lucy\&#34;,\&#34;photoUrls\&#34;:[\&#34;url18\&#34;],\&#34;tags\&#34;:[{\&#34;id\&#34;:18,\&#34;name\&#34;:\&#34;gentle\&#34;}],\&#34;status\&#34;:\&#34;available\&#34;}-200]&lt;/td&gt;&#34;, &#34;&lt;td class=\&#34;col-duration\&#34;&gt;00:00:01&lt;/td&gt;&#34;, &#34;&lt;td class=\&#34;col-links\&#34;&gt;&lt;/td&gt;&#34;], &#34;log&#34;: &#34;----------------------------- Captured stdout call -----------------------------\nInitialization of PetEndPoints class\n&#34;}], &#34;TestExecution.py::test_execute_pet[create_pet_test-{\&#34;id\&#34;:19,\&#34;category\&#34;:{\&#34;id\&#34;:19,\&#34;name\&#34;:\&#34;canine\&#34;},\&#34;name\&#34;:\&#34;Chloe\&#34;,\&#34;photoUrls\&#34;:[\&#34;url19\&#34;],\&#34;tags\&#34;:[{\&#34;id\&#34;:19,\&#34;name\&#34;:\&#34;affectionate\&#34;}],\&#34;status\&#34;:\&#34;available\&#34;}-200]&#34;: [{&#34;extras&#34;: [], &#34;result&#34;: &#34;Passed&#34;, &#34;testId&#34;: &#34;TestExecution.py::test_execute_pet[create_pet_test-{\&#34;id\&#34;:19,\&#34;category\&#34;:{\&#34;id\&#34;:19,\&#34;name\&#34;:\&#34;canine\&#34;},\&#34;name\&#34;:\&#34;Chloe\&#34;,\&#34;photoUrls\&#34;:[\&#34;url19\&#34;],\&#34;tags\&#34;:[{\&#34;id\&#34;:19,\&#34;name\&#34;:\&#34;affectionate\&#34;}],\&#34;status\&#34;:\&#34;available\&#34;}-200]&#34;, &#34;duration&#34;: &#34;00:00:01&#34;, &#34;resultsTableRow&#34;: [&#34;&lt;td class=\&#34;col-result\&#34;&gt;Passed&lt;/td&gt;&#34;, &#34;&lt;td class=\&#34;col-testId\&#34;&gt;TestExecution.py::test_execute_pet[create_pet_test-{\&#34;id\&#34;:19,\&#34;category\&#34;:{\&#34;id\&#34;:19,\&#34;name\&#34;:\&#34;canine\&#34;},\&#34;name\&#34;:\&#34;Chloe\&#34;,\&#34;photoUrls\&#34;:[\&#34;url19\&#34;],\&#34;tags\&#34;:[{\&#34;id\&#34;:19,\&#34;name\&#34;:\&#34;affectionate\&#34;}],\&#34;status\&#34;:\&#34;available\&#34;}-200]&lt;/td&gt;&#34;, &#34;&lt;td class=\&#34;col-duration\&#34;&gt;00:00:01&lt;/td&gt;&#34;, &#34;&lt;td class=\&#34;col-links\&#34;&gt;&lt;/td&gt;&#34;], &#34;log&#34;: &#34;----------------------------- Captured stdout call -----------------------------\nInitialization of PetEndPoints class\n&#34;}], &#34;TestExecution.py::test_execute_pet[create_pet_test-{\&#34;id\&#34;:20,\&#34;category\&#34;:{\&#34;id\&#34;:20,\&#34;name\&#34;:\&#34;mammal\&#34;},\&#34;name\&#34;:\&#34;Leo\&#34;,\&#34;photoUrls\&#34;:[\&#34;url20\&#34;],\&#34;tags\&#34;:[{\&#34;id\&#34;:20,\&#34;name\&#34;:\&#34;curious\&#34;}],\&#34;status\&#34;:\&#34;available\&#34;}-200]&#34;: [{&#34;extras&#34;: [], &#34;result&#34;: &#34;Passed&#34;, &#34;testId&#34;: &#34;TestExecution.py::test_execute_pet[create_pet_test-{\&#34;id\&#34;:20,\&#34;category\&#34;:{\&#34;id\&#34;:20,\&#34;name\&#34;:\&#34;mammal\&#34;},\&#34;name\&#34;:\&#34;Leo\&#34;,\&#34;photoUrls\&#34;:[\&#34;url20\&#34;],\&#34;tags\&#34;:[{\&#34;id\&#34;:20,\&#34;name\&#34;:\&#34;curious\&#34;}],\&#34;status\&#34;:\&#34;available\&#34;}-200]&#34;, &#34;duration&#34;: &#34;00:00:01&#34;, &#34;resultsTableRow&#34;: [&#34;&lt;td class=\&#34;col-result\&#34;&gt;Passed&lt;/td&gt;&#34;, &#34;&lt;td class=\&#34;col-testId\&#34;&gt;TestExecution.py::test_execute_pet[create_pet_test-{\&#34;id\&#34;:20,\&#34;category\&#34;:{\&#34;id\&#34;:20,\&#34;name\&#34;:\&#34;mammal\&#34;},\&#34;name\&#34;:\&#34;Leo\&#34;,\&#34;photoUrls\&#34;:[\&#34;url20\&#34;],\&#34;tags\&#34;:[{\&#34;id\&#34;:20,\&#34;name\&#34;:\&#34;curious\&#34;}],\&#34;status\&#34;:\&#34;available\&#34;}-200]&lt;/td&gt;&#34;, &#34;&lt;td class=\&#34;col-duration\&#34;&gt;00:00:01&lt;/td&gt;&#34;, &#34;&lt;td class=\&#34;col-links\&#34;&gt;&lt;/td&gt;&#34;], &#34;log&#34;: &#34;----------------------------- Captured stdout call -----------------------------\nInitialization of PetEndPoints class\n&#34;}]}, &#34;renderCollapsed&#34;: [&#34;passed&#34;], &#34;initialSort&#34;: &#34;result&#34;, &#34;title&#34;: &#34;report.html&#34;}"></div>
    <script>
      (function(){function r(e,n,t){function o(i,f){if(!n[i]){if(!e[i]){var c="function"==typeof require&&require;if(!f&&c)return c(i,!0);if(u)return u(i,!0);var a=new Error("Cannot find module '"+i+"'");throw a.code="MODULE_NOT_FOUND",a}var p=n[i]={exports:{}};e[i][0].call(p.exports,function(r){var n=e[i][1][r];return o(n||r)},p,p.exports,r,e,n,t)}return n[i].exports}for(var u="function"==typeof require&&require,i=0;i<t.length;i++)o(t[i]);return o}return r})()({1:[function(require,module,exports){
const { getCollapsedCategory, setCollapsedIds } = require('./storage.js')

class DataManager {
    setManager(data) {
        const collapsedCategories = [...getCollapsedCategory(data.renderCollapsed)]
        const collapsedIds = []
        const tests = Object.values(data.tests).flat().map((test, index) => {
            const collapsed = collapsedCategories.includes(test.result.toLowerCase())
            const id = `test_${index}`
            if (collapsed) {
                collapsedIds.push(id)
            }
            return {
                ...test,
                id,
                collapsed,
            }
        })
        const dataBlob = { ...data, tests }
        this.data = { ...dataBlob }
        this.renderData = { ...dataBlob }
        setCollapsedIds(collapsedIds)
    }

    get allData() {
        return { ...this.data }
    }

    resetRender() {
        this.renderData = { ...this.data }
    }

    setRender(data) {
        this.renderData.tests = [...data]
    }

    toggleCollapsedItem(id) {
        this.renderData.tests = this.renderData.tests.map((test) =>
            test.id === id ? { ...test, collapsed: !test.collapsed } : test,
        )
    }

    set allCollapsed(collapsed) {
        this.renderData = { ...this.renderData, tests: [...this.renderData.tests.map((test) => (
            { ...test, collapsed }
        ))] }
    }

    get testSubset() {
        return [...this.renderData.tests]
    }

    get environment() {
        return this.renderData.environment
    }

    get initialSort() {
        return this.data.initialSort
    }
}

module.exports = {
    manager: new DataManager(),
}

},{"./storage.js":8}],2:[function(require,module,exports){
const mediaViewer = require('./mediaviewer.js')
const templateEnvRow = document.getElementById('template_environment_row')
const templateResult = document.getElementById('template_results-table__tbody')

function htmlToElements(html) {
    const temp = document.createElement('template')
    temp.innerHTML = html
    return temp.content.childNodes
}

const find = (selector, elem) => {
    if (!elem) {
        elem = document
    }
    return elem.querySelector(selector)
}

const findAll = (selector, elem) => {
    if (!elem) {
        elem = document
    }
    return [...elem.querySelectorAll(selector)]
}

const dom = {
    getStaticRow: (key, value) => {
        const envRow = templateEnvRow.content.cloneNode(true)
        const isObj = typeof value === 'object' && value !== null
        const values = isObj ? Object.keys(value).map((k) => `${k}: ${value[k]}`) : null

        const valuesElement = htmlToElements(
            values ? `<ul>${values.map((val) => `<li>${val}</li>`).join('')}<ul>` : `<div>${value}</div>`)[0]
        const td = findAll('td', envRow)
        td[0].textContent = key
        td[1].appendChild(valuesElement)

        return envRow
    },
    getResultTBody: ({ testId, id, log, extras, resultsTableRow, tableHtml, result, collapsed }) => {
        const resultBody = templateResult.content.cloneNode(true)
        resultBody.querySelector('tbody').classList.add(result.toLowerCase())
        resultBody.querySelector('tbody').id = testId
        resultBody.querySelector('.collapsible').dataset.id = id

        resultsTableRow.forEach((html) => {
            const t = document.createElement('template')
            t.innerHTML = html
            resultBody.querySelector('.collapsible').appendChild(t.content)
        })

        if (log) {
            // Wrap lines starting with "E" with span.error to color those lines red
            const wrappedLog = log.replace(/^E.*$/gm, (match) => `<span class="error">${match}</span>`)
            resultBody.querySelector('.log').innerHTML = wrappedLog
        } else {
            resultBody.querySelector('.log').remove()
        }

        if (collapsed) {
            resultBody.querySelector('.collapsible > td')?.classList.add('collapsed')
            resultBody.querySelector('.extras-row').classList.add('hidden')
        } else {
            resultBody.querySelector('.collapsible > td')?.classList.remove('collapsed')
        }

        const media = []
        extras?.forEach(({ name, format_type, content }) => {
            if (['image', 'video'].includes(format_type)) {
                media.push({ path: content, name, format_type })
            }

            if (format_type === 'html') {
                resultBody.querySelector('.extraHTML').insertAdjacentHTML('beforeend', `<div>${content}</div>`)
            }
        })
        mediaViewer.setup(resultBody, media)

        // Add custom html from the pytest_html_results_table_html hook
        tableHtml?.forEach((item) => {
            resultBody.querySelector('td[class="extra"]').insertAdjacentHTML('beforeend', item)
        })

        return resultBody
    },
}

module.exports = {
    dom,
    htmlToElements,
    find,
    findAll,
}

},{"./mediaviewer.js":6}],3:[function(require,module,exports){
const { manager } = require('./datamanager.js')
const { doSort } = require('./sort.js')
const storageModule = require('./storage.js')

const getFilteredSubSet = (filter) =>
    manager.allData.tests.filter(({ result }) => filter.includes(result.toLowerCase()))

const doInitFilter = () => {
    const currentFilter = storageModule.getVisible()
    const filteredSubset = getFilteredSubSet(currentFilter)
    manager.setRender(filteredSubset)
}

const doFilter = (type, show) => {
    if (show) {
        storageModule.showCategory(type)
    } else {
        storageModule.hideCategory(type)
    }

    const currentFilter = storageModule.getVisible()
    const filteredSubset = getFilteredSubSet(currentFilter)
    manager.setRender(filteredSubset)

    const sortColumn = storageModule.getSort()
    doSort(sortColumn, true)
}

module.exports = {
    doFilter,
    doInitFilter,
}

},{"./datamanager.js":1,"./sort.js":7,"./storage.js":8}],4:[function(require,module,exports){
const { redraw, bindEvents, renderStatic } = require('./main.js')
const { doInitFilter } = require('./filter.js')
const { doInitSort } = require('./sort.js')
const { manager } = require('./datamanager.js')
const data = JSON.parse(document.getElementById('data-container').dataset.jsonblob)

function init() {
    manager.setManager(data)
    doInitFilter()
    doInitSort()
    renderStatic()
    redraw()
    bindEvents()
}

init()

},{"./datamanager.js":1,"./filter.js":3,"./main.js":5,"./sort.js":7}],5:[function(require,module,exports){
const { dom, find, findAll } = require('./dom.js')
const { manager } = require('./datamanager.js')
const { doSort } = require('./sort.js')
const { doFilter } = require('./filter.js')
const {
    getVisible,
    getCollapsedIds,
    setCollapsedIds,
    getSort,
    getSortDirection,
    possibleFilters,
} = require('./storage.js')

const removeChildren = (node) => {
    while (node.firstChild) {
        node.removeChild(node.firstChild)
    }
}

const renderStatic = () => {
    const renderEnvironmentTable = () => {
        const environment = manager.environment
        const rows = Object.keys(environment).map((key) => dom.getStaticRow(key, environment[key]))
        const table = document.getElementById('environment')
        removeChildren(table)
        rows.forEach((row) => table.appendChild(row))
    }
    renderEnvironmentTable()
}

const addItemToggleListener = (elem) => {
    elem.addEventListener('click', ({ target }) => {
        const id = target.parentElement.dataset.id
        manager.toggleCollapsedItem(id)

        const collapsedIds = getCollapsedIds()
        if (collapsedIds.includes(id)) {
            const updated = collapsedIds.filter((item) => item !== id)
            setCollapsedIds(updated)
        } else {
            collapsedIds.push(id)
            setCollapsedIds(collapsedIds)
        }
        redraw()
    })
}

const renderContent = (tests) => {
    const sortAttr = getSort(manager.initialSort)
    const sortAsc = JSON.parse(getSortDirection())
    const rows = tests.map(dom.getResultTBody)
    const table = document.getElementById('results-table')
    const tableHeader = document.getElementById('results-table-head')

    const newTable = document.createElement('table')
    newTable.id = 'results-table'

    // remove all sorting classes and set the relevant
    findAll('.sortable', tableHeader).forEach((elem) => elem.classList.remove('asc', 'desc'))
    tableHeader.querySelector(`.sortable[data-column-type="${sortAttr}"]`)?.classList.add(sortAsc ? 'desc' : 'asc')
    newTable.appendChild(tableHeader)

    if (!rows.length) {
        const emptyTable = document.getElementById('template_results-table__body--empty').content.cloneNode(true)
        newTable.appendChild(emptyTable)
    } else {
        rows.forEach((row) => {
            if (!!row) {
                findAll('.collapsible td:not(.col-links', row).forEach(addItemToggleListener)
                find('.logexpander', row).addEventListener('click',
                    (evt) => evt.target.parentNode.classList.toggle('expanded'),
                )
                newTable.appendChild(row)
            }
        })
    }

    table.replaceWith(newTable)
}

const renderDerived = () => {
    const currentFilter = getVisible()
    possibleFilters.forEach((result) => {
        const input = document.querySelector(`input[data-test-result="${result}"]`)
        input.checked = currentFilter.includes(result)
    })
}

const bindEvents = () => {
    const filterColumn = (evt) => {
        const { target: element } = evt
        const { testResult } = element.dataset

        doFilter(testResult, element.checked)
        const collapsedIds = getCollapsedIds()
        const updated = manager.renderData.tests.map((test) => {
            return {
                ...test,
                collapsed: collapsedIds.includes(test.id),
            }
        })
        manager.setRender(updated)
        redraw()
    }

    const header = document.getElementById('environment-header')
    header.addEventListener('click', () => {
        const table = document.getElementById('environment')
        table.classList.toggle('hidden')
        header.classList.toggle('collapsed')
    })

    findAll('input[name="filter_checkbox"]').forEach((elem) => {
        elem.addEventListener('click', filterColumn)
    })

    findAll('.sortable').forEach((elem) => {
        elem.addEventListener('click', (evt) => {
            const { target: element } = evt
            const { columnType } = element.dataset
            doSort(columnType)
            redraw()
        })
    })

    document.getElementById('show_all_details').addEventListener('click', () => {
        manager.allCollapsed = false
        setCollapsedIds([])
        redraw()
    })
    document.getElementById('hide_all_details').addEventListener('click', () => {
        manager.allCollapsed = true
        const allIds = manager.renderData.tests.map((test) => test.id)
        setCollapsedIds(allIds)
        redraw()
    })
}

const redraw = () => {
    const { testSubset } = manager

    renderContent(testSubset)
    renderDerived()
}

module.exports = {
    redraw,
    bindEvents,
    renderStatic,
}

},{"./datamanager.js":1,"./dom.js":2,"./filter.js":3,"./sort.js":7,"./storage.js":8}],6:[function(require,module,exports){
class MediaViewer {
    constructor(assets) {
        this.assets = assets
        this.index = 0
    }

    nextActive() {
        this.index = this.index === this.assets.length - 1 ? 0 : this.index + 1
        return [this.activeFile, this.index]
    }

    prevActive() {
        this.index = this.index === 0 ? this.assets.length - 1 : this.index -1
        return [this.activeFile, this.index]
    }

    get currentIndex() {
        return this.index
    }

    get activeFile() {
        return this.assets[this.index]
    }
}


const setup = (resultBody, assets) => {
    if (!assets.length) {
        resultBody.querySelector('.media').classList.add('hidden')
        return
    }

    const mediaViewer = new MediaViewer(assets)
    const container = resultBody.querySelector('.media-container')
    const leftArrow = resultBody.querySelector('.media-container__nav--left')
    const rightArrow = resultBody.querySelector('.media-container__nav--right')
    const mediaName = resultBody.querySelector('.media__name')
    const counter = resultBody.querySelector('.media__counter')
    const imageEl = resultBody.querySelector('img')
    const sourceEl = resultBody.querySelector('source')
    const videoEl = resultBody.querySelector('video')

    const setImg = (media, index) => {
        if (media?.format_type === 'image') {
            imageEl.src = media.path

            imageEl.classList.remove('hidden')
            videoEl.classList.add('hidden')
        } else if (media?.format_type === 'video') {
            sourceEl.src = media.path

            videoEl.classList.remove('hidden')
            imageEl.classList.add('hidden')
        }

        mediaName.innerText = media?.name
        counter.innerText = `${index + 1} / ${assets.length}`
    }
    setImg(mediaViewer.activeFile, mediaViewer.currentIndex)

    const moveLeft = () => {
        const [media, index] = mediaViewer.prevActive()
        setImg(media, index)
    }
    const doRight = () => {
        const [media, index] = mediaViewer.nextActive()
        setImg(media, index)
    }
    const openImg = () => {
        window.open(mediaViewer.activeFile.path, '_blank')
    }
    if (assets.length === 1) {
        container.classList.add('media-container--fullscreen')
    } else {
        leftArrow.addEventListener('click', moveLeft)
        rightArrow.addEventListener('click', doRight)
    }
    imageEl.addEventListener('click', openImg)
}

module.exports = {
    setup,
}

},{}],7:[function(require,module,exports){
const { manager } = require('./datamanager.js')
const storageModule = require('./storage.js')

const genericSort = (list, key, ascending, customOrder) => {
    let sorted
    if (customOrder) {
        sorted = list.sort((a, b) => {
            const aValue = a.result.toLowerCase()
            const bValue = b.result.toLowerCase()

            const aIndex = customOrder.findIndex((item) => item.toLowerCase() === aValue)
            const bIndex = customOrder.findIndex((item) => item.toLowerCase() === bValue)

            // Compare the indices to determine the sort order
            return aIndex - bIndex
        })
    } else {
        sorted = list.sort((a, b) => a[key] === b[key] ? 0 : a[key] > b[key] ? 1 : -1)
    }

    if (ascending) {
        sorted.reverse()
    }
    return sorted
}

const durationSort = (list, ascending) => {
    const parseDuration = (duration) => {
        if (duration.includes(':')) {
            // If it's in the format "HH:mm:ss"
            const [hours, minutes, seconds] = duration.split(':').map(Number)
            return (hours * 3600 + minutes * 60 + seconds) * 1000
        } else {
            // If it's in the format "nnn ms"
            return parseInt(duration)
        }
    }
    const sorted = list.sort((a, b) => parseDuration(a['duration']) - parseDuration(b['duration']))
    if (ascending) {
        sorted.reverse()
    }
    return sorted
}

const doInitSort = () => {
    const type = storageModule.getSort(manager.initialSort)
    const ascending = storageModule.getSortDirection()
    const list = manager.testSubset
    const initialOrder = ['Error', 'Failed', 'Rerun', 'XFailed', 'XPassed', 'Skipped', 'Passed']

    storageModule.setSort(type)
    storageModule.setSortDirection(ascending)

    if (type?.toLowerCase() === 'original') {
        manager.setRender(list)
    } else {
        let sortedList
        switch (type) {
        case 'duration':
            sortedList = durationSort(list, ascending)
            break
        case 'result':
            sortedList = genericSort(list, type, ascending, initialOrder)
            break
        default:
            sortedList = genericSort(list, type, ascending)
            break
        }
        manager.setRender(sortedList)
    }
}

const doSort = (type, skipDirection) => {
    const newSortType = storageModule.getSort(manager.initialSort) !== type
    const currentAsc = storageModule.getSortDirection()
    let ascending
    if (skipDirection) {
        ascending = currentAsc
    } else {
        ascending = newSortType ? false : !currentAsc
    }
    storageModule.setSort(type)
    storageModule.setSortDirection(ascending)

    const list = manager.testSubset
    const sortedList = type === 'duration' ? durationSort(list, ascending) : genericSort(list, type, ascending)
    manager.setRender(sortedList)
}

module.exports = {
    doInitSort,
    doSort,
}

},{"./datamanager.js":1,"./storage.js":8}],8:[function(require,module,exports){
const possibleFilters = [
    'passed',
    'skipped',
    'failed',
    'error',
    'xfailed',
    'xpassed',
    'rerun',
]

const getVisible = () => {
    const url = new URL(window.location.href)
    const settings = new URLSearchParams(url.search).get('visible')
    const lower = (item) => {
        const lowerItem = item.toLowerCase()
        if (possibleFilters.includes(lowerItem)) {
            return lowerItem
        }
        return null
    }
    return settings === null ?
        possibleFilters :
        [...new Set(settings?.split(',').map(lower).filter((item) => item))]
}

const hideCategory = (categoryToHide) => {
    const url = new URL(window.location.href)
    const visibleParams = new URLSearchParams(url.search).get('visible')
    const currentVisible = visibleParams ? visibleParams.split(',') : [...possibleFilters]
    const settings = [...new Set(currentVisible)].filter((f) => f !== categoryToHide).join(',')

    url.searchParams.set('visible', settings)
    window.history.pushState({}, null, unescape(url.href))
}

const showCategory = (categoryToShow) => {
    if (typeof window === 'undefined') {
        return
    }
    const url = new URL(window.location.href)
    const currentVisible = new URLSearchParams(url.search).get('visible')?.split(',').filter(Boolean) ||
        [...possibleFilters]
    const settings = [...new Set([categoryToShow, ...currentVisible])]
    const noFilter = possibleFilters.length === settings.length || !settings.length

    noFilter ? url.searchParams.delete('visible') : url.searchParams.set('visible', settings.join(','))
    window.history.pushState({}, null, unescape(url.href))
}

const getSort = (initialSort) => {
    const url = new URL(window.location.href)
    let sort = new URLSearchParams(url.search).get('sort')
    if (!sort) {
        sort = initialSort || 'result'
    }
    return sort
}

const setSort = (type) => {
    const url = new URL(window.location.href)
    url.searchParams.set('sort', type)
    window.history.pushState({}, null, unescape(url.href))
}

const getCollapsedCategory = (renderCollapsed) => {
    let categories
    if (typeof window !== 'undefined') {
        const url = new URL(window.location.href)
        const collapsedItems = new URLSearchParams(url.search).get('collapsed')
        switch (true) {
        case !renderCollapsed && collapsedItems === null:
            categories = ['passed']
            break
        case collapsedItems?.length === 0 || /^["']{2}$/.test(collapsedItems):
            categories = []
            break
        case /^all$/.test(collapsedItems) || collapsedItems === null && /^all$/.test(renderCollapsed):
            categories = [...possibleFilters]
            break
        default:
            categories = collapsedItems?.split(',').map((item) => item.toLowerCase()) || renderCollapsed
            break
        }
    } else {
        categories = []
    }
    return categories
}

const getSortDirection = () => JSON.parse(sessionStorage.getItem('sortAsc')) || false
const setSortDirection = (ascending) => sessionStorage.setItem('sortAsc', ascending)

const getCollapsedIds = () => JSON.parse(sessionStorage.getItem('collapsedIds')) || []
const setCollapsedIds = (list) => sessionStorage.setItem('collapsedIds', JSON.stringify(list))

module.exports = {
    getVisible,
    hideCategory,
    showCategory,
    getCollapsedIds,
    setCollapsedIds,
    getSort,
    setSort,
    getSortDirection,
    setSortDirection,
    getCollapsedCategory,
    possibleFilters,
}

},{}]},{},[4]);
    </script>
  </footer>
</html>